{"/Users/brian/myRewards/pipeline/lambda/cloudWatch/squareTokenUpdater.ts": {"path":"/Users/brian/myRewards/pipeline/lambda/cloudWatch/squareTokenUpdater.ts","statementMap":{"0":{"start":{"line":1,"column":0},"end":{"line":1,"column":58}},"1":{"start":{"line":2,"column":0},"end":{"line":2,"column":129}},"2":{"start":{"line":3,"column":0},"end":{"line":3,"column":33}},"3":{"start":{"line":4,"column":0},"end":{"line":4,"column":56}},"4":{"start":{"line":5,"column":0},"end":{"line":5,"column":53}},"5":{"start":{"line":7,"column":21},"end":{"line":7,"column":43}},"6":{"start":{"line":8,"column":17},"end":{"line":8,"column":58}},"7":{"start":{"line":17,"column":23},"end":{"line":106,"column":1}},"8":{"start":{"line":18,"column":4},"end":{"line":105,"column":5}},"9":{"start":{"line":19,"column":25},"end":{"line":19,"column":46}},"10":{"start":{"line":20,"column":32},"end":{"line":20,"column":54}},"11":{"start":{"line":21,"column":25},"end":{"line":21,"column":47}},"12":{"start":{"line":22,"column":24},"end":{"line":22,"column":43}},"13":{"start":{"line":24,"column":8},"end":{"line":35,"column":9}},"14":{"start":{"line":26,"column":12},"end":{"line":29,"column":14}},"15":{"start":{"line":31,"column":12},"end":{"line":34,"column":14}},"16":{"start":{"line":37,"column":20},"end":{"line":37,"column":30}},"17":{"start":{"line":38,"column":39},"end":{"line":38,"column":86}},"18":{"start":{"line":39,"column":27},"end":{"line":39,"column":63}},"19":{"start":{"line":41,"column":29},"end":{"line":41,"column":69}},"20":{"start":{"line":43,"column":27},"end":{"line":49,"column":10}},"21":{"start":{"line":51,"column":31},"end":{"line":51,"column":62}},"22":{"start":{"line":52,"column":30},"end":{"line":52,"column":59}},"23":{"start":{"line":54,"column":23},"end":{"line":56,"column":10}},"24":{"start":{"line":58,"column":31},"end":{"line":91,"column":10}},"25":{"start":{"line":59,"column":12},"end":{"line":59,"column":62}},"26":{"start":{"line":59,"column":55},"end":{"line":59,"column":62}},"27":{"start":{"line":61,"column":43},"end":{"line":61,"column":53}},"28":{"start":{"line":62,"column":12},"end":{"line":62,"column":84}},"29":{"start":{"line":64,"column":12},"end":{"line":90,"column":13}},"30":{"start":{"line":65,"column":33},"end":{"line":70,"column":18}},"31":{"start":{"line":72,"column":16},"end":{"line":87,"column":17}},"32":{"start":{"line":73,"column":46},"end":{"line":73,"column":86}},"33":{"start":{"line":75,"column":41},"end":{"line":84,"column":22}},"34":{"start":{"line":86,"column":20},"end":{"line":86,"column":54}},"35":{"start":{"line":89,"column":16},"end":{"line":89,"column":91}},"36":{"start":{"line":93,"column":8},"end":{"line":93,"column":42}},"37":{"start":{"line":95,"column":8},"end":{"line":98,"column":10}},"38":{"start":{"line":100,"column":8},"end":{"line":100,"column":63}},"39":{"start":{"line":101,"column":8},"end":{"line":104,"column":10}},"40":{"start":{"line":17,"column":13},"end":{"line":17,"column":23}}},"fnMap":{"0":{"name":"(anonymous_0)","decl":{"start":{"line":17,"column":23},"end":{"line":17,"column":28}},"loc":{"start":{"line":17,"column":34},"end":{"line":106,"column":1}}},"1":{"name":"(anonymous_1)","decl":{"start":{"line":58,"column":49},"end":{"line":58,"column":54}},"loc":{"start":{"line":58,"column":63},"end":{"line":91,"column":9}}}},"branchMap":{"0":{"loc":{"start":{"line":24,"column":8},"end":{"line":35,"column":9}},"type":"switch","locations":[{"start":{"line":25,"column":10},"end":{"line":29,"column":14}},{"start":{"line":30,"column":10},"end":{"line":34,"column":14}}]},"1":{"loc":{"start":{"line":25,"column":15},"end":{"line":25,"column":43}},"type":"binary-expr","locations":[{"start":{"line":25,"column":15},"end":{"line":25,"column":31}},{"start":{"line":25,"column":35},"end":{"line":25,"column":43}}]},"2":{"loc":{"start":{"line":51,"column":16},"end":{"line":51,"column":26}},"type":"default-arg","locations":[{"start":{"line":51,"column":24},"end":{"line":51,"column":26}}]},"3":{"loc":{"start":{"line":55,"column":25},"end":{"line":55,"column":115}},"type":"cond-expr","locations":[{"start":{"line":55,"column":45},"end":{"line":55,"column":80}},{"start":{"line":55,"column":83},"end":{"line":55,"column":115}}]},"4":{"loc":{"start":{"line":59,"column":12},"end":{"line":59,"column":62}},"type":"if","locations":[{"start":{"line":59,"column":12},"end":{"line":59,"column":62}}]},"5":{"loc":{"start":{"line":59,"column":16},"end":{"line":59,"column":53}},"type":"binary-expr","locations":[{"start":{"line":59,"column":16},"end":{"line":59,"column":31}},{"start":{"line":59,"column":35},"end":{"line":59,"column":53}}]},"6":{"loc":{"start":{"line":72,"column":16},"end":{"line":87,"column":17}},"type":"if","locations":[{"start":{"line":72,"column":16},"end":{"line":87,"column":17}}]},"7":{"loc":{"start":{"line":72,"column":20},"end":{"line":72,"column":99}},"type":"binary-expr","locations":[{"start":{"line":72,"column":20},"end":{"line":72,"column":40}},{"start":{"line":72,"column":44},"end":{"line":72,"column":74}},{"start":{"line":72,"column":78},"end":{"line":72,"column":99}}]}},"s":{"0":1,"1":1,"2":1,"3":1,"4":1,"5":1,"6":1,"7":1,"8":7,"9":7,"10":7,"11":7,"12":7,"13":7,"14":1,"15":1,"16":5,"17":5,"18":5,"19":5,"20":5,"21":5,"22":5,"23":5,"24":5,"25":6,"26":2,"27":4,"28":4,"29":4,"30":4,"31":3,"32":3,"33":3,"34":3,"35":1,"36":5,"37":5,"38":0,"39":0,"40":1},"f":{"0":7,"1":6},"b":{"0":[1,1],"1":[7,6],"2":[0],"3":[1,4],"4":[2],"5":[6,5],"6":[3],"7":[3,3,3]}}
,"/Users/brian/myRewards/pipeline/lambda/constants/square.ts": {"path":"/Users/brian/myRewards/pipeline/lambda/constants/square.ts","statementMap":{"0":{"start":{"line":1,"column":0},"end":{"line":1,"column":92}},"1":{"start":{"line":2,"column":21},"end":{"line":2,"column":70}},"2":{"start":{"line":4,"column":33},"end":{"line":17,"column":1}},"3":{"start":{"line":5,"column":17},"end":{"line":5,"column":92}},"4":{"start":{"line":7,"column":4},"end":{"line":9,"column":5}},"5":{"start":{"line":8,"column":8},"end":{"line":8,"column":68}},"6":{"start":{"line":11,"column":19},"end":{"line":11,"column":48}},"7":{"start":{"line":13,"column":4},"end":{"line":16,"column":6}},"8":{"start":{"line":4,"column":13},"end":{"line":4,"column":33}}},"fnMap":{"0":{"name":"(anonymous_0)","decl":{"start":{"line":4,"column":33},"end":{"line":4,"column":38}},"loc":{"start":{"line":4,"column":101},"end":{"line":17,"column":1}}}},"branchMap":{"0":{"loc":{"start":{"line":7,"column":4},"end":{"line":9,"column":5}},"type":"if","locations":[{"start":{"line":7,"column":4},"end":{"line":9,"column":5}}]}},"s":{"0":2,"1":2,"2":2,"3":6,"4":5,"5":1,"6":4,"7":3,"8":2},"f":{"0":6},"b":{"0":[1]}}
,"/Users/brian/myRewards/pipeline/lambda/constants/validOrganization.ts": {"path":"/Users/brian/myRewards/pipeline/lambda/constants/validOrganization.ts","statementMap":{"0":{"start":{"line":1,"column":0},"end":{"line":1,"column":94}},"1":{"start":{"line":4,"column":21},"end":{"line":4,"column":70}},"2":{"start":{"line":6,"column":20},"end":{"line":21,"column":1}},"3":{"start":{"line":7,"column":29},"end":{"line":7,"column":72}},"4":{"start":{"line":8,"column":26},"end":{"line":12,"column":6}},"5":{"start":{"line":15,"column":4},"end":{"line":17,"column":70}},"6":{"start":{"line":19,"column":4},"end":{"line":19,"column":71}},"7":{"start":{"line":6,"column":13},"end":{"line":6,"column":20}},"8":{"start":{"line":23,"column":31},"end":{"line":32,"column":1}},"9":{"start":{"line":24,"column":17},"end":{"line":24,"column":92}},"10":{"start":{"line":26,"column":4},"end":{"line":28,"column":5}},"11":{"start":{"line":27,"column":8},"end":{"line":27,"column":68}},"12":{"start":{"line":30,"column":19},"end":{"line":30,"column":48}},"13":{"start":{"line":31,"column":4},"end":{"line":31,"column":28}},"14":{"start":{"line":23,"column":13},"end":{"line":23,"column":31}}},"fnMap":{"0":{"name":"(anonymous_0)","decl":{"start":{"line":6,"column":20},"end":{"line":6,"column":25}},"loc":{"start":{"line":6,"column":79},"end":{"line":21,"column":1}}},"1":{"name":"(anonymous_1)","decl":{"start":{"line":23,"column":31},"end":{"line":23,"column":36}},"loc":{"start":{"line":23,"column":82},"end":{"line":32,"column":1}}}},"branchMap":{"0":{"loc":{"start":{"line":15,"column":4},"end":{"line":17,"column":70}},"type":"binary-expr","locations":[{"start":{"line":15,"column":4},"end":{"line":15,"column":30}},{"start":{"line":16,"column":5},"end":{"line":16,"column":83}},{"start":{"line":17,"column":5},"end":{"line":17,"column":69}}]},"1":{"loc":{"start":{"line":19,"column":12},"end":{"line":19,"column":69}},"type":"binary-expr","locations":[{"start":{"line":19,"column":12},"end":{"line":19,"column":35}},{"start":{"line":19,"column":39},"end":{"line":19,"column":69}}]},"2":{"loc":{"start":{"line":26,"column":4},"end":{"line":28,"column":5}},"type":"if","locations":[{"start":{"line":26,"column":4},"end":{"line":28,"column":5}}]}},"s":{"0":2,"1":2,"2":2,"3":7,"4":6,"5":6,"6":6,"7":2,"8":2,"9":5,"10":4,"11":1,"12":3,"13":2,"14":2},"f":{"0":7,"1":5},"b":{"0":[6,5,2],"1":[6,4],"2":[1]}}
,"/Users/brian/myRewards/pipeline/lambda/likes/setLike.ts": {"path":"/Users/brian/myRewards/pipeline/lambda/likes/setLike.ts","statementMap":{"0":{"start":{"line":1,"column":0},"end":{"line":1,"column":58}},"1":{"start":{"line":2,"column":0},"end":{"line":2,"column":90}},"2":{"start":{"line":4,"column":0},"end":{"line":4,"column":53}},"3":{"start":{"line":6,"column":15},"end":{"line":6,"column":37}},"4":{"start":{"line":7,"column":17},"end":{"line":7,"column":52}},"5":{"start":{"line":9,"column":23},"end":{"line":67,"column":1}},"6":{"start":{"line":10,"column":23},"end":{"line":10,"column":46}},"7":{"start":{"line":11,"column":19},"end":{"line":11,"column":62}},"8":{"start":{"line":12,"column":24},"end":{"line":12,"column":50}},"9":{"start":{"line":14,"column":4},"end":{"line":21,"column":5}},"10":{"start":{"line":16,"column":12},"end":{"line":16,"column":119}},"11":{"start":{"line":18,"column":12},"end":{"line":18,"column":111}},"12":{"start":{"line":20,"column":12},"end":{"line":20,"column":129}},"13":{"start":{"line":23,"column":4},"end":{"line":66,"column":5}},"14":{"start":{"line":24,"column":26},"end":{"line":30,"column":10}},"15":{"start":{"line":32,"column":25},"end":{"line":32,"column":55}},"16":{"start":{"line":34,"column":33},"end":{"line":34,"column":63}},"17":{"start":{"line":36,"column":29},"end":{"line":48,"column":10}},"18":{"start":{"line":50,"column":31},"end":{"line":50,"column":64}},"19":{"start":{"line":52,"column":8},"end":{"line":58,"column":10}},"20":{"start":{"line":61,"column":8},"end":{"line":61,"column":39}},"21":{"start":{"line":62,"column":8},"end":{"line":65,"column":10}},"22":{"start":{"line":9,"column":13},"end":{"line":9,"column":23}}},"fnMap":{"0":{"name":"(anonymous_0)","decl":{"start":{"line":9,"column":23},"end":{"line":9,"column":28}},"loc":{"start":{"line":9,"column":61},"end":{"line":67,"column":1}}}},"branchMap":{"0":{"loc":{"start":{"line":12,"column":24},"end":{"line":12,"column":50}},"type":"binary-expr","locations":[{"start":{"line":12,"column":24},"end":{"line":12,"column":44}},{"start":{"line":12,"column":48},"end":{"line":12,"column":50}}]},"1":{"loc":{"start":{"line":14,"column":4},"end":{"line":21,"column":5}},"type":"switch","locations":[{"start":{"line":15,"column":8},"end":{"line":16,"column":119}},{"start":{"line":17,"column":8},"end":{"line":18,"column":111}},{"start":{"line":19,"column":8},"end":{"line":20,"column":129}}]},"2":{"loc":{"start":{"line":34,"column":33},"end":{"line":34,"column":63}},"type":"cond-expr","locations":[{"start":{"line":34,"column":40},"end":{"line":34,"column":56}},{"start":{"line":34,"column":59},"end":{"line":34,"column":63}}]},"3":{"loc":{"start":{"line":55,"column":33},"end":{"line":55,"column":71}},"type":"cond-expr","locations":[{"start":{"line":55,"column":52},"end":{"line":55,"column":59}},{"start":{"line":55,"column":62},"end":{"line":55,"column":71}}]}},"s":{"0":1,"1":1,"2":1,"3":1,"4":1,"5":1,"6":5,"7":5,"8":5,"9":5,"10":1,"11":1,"12":1,"13":2,"14":2,"15":2,"16":2,"17":2,"18":2,"19":2,"20":0,"21":0,"22":1},"f":{"0":5},"b":{"0":[5,1],"1":[1,1,1],"2":[1,1],"3":[1,1]}}
,"/Users/brian/myRewards/pipeline/lambda/organization/getAccount.ts": {"path":"/Users/brian/myRewards/pipeline/lambda/organization/getAccount.ts","statementMap":{"0":{"start":{"line":1,"column":0},"end":{"line":1,"column":null}},"1":{"start":{"line":6,"column":0},"end":{"line":6,"column":null}},"2":{"start":{"line":12,"column":0},"end":{"line":12,"column":53}},"3":{"start":{"line":14,"column":21},"end":{"line":14,"column":43}},"4":{"start":{"line":15,"column":17},"end":{"line":15,"column":58}},"5":{"start":{"line":17,"column":23},"end":{"line":106,"column":1}},"6":{"start":{"line":20,"column":2},"end":{"line":105,"column":3}},"7":{"start":{"line":21,"column":20},"end":{"line":21,"column":64}},"8":{"start":{"line":22,"column":21},"end":{"line":22,"column":42}},"9":{"start":{"line":23,"column":22},"end":{"line":23,"column":44}},"10":{"start":{"line":25,"column":4},"end":{"line":30,"column":5}},"11":{"start":{"line":26,"column":6},"end":{"line":29,"column":8}},"12":{"start":{"line":32,"column":4},"end":{"line":37,"column":5}},"13":{"start":{"line":33,"column":6},"end":{"line":36,"column":8}},"14":{"start":{"line":39,"column":20},"end":{"line":42,"column":6}},"15":{"start":{"line":44,"column":17},"end":{"line":44,"column":45}},"16":{"start":{"line":46,"column":4},"end":{"line":51,"column":5}},"17":{"start":{"line":47,"column":6},"end":{"line":50,"column":8}},"18":{"start":{"line":53,"column":18},"end":{"line":53,"column":53}},"19":{"start":{"line":55,"column":4},"end":{"line":60,"column":5}},"20":{"start":{"line":56,"column":6},"end":{"line":59,"column":8}},"21":{"start":{"line":62,"column":19},"end":{"line":65,"column":6}},"22":{"start":{"line":67,"column":16},"end":{"line":67,"column":43}},"23":{"start":{"line":69,"column":4},"end":{"line":74,"column":5}},"24":{"start":{"line":70,"column":6},"end":{"line":73,"column":8}},"25":{"start":{"line":76,"column":4},"end":{"line":81,"column":5}},"26":{"start":{"line":77,"column":6},"end":{"line":80,"column":8}},"27":{"start":{"line":83,"column":18},"end":{"line":83,"column":47}},"28":{"start":{"line":85,"column":4},"end":{"line":101,"column":6}},"29":{"start":{"line":103,"column":4},"end":{"line":103,"column":57}},"30":{"start":{"line":104,"column":4},"end":{"line":104,"column":64}},"31":{"start":{"line":17,"column":13},"end":{"line":17,"column":23}}},"fnMap":{"0":{"name":"(anonymous_0)","decl":{"start":{"line":17,"column":23},"end":{"line":17,"column":28}},"loc":{"start":{"line":19,"column":36},"end":{"line":106,"column":1}}}},"branchMap":{"0":{"loc":{"start":{"line":25,"column":4},"end":{"line":30,"column":5}},"type":"if","locations":[{"start":{"line":25,"column":4},"end":{"line":30,"column":5}}]},"1":{"loc":{"start":{"line":25,"column":8},"end":{"line":25,"column":31}},"type":"binary-expr","locations":[{"start":{"line":25,"column":8},"end":{"line":25,"column":18}},{"start":{"line":25,"column":22},"end":{"line":25,"column":31}}]},"2":{"loc":{"start":{"line":32,"column":4},"end":{"line":37,"column":5}},"type":"if","locations":[{"start":{"line":32,"column":4},"end":{"line":37,"column":5}}]},"3":{"loc":{"start":{"line":46,"column":4},"end":{"line":51,"column":5}},"type":"if","locations":[{"start":{"line":46,"column":4},"end":{"line":51,"column":5}}]},"4":{"loc":{"start":{"line":53,"column":18},"end":{"line":53,"column":53}},"type":"cond-expr","locations":[{"start":{"line":53,"column":30},"end":{"line":53,"column":46}},{"start":{"line":53,"column":49},"end":{"line":53,"column":53}}]},"5":{"loc":{"start":{"line":55,"column":4},"end":{"line":60,"column":5}},"type":"if","locations":[{"start":{"line":55,"column":4},"end":{"line":60,"column":5}}]},"6":{"loc":{"start":{"line":69,"column":4},"end":{"line":74,"column":5}},"type":"if","locations":[{"start":{"line":69,"column":4},"end":{"line":74,"column":5}}]},"7":{"loc":{"start":{"line":76,"column":4},"end":{"line":81,"column":5}},"type":"if","locations":[{"start":{"line":76,"column":4},"end":{"line":81,"column":5}}]}},"s":{"0":1,"1":1,"2":1,"3":1,"4":1,"5":1,"6":10,"7":10,"8":10,"9":10,"10":10,"11":2,"12":8,"13":1,"14":7,"15":7,"16":6,"17":1,"18":4,"19":4,"20":1,"21":3,"22":3,"23":3,"24":1,"25":2,"26":1,"27":1,"28":1,"29":2,"30":2,"31":1},"f":{"0":10},"b":{"0":[2],"1":[10,9],"2":[1],"3":[1],"4":[4,0],"5":[1],"6":[1],"7":[1]}}
,"/Users/brian/myRewards/pipeline/lambda/organization/getBilling.ts": {"path":"/Users/brian/myRewards/pipeline/lambda/organization/getBilling.ts","statementMap":{"0":{"start":{"line":1,"column":0},"end":{"line":1,"column":58}},"1":{"start":{"line":2,"column":0},"end":{"line":2,"column":75}},"2":{"start":{"line":4,"column":0},"end":{"line":4,"column":28}},"3":{"start":{"line":6,"column":0},"end":{"line":6,"column":65}},"4":{"start":{"line":7,"column":0},"end":{"line":7,"column":60}},"5":{"start":{"line":8,"column":0},"end":{"line":8,"column":53}},"6":{"start":{"line":10,"column":21},"end":{"line":10,"column":43}},"7":{"start":{"line":11,"column":17},"end":{"line":11,"column":58}},"8":{"start":{"line":21,"column":18},"end":{"line":138,"column":1}},"9":{"start":{"line":22,"column":4},"end":{"line":137,"column":7}},"10":{"start":{"line":24,"column":31},"end":{"line":28,"column":null}},"11":{"start":{"line":31,"column":33},"end":{"line":31,"column":76}},"12":{"start":{"line":33,"column":30},"end":{"line":37,"column":10}},"13":{"start":{"line":40,"column":8},"end":{"line":60,"column":9}},"14":{"start":{"line":41,"column":12},"end":{"line":59,"column":null}},"15":{"start":{"line":62,"column":29},"end":{"line":62,"column":50}},"16":{"start":{"line":64,"column":32},"end":{"line":67,"column":10}},"17":{"start":{"line":70,"column":29},"end":{"line":74,"column":10}},"18":{"start":{"line":77,"column":42},"end":{"line":77,"column":44}},"19":{"start":{"line":79,"column":8},"end":{"line":90,"column":9}},"20":{"start":{"line":80,"column":12},"end":{"line":89,"column":15}},"21":{"start":{"line":92,"column":35},"end":{"line":94,"column":56}},"22":{"start":{"line":94,"column":28},"end":{"line":94,"column":49}},"23":{"start":{"line":97,"column":8},"end":{"line":109,"column":11}},"24":{"start":{"line":98,"column":12},"end":{"line":108,"column":15}},"25":{"start":{"line":111,"column":8},"end":{"line":129,"column":10}},"26":{"start":{"line":132,"column":8},"end":{"line":132,"column":null}},"27":{"start":{"line":133,"column":8},"end":{"line":136,"column":null}},"28":{"start":{"line":140,"column":23},"end":{"line":223,"column":1}},"29":{"start":{"line":141,"column":4},"end":{"line":222,"column":5}},"30":{"start":{"line":142,"column":24},"end":{"line":142,"column":68}},"31":{"start":{"line":144,"column":25},"end":{"line":144,"column":46}},"32":{"start":{"line":145,"column":26},"end":{"line":145,"column":48}},"33":{"start":{"line":146,"column":26},"end":{"line":146,"column":48}},"34":{"start":{"line":148,"column":8},"end":{"line":152,"column":9}},"35":{"start":{"line":149,"column":44},"end":{"line":149,"column":125}},"36":{"start":{"line":150,"column":29},"end":{"line":150,"column":111}},"37":{"start":{"line":151,"column":31},"end":{"line":151,"column":113}},"38":{"start":{"line":154,"column":24},"end":{"line":161,"column":10}},"39":{"start":{"line":163,"column":27},"end":{"line":163,"column":55}},"40":{"start":{"line":165,"column":8},"end":{"line":167,"column":9}},"41":{"start":{"line":166,"column":12},"end":{"line":166,"column":97}},"42":{"start":{"line":169,"column":22},"end":{"line":169,"column":44}},"43":{"start":{"line":170,"column":28},"end":{"line":170,"column":55}},"44":{"start":{"line":172,"column":8},"end":{"line":174,"column":9}},"45":{"start":{"line":173,"column":12},"end":{"line":173,"column":89}},"46":{"start":{"line":176,"column":23},"end":{"line":183,"column":10}},"47":{"start":{"line":185,"column":20},"end":{"line":185,"column":47}},"48":{"start":{"line":187,"column":8},"end":{"line":189,"column":9}},"49":{"start":{"line":188,"column":12},"end":{"line":188,"column":114}},"50":{"start":{"line":191,"column":8},"end":{"line":193,"column":9}},"51":{"start":{"line":192,"column":12},"end":{"line":192,"column":119}},"52":{"start":{"line":196,"column":8},"end":{"line":199,"column":9}},"53":{"start":{"line":197,"column":12},"end":{"line":197,"column":63}},"54":{"start":{"line":198,"column":12},"end":{"line":198,"column":134}},"55":{"start":{"line":198,"column":34},"end":{"line":198,"column":134}},"56":{"start":{"line":201,"column":8},"end":{"line":204,"column":9}},"57":{"start":{"line":202,"column":12},"end":{"line":202,"column":85}},"58":{"start":{"line":203,"column":12},"end":{"line":203,"column":117}},"59":{"start":{"line":203,"column":25},"end":{"line":203,"column":117}},"60":{"start":{"line":206,"column":27},"end":{"line":206,"column":62}},"61":{"start":{"line":207,"column":8},"end":{"line":217,"column":12}},"62":{"start":{"line":220,"column":8},"end":{"line":220,"column":56}},"63":{"start":{"line":221,"column":8},"end":{"line":221,"column":93}},"64":{"start":{"line":140,"column":13},"end":{"line":140,"column":23}}},"fnMap":{"0":{"name":"(anonymous_0)","decl":{"start":{"line":21,"column":18},"end":{"line":21,"column":23}},"loc":{"start":{"line":21,"column":72},"end":{"line":138,"column":1}}},"1":{"name":"(anonymous_1)","decl":{"start":{"line":94,"column":18},"end":{"line":94,"column":19}},"loc":{"start":{"line":94,"column":28},"end":{"line":94,"column":49}}},"2":{"name":"(anonymous_2)","decl":{"start":{"line":97,"column":35},"end":{"line":97,"column":36}},"loc":{"start":{"line":97,"column":47},"end":{"line":109,"column":9}}},"3":{"name":"(anonymous_3)","decl":{"start":{"line":140,"column":23},"end":{"line":140,"column":28}},"loc":{"start":{"line":140,"column":93},"end":{"line":223,"column":1}}}},"branchMap":{"0":{"loc":{"start":{"line":40,"column":8},"end":{"line":60,"column":9}},"type":"if","locations":[{"start":{"line":40,"column":8},"end":{"line":60,"column":9}}]},"1":{"loc":{"start":{"line":40,"column":11},"end":{"line":40,"column":61}},"type":"binary-expr","locations":[{"start":{"line":40,"column":11},"end":{"line":40,"column":25}},{"start":{"line":40,"column":29},"end":{"line":40,"column":61}}]},"2":{"loc":{"start":{"line":46,"column":39},"end":{"line":50,"column":26}},"type":"cond-expr","locations":[{"start":{"line":47,"column":23},"end":{"line":49,"column":93}},{"start":{"line":50,"column":22},"end":{"line":50,"column":26}}]},"3":{"loc":{"start":{"line":46,"column":40},"end":{"line":46,"column":86}},"type":"binary-expr","locations":[{"start":{"line":46,"column":40},"end":{"line":46,"column":56}},{"start":{"line":46,"column":60},"end":{"line":46,"column":86}}]},"4":{"loc":{"start":{"line":47,"column":23},"end":{"line":49,"column":93}},"type":"cond-expr","locations":[{"start":{"line":48,"column":25},"end":{"line":48,"column":81}},{"start":{"line":49,"column":25},"end":{"line":49,"column":93}}]},"5":{"loc":{"start":{"line":49,"column":25},"end":{"line":49,"column":93}},"type":"binary-expr","locations":[{"start":{"line":49,"column":25},"end":{"line":49,"column":85}},{"start":{"line":49,"column":89},"end":{"line":49,"column":93}}]},"6":{"loc":{"start":{"line":57,"column":36},"end":{"line":57,"column":77}},"type":"cond-expr","locations":[{"start":{"line":57,"column":53},"end":{"line":57,"column":72}},{"start":{"line":57,"column":75},"end":{"line":57,"column":77}}]},"7":{"loc":{"start":{"line":79,"column":8},"end":{"line":90,"column":9}},"type":"if","locations":[{"start":{"line":79,"column":8},"end":{"line":90,"column":9}}]},"8":{"loc":{"start":{"line":92,"column":35},"end":{"line":94,"column":56}},"type":"binary-expr","locations":[{"start":{"line":92,"column":35},"end":{"line":94,"column":50}},{"start":{"line":94,"column":54},"end":{"line":94,"column":56}}]},"9":{"loc":{"start":{"line":106,"column":25},"end":{"line":106,"column":52}},"type":"binary-expr","locations":[{"start":{"line":106,"column":25},"end":{"line":106,"column":44}},{"start":{"line":106,"column":48},"end":{"line":106,"column":52}}]},"10":{"loc":{"start":{"line":114,"column":23},"end":{"line":114,"column":83}},"type":"cond-expr","locations":[{"start":{"line":114,"column":41},"end":{"line":114,"column":76}},{"start":{"line":114,"column":79},"end":{"line":114,"column":83}}]},"11":{"loc":{"start":{"line":115,"column":35},"end":{"line":119,"column":22}},"type":"cond-expr","locations":[{"start":{"line":116,"column":19},"end":{"line":118,"column":89}},{"start":{"line":119,"column":18},"end":{"line":119,"column":22}}]},"12":{"loc":{"start":{"line":115,"column":36},"end":{"line":115,"column":82}},"type":"binary-expr","locations":[{"start":{"line":115,"column":36},"end":{"line":115,"column":52}},{"start":{"line":115,"column":56},"end":{"line":115,"column":82}}]},"13":{"loc":{"start":{"line":116,"column":19},"end":{"line":118,"column":89}},"type":"cond-expr","locations":[{"start":{"line":117,"column":21},"end":{"line":117,"column":77}},{"start":{"line":118,"column":21},"end":{"line":118,"column":89}}]},"14":{"loc":{"start":{"line":118,"column":21},"end":{"line":118,"column":89}},"type":"binary-expr","locations":[{"start":{"line":118,"column":21},"end":{"line":118,"column":81}},{"start":{"line":118,"column":85},"end":{"line":118,"column":89}}]},"15":{"loc":{"start":{"line":120,"column":21},"end":{"line":120,"column":70}},"type":"binary-expr","locations":[{"start":{"line":120,"column":21},"end":{"line":120,"column":62}},{"start":{"line":120,"column":66},"end":{"line":120,"column":70}}]},"16":{"loc":{"start":{"line":127,"column":32},"end":{"line":127,"column":73}},"type":"cond-expr","locations":[{"start":{"line":127,"column":49},"end":{"line":127,"column":68}},{"start":{"line":127,"column":71},"end":{"line":127,"column":73}}]},"17":{"loc":{"start":{"line":148,"column":8},"end":{"line":152,"column":9}},"type":"switch","locations":[{"start":{"line":149,"column":12},"end":{"line":149,"column":125}},{"start":{"line":150,"column":12},"end":{"line":150,"column":111}},{"start":{"line":151,"column":12},"end":{"line":151,"column":113}}]},"18":{"loc":{"start":{"line":149,"column":18},"end":{"line":149,"column":41}},"type":"binary-expr","locations":[{"start":{"line":149,"column":18},"end":{"line":149,"column":27}},{"start":{"line":149,"column":31},"end":{"line":149,"column":41}}]},"19":{"loc":{"start":{"line":165,"column":8},"end":{"line":167,"column":9}},"type":"if","locations":[{"start":{"line":165,"column":8},"end":{"line":167,"column":9}}]},"20":{"loc":{"start":{"line":172,"column":8},"end":{"line":174,"column":9}},"type":"if","locations":[{"start":{"line":172,"column":8},"end":{"line":174,"column":9}}]},"21":{"loc":{"start":{"line":187,"column":8},"end":{"line":189,"column":9}},"type":"if","locations":[{"start":{"line":187,"column":8},"end":{"line":189,"column":9}}]},"22":{"loc":{"start":{"line":191,"column":8},"end":{"line":193,"column":9}},"type":"if","locations":[{"start":{"line":191,"column":8},"end":{"line":193,"column":9}}]},"23":{"loc":{"start":{"line":196,"column":8},"end":{"line":199,"column":9}},"type":"if","locations":[{"start":{"line":196,"column":8},"end":{"line":199,"column":9}}]},"24":{"loc":{"start":{"line":198,"column":12},"end":{"line":198,"column":134}},"type":"if","locations":[{"start":{"line":198,"column":12},"end":{"line":198,"column":134}}]},"25":{"loc":{"start":{"line":201,"column":8},"end":{"line":204,"column":9}},"type":"if","locations":[{"start":{"line":201,"column":8},"end":{"line":204,"column":9}}]},"26":{"loc":{"start":{"line":203,"column":12},"end":{"line":203,"column":117}},"type":"if","locations":[{"start":{"line":203,"column":12},"end":{"line":203,"column":117}}]}},"s":{"0":1,"1":1,"2":1,"3":1,"4":1,"5":1,"6":1,"7":1,"8":1,"9":3,"10":3,"11":2,"12":2,"13":2,"14":1,"15":1,"16":1,"17":1,"18":1,"19":1,"20":1,"21":1,"22":0,"23":1,"24":1,"25":1,"26":1,"27":1,"28":1,"29":10,"30":10,"31":10,"32":10,"33":10,"34":10,"35":1,"36":1,"37":0,"38":8,"39":8,"40":8,"41":1,"42":7,"43":7,"44":7,"45":0,"46":7,"47":7,"48":6,"49":1,"50":5,"51":1,"52":4,"53":2,"54":2,"55":1,"56":3,"57":1,"58":1,"59":0,"60":3,"61":3,"62":1,"63":1,"64":1},"f":{"0":3,"1":0,"2":1,"3":10},"b":{"0":[1],"1":[2,2],"2":[1,0],"3":[1,1],"4":[1,0],"5":[0,0],"6":[1,0],"7":[1],"8":[1,0],"9":[1,0],"10":[1,0],"11":[1,0],"12":[1,1],"13":[1,0],"14":[0,0],"15":[1,1],"16":[1,0],"17":[1,1,0],"18":[10,9],"19":[1],"20":[0],"21":[1],"22":[1],"23":[2],"24":[1],"25":[1],"26":[0]}}
,"/Users/brian/myRewards/pipeline/lambda/organization/getOrg.ts": {"path":"/Users/brian/myRewards/pipeline/lambda/organization/getOrg.ts","statementMap":{"0":{"start":{"line":1,"column":0},"end":{"line":1,"column":57}},"1":{"start":{"line":2,"column":0},"end":{"line":2,"column":89}},"2":{"start":{"line":6,"column":21},"end":{"line":6,"column":62}},"3":{"start":{"line":7,"column":17},"end":{"line":7,"column":58}},"4":{"start":{"line":9,"column":23},"end":{"line":107,"column":1}},"5":{"start":{"line":10,"column":20},"end":{"line":10,"column":64}},"6":{"start":{"line":12,"column":4},"end":{"line":106,"column":5}},"7":{"start":{"line":13,"column":25},"end":{"line":13,"column":46}},"8":{"start":{"line":14,"column":26},"end":{"line":14,"column":48}},"9":{"start":{"line":15,"column":26},"end":{"line":15,"column":48}},"10":{"start":{"line":17,"column":8},"end":{"line":20,"column":9}},"11":{"start":{"line":18,"column":44},"end":{"line":18,"column":125}},"12":{"start":{"line":19,"column":29},"end":{"line":19,"column":111}},"13":{"start":{"line":22,"column":24},"end":{"line":29,"column":12}},"14":{"start":{"line":31,"column":27},"end":{"line":31,"column":55}},"15":{"start":{"line":33,"column":8},"end":{"line":35,"column":9}},"16":{"start":{"line":34,"column":12},"end":{"line":34,"column":97}},"17":{"start":{"line":37,"column":22},"end":{"line":37,"column":44}},"18":{"start":{"line":38,"column":28},"end":{"line":38,"column":55}},"19":{"start":{"line":40,"column":23},"end":{"line":43,"column":12}},"20":{"start":{"line":45,"column":26},"end":{"line":45,"column":53}},"21":{"start":{"line":47,"column":8},"end":{"line":49,"column":9}},"22":{"start":{"line":48,"column":12},"end":{"line":48,"column":97}},"23":{"start":{"line":51,"column":29},"end":{"line":51,"column":64}},"24":{"start":{"line":53,"column":8},"end":{"line":58,"column":9}},"25":{"start":{"line":54,"column":12},"end":{"line":57,"column":14}},"26":{"start":{"line":60,"column":27},"end":{"line":67,"column":12}},"27":{"start":{"line":69,"column":28},"end":{"line":69,"column":59}},"28":{"start":{"line":71,"column":8},"end":{"line":73,"column":9}},"29":{"start":{"line":72,"column":12},"end":{"line":72,"column":95}},"30":{"start":{"line":75,"column":22},"end":{"line":75,"column":54}},"31":{"start":{"line":77,"column":8},"end":{"line":101,"column":10}},"32":{"start":{"line":104,"column":8},"end":{"line":104,"column":61}},"33":{"start":{"line":105,"column":8},"end":{"line":105,"column":97}},"34":{"start":{"line":9,"column":13},"end":{"line":9,"column":23}}},"fnMap":{"0":{"name":"(anonymous_0)","decl":{"start":{"line":9,"column":23},"end":{"line":9,"column":28}},"loc":{"start":{"line":9,"column":93},"end":{"line":107,"column":1}}}},"branchMap":{"0":{"loc":{"start":{"line":17,"column":8},"end":{"line":20,"column":9}},"type":"switch","locations":[{"start":{"line":18,"column":12},"end":{"line":18,"column":125}},{"start":{"line":19,"column":12},"end":{"line":19,"column":111}}]},"1":{"loc":{"start":{"line":18,"column":18},"end":{"line":18,"column":41}},"type":"binary-expr","locations":[{"start":{"line":18,"column":18},"end":{"line":18,"column":27}},{"start":{"line":18,"column":31},"end":{"line":18,"column":41}}]},"2":{"loc":{"start":{"line":33,"column":8},"end":{"line":35,"column":9}},"type":"if","locations":[{"start":{"line":33,"column":8},"end":{"line":35,"column":9}}]},"3":{"loc":{"start":{"line":47,"column":8},"end":{"line":49,"column":9}},"type":"if","locations":[{"start":{"line":47,"column":8},"end":{"line":49,"column":9}}]},"4":{"loc":{"start":{"line":53,"column":8},"end":{"line":58,"column":9}},"type":"if","locations":[{"start":{"line":53,"column":8},"end":{"line":58,"column":9}}]},"5":{"loc":{"start":{"line":71,"column":8},"end":{"line":73,"column":9}},"type":"if","locations":[{"start":{"line":71,"column":8},"end":{"line":73,"column":9}}]}},"s":{"0":1,"1":1,"2":1,"3":1,"4":1,"5":9,"6":9,"7":9,"8":9,"9":9,"10":9,"11":2,"12":1,"13":6,"14":6,"15":5,"16":1,"17":4,"18":4,"19":4,"20":4,"21":4,"22":1,"23":3,"24":3,"25":1,"26":2,"27":2,"28":2,"29":1,"30":1,"31":1,"32":1,"33":1,"34":1},"f":{"0":9},"b":{"0":[2,1],"1":[9,8],"2":[1],"3":[1],"4":[1],"5":[1]}}
,"/Users/brian/myRewards/pipeline/lambda/organization/newOrganization.ts": {"path":"/Users/brian/myRewards/pipeline/lambda/organization/newOrganization.ts","statementMap":{"0":{"start":{"line":2,"column":0},"end":{"line":2,"column":36}},"1":{"start":{"line":3,"column":0},"end":{"line":3,"column":102}},"2":{"start":{"line":4,"column":0},"end":{"line":4,"column":58}},"3":{"start":{"line":5,"column":0},"end":{"line":5,"column":28}},"4":{"start":{"line":6,"column":0},"end":{"line":6,"column":64}},"5":{"start":{"line":7,"column":0},"end":{"line":7,"column":61}},"6":{"start":{"line":9,"column":0},"end":{"line":9,"column":65}},"7":{"start":{"line":10,"column":0},"end":{"line":10,"column":60}},"8":{"start":{"line":11,"column":0},"end":{"line":11,"column":82}},"9":{"start":{"line":12,"column":0},"end":{"line":12,"column":53}},"10":{"start":{"line":14,"column":11},"end":{"line":14,"column":48}},"11":{"start":{"line":15,"column":21},"end":{"line":15,"column":43}},"12":{"start":{"line":16,"column":17},"end":{"line":16,"column":58}},"13":{"start":{"line":17,"column":18},"end":{"line":17,"column":60}},"14":{"start":{"line":22,"column":17},"end":{"line":22,"column":38}},"15":{"start":{"line":23,"column":18},"end":{"line":23,"column":40}},"16":{"start":{"line":24,"column":19},"end":{"line":24,"column":42}},"17":{"start":{"line":25,"column":20},"end":{"line":25,"column":44}},"18":{"start":{"line":26,"column":18},"end":{"line":26,"column":40}},"19":{"start":{"line":27,"column":25},"end":{"line":27,"column":55}},"20":{"start":{"line":28,"column":19},"end":{"line":28,"column":42}},"21":{"start":{"line":29,"column":15},"end":{"line":29,"column":34}},"22":{"start":{"line":31,"column":33},"end":{"line":50,"column":1}},"23":{"start":{"line":32,"column":4},"end":{"line":49,"column":5}},"24":{"start":{"line":33,"column":23},"end":{"line":37,"column":10}},"25":{"start":{"line":39,"column":25},"end":{"line":39,"column":52}},"26":{"start":{"line":41,"column":8},"end":{"line":43,"column":9}},"27":{"start":{"line":42,"column":12},"end":{"line":42,"column":24}},"28":{"start":{"line":45,"column":8},"end":{"line":45,"column":35}},"29":{"start":{"line":48,"column":8},"end":{"line":48,"column":20}},"30":{"start":{"line":52,"column":25},"end":{"line":67,"column":1}},"31":{"start":{"line":53,"column":4},"end":{"line":66,"column":6}},"32":{"start":{"line":55,"column":28},"end":{"line":59,"column":14}},"33":{"start":{"line":60,"column":12},"end":{"line":64,"column":14}},"34":{"start":{"line":69,"column":23},"end":{"line":248,"column":1}},"35":{"start":{"line":70,"column":4},"end":{"line":75,"column":5}},"36":{"start":{"line":71,"column":8},"end":{"line":74,"column":10}},"37":{"start":{"line":77,"column":4},"end":{"line":85,"column":5}},"38":{"start":{"line":78,"column":38},"end":{"line":78,"column":92}},"39":{"start":{"line":79,"column":25},"end":{"line":79,"column":79}},"40":{"start":{"line":80,"column":27},"end":{"line":80,"column":83}},"41":{"start":{"line":81,"column":26},"end":{"line":81,"column":87}},"42":{"start":{"line":82,"column":32},"end":{"line":82,"column":93}},"43":{"start":{"line":83,"column":26},"end":{"line":83,"column":80}},"44":{"start":{"line":84,"column":22},"end":{"line":84,"column":73}},"45":{"start":{"line":87,"column":4},"end":{"line":247,"column":5}},"46":{"start":{"line":96,"column":12},"end":{"line":96,"column":34}},"47":{"start":{"line":98,"column":24},"end":{"line":98,"column":68}},"48":{"start":{"line":100,"column":32},"end":{"line":100,"column":44}},"49":{"start":{"line":102,"column":8},"end":{"line":104,"column":9}},"50":{"start":{"line":103,"column":12},"end":{"line":103,"column":95}},"51":{"start":{"line":106,"column":8},"end":{"line":108,"column":9}},"52":{"start":{"line":107,"column":12},"end":{"line":107,"column":91}},"53":{"start":{"line":110,"column":8},"end":{"line":113,"column":9}},"54":{"start":{"line":111,"column":12},"end":{"line":111,"column":63}},"55":{"start":{"line":112,"column":12},"end":{"line":112,"column":134}},"56":{"start":{"line":112,"column":34},"end":{"line":112,"column":134}},"57":{"start":{"line":115,"column":8},"end":{"line":118,"column":9}},"58":{"start":{"line":116,"column":12},"end":{"line":116,"column":85}},"59":{"start":{"line":117,"column":12},"end":{"line":117,"column":117}},"60":{"start":{"line":117,"column":25},"end":{"line":117,"column":117}},"61":{"start":{"line":120,"column":26},"end":{"line":120,"column":76}},"62":{"start":{"line":122,"column":8},"end":{"line":124,"column":9}},"63":{"start":{"line":123,"column":12},"end":{"line":123,"column":147}},"64":{"start":{"line":126,"column":31},"end":{"line":131,"column":10}},"65":{"start":{"line":133,"column":8},"end":{"line":135,"column":9}},"66":{"start":{"line":134,"column":12},"end":{"line":134,"column":108}},"67":{"start":{"line":137,"column":25},"end":{"line":137,"column":111}},"68":{"start":{"line":138,"column":22},"end":{"line":138,"column":51}},"69":{"start":{"line":139,"column":27},"end":{"line":139,"column":102}},"70":{"start":{"line":139,"column":53},"end":{"line":139,"column":101}},"71":{"start":{"line":140,"column":24},"end":{"line":140,"column":34}},"72":{"start":{"line":142,"column":29},"end":{"line":179,"column":10}},"73":{"start":{"line":182,"column":27},"end":{"line":190,"column":10}},"74":{"start":{"line":192,"column":30},"end":{"line":192,"column":81}},"75":{"start":{"line":194,"column":29},"end":{"line":209,"column":null}},"76":{"start":{"line":212,"column":8},"end":{"line":220,"column":9}},"77":{"start":{"line":213,"column":12},"end":{"line":219,"column":14}},"78":{"start":{"line":222,"column":23},"end":{"line":222,"column":56}},"79":{"start":{"line":223,"column":8},"end":{"line":223,"column":40}},"80":{"start":{"line":225,"column":8},"end":{"line":233,"column":9}},"81":{"start":{"line":226,"column":12},"end":{"line":232,"column":14}},"82":{"start":{"line":235,"column":8},"end":{"line":241,"column":10}},"83":{"start":{"line":243,"column":8},"end":{"line":246,"column":10}},"84":{"start":{"line":69,"column":13},"end":{"line":69,"column":23}}},"fnMap":{"0":{"name":"(anonymous_0)","decl":{"start":{"line":31,"column":33},"end":{"line":31,"column":38}},"loc":{"start":{"line":31,"column":100},"end":{"line":50,"column":1}}},"1":{"name":"(anonymous_1)","decl":{"start":{"line":52,"column":25},"end":{"line":52,"column":30}},"loc":{"start":{"line":52,"column":89},"end":{"line":67,"column":1}}},"2":{"name":"(anonymous_2)","decl":{"start":{"line":54,"column":21},"end":{"line":54,"column":26}},"loc":{"start":{"line":54,"column":46},"end":{"line":65,"column":9}}},"3":{"name":"(anonymous_3)","decl":{"start":{"line":69,"column":23},"end":{"line":69,"column":28}},"loc":{"start":{"line":69,"column":93},"end":{"line":248,"column":1}}},"4":{"name":"(anonymous_4)","decl":{"start":{"line":139,"column":40},"end":{"line":139,"column":41}},"loc":{"start":{"line":139,"column":53},"end":{"line":139,"column":101}}}},"branchMap":{"0":{"loc":{"start":{"line":41,"column":8},"end":{"line":43,"column":9}},"type":"if","locations":[{"start":{"line":41,"column":8},"end":{"line":43,"column":9}}]},"1":{"loc":{"start":{"line":41,"column":12},"end":{"line":41,"column":63}},"type":"binary-expr","locations":[{"start":{"line":41,"column":12},"end":{"line":41,"column":21}},{"start":{"line":41,"column":25},"end":{"line":41,"column":39}},{"start":{"line":41,"column":43},"end":{"line":41,"column":63}}]},"2":{"loc":{"start":{"line":70,"column":4},"end":{"line":75,"column":5}},"type":"if","locations":[{"start":{"line":70,"column":4},"end":{"line":75,"column":5}}]},"3":{"loc":{"start":{"line":77,"column":4},"end":{"line":85,"column":5}},"type":"switch","locations":[{"start":{"line":78,"column":8},"end":{"line":78,"column":92}},{"start":{"line":79,"column":8},"end":{"line":79,"column":79}},{"start":{"line":80,"column":8},"end":{"line":80,"column":83}},{"start":{"line":81,"column":8},"end":{"line":81,"column":87}},{"start":{"line":82,"column":8},"end":{"line":82,"column":93}},{"start":{"line":83,"column":8},"end":{"line":83,"column":80}},{"start":{"line":84,"column":8},"end":{"line":84,"column":73}}]},"4":{"loc":{"start":{"line":78,"column":13},"end":{"line":78,"column":36}},"type":"binary-expr","locations":[{"start":{"line":78,"column":13},"end":{"line":78,"column":22}},{"start":{"line":78,"column":26},"end":{"line":78,"column":36}}]},"5":{"loc":{"start":{"line":102,"column":8},"end":{"line":104,"column":9}},"type":"if","locations":[{"start":{"line":102,"column":8},"end":{"line":104,"column":9}}]},"6":{"loc":{"start":{"line":106,"column":8},"end":{"line":108,"column":9}},"type":"if","locations":[{"start":{"line":106,"column":8},"end":{"line":108,"column":9}}]},"7":{"loc":{"start":{"line":106,"column":11},"end":{"line":106,"column":36}},"type":"binary-expr","locations":[{"start":{"line":106,"column":11},"end":{"line":106,"column":20}},{"start":{"line":106,"column":24},"end":{"line":106,"column":36}}]},"8":{"loc":{"start":{"line":110,"column":8},"end":{"line":113,"column":9}},"type":"if","locations":[{"start":{"line":110,"column":8},"end":{"line":113,"column":9}}]},"9":{"loc":{"start":{"line":112,"column":12},"end":{"line":112,"column":134}},"type":"if","locations":[{"start":{"line":112,"column":12},"end":{"line":112,"column":134}}]},"10":{"loc":{"start":{"line":115,"column":8},"end":{"line":118,"column":9}},"type":"if","locations":[{"start":{"line":115,"column":8},"end":{"line":118,"column":9}}]},"11":{"loc":{"start":{"line":117,"column":12},"end":{"line":117,"column":117}},"type":"if","locations":[{"start":{"line":117,"column":12},"end":{"line":117,"column":117}}]},"12":{"loc":{"start":{"line":122,"column":8},"end":{"line":124,"column":9}},"type":"if","locations":[{"start":{"line":122,"column":8},"end":{"line":124,"column":9}}]},"13":{"loc":{"start":{"line":133,"column":8},"end":{"line":135,"column":9}},"type":"if","locations":[{"start":{"line":133,"column":8},"end":{"line":135,"column":9}}]},"14":{"loc":{"start":{"line":212,"column":8},"end":{"line":220,"column":9}},"type":"if","locations":[{"start":{"line":212,"column":8},"end":{"line":220,"column":9}}]},"15":{"loc":{"start":{"line":225,"column":8},"end":{"line":233,"column":9}},"type":"if","locations":[{"start":{"line":225,"column":8},"end":{"line":233,"column":9}}]},"16":{"loc":{"start":{"line":245,"column":61},"end":{"line":245,"column":107}},"type":"cond-expr","locations":[{"start":{"line":245,"column":86},"end":{"line":245,"column":99}},{"start":{"line":245,"column":102},"end":{"line":245,"column":107}}]}},"s":{"0":1,"1":1,"2":1,"3":1,"4":1,"5":1,"6":1,"7":1,"8":1,"9":1,"10":1,"11":1,"12":1,"13":1,"14":1,"15":1,"16":1,"17":1,"18":1,"19":1,"20":1,"21":1,"22":1,"23":0,"24":0,"25":0,"26":0,"27":0,"28":0,"29":0,"30":1,"31":0,"32":0,"33":0,"34":1,"35":14,"36":1,"37":13,"38":13,"39":0,"40":0,"41":0,"42":0,"43":0,"44":0,"45":0,"46":0,"47":0,"48":0,"49":0,"50":0,"51":0,"52":0,"53":0,"54":0,"55":0,"56":0,"57":0,"58":0,"59":0,"60":0,"61":0,"62":0,"63":0,"64":0,"65":0,"66":0,"67":0,"68":0,"69":0,"70":0,"71":0,"72":0,"73":0,"74":0,"75":0,"76":0,"77":0,"78":0,"79":0,"80":0,"81":0,"82":0,"83":0,"84":1},"f":{"0":0,"1":0,"2":0,"3":14,"4":0},"b":{"0":[0],"1":[0,0,0],"2":[1],"3":[13,0,0,0,0,0,0],"4":[13,0],"5":[0],"6":[0],"7":[0,0],"8":[0],"9":[0],"10":[0],"11":[0],"12":[0],"13":[0],"14":[0],"15":[0],"16":[0,0]}}
,"/Users/brian/myRewards/pipeline/lambda/organization/square/link.ts": {"path":"/Users/brian/myRewards/pipeline/lambda/organization/square/link.ts","statementMap":{"0":{"start":{"line":1,"column":0},"end":{"line":1,"column":33}},"1":{"start":{"line":2,"column":0},"end":{"line":2,"column":58}},"2":{"start":{"line":3,"column":0},"end":{"line":3,"column":91}},"3":{"start":{"line":4,"column":0},"end":{"line":4,"column":64}},"4":{"start":{"line":6,"column":0},"end":{"line":6,"column":92}},"5":{"start":{"line":8,"column":0},"end":{"line":8,"column":59}},"6":{"start":{"line":10,"column":21},"end":{"line":10,"column":63}},"7":{"start":{"line":11,"column":17},"end":{"line":11,"column":58}},"8":{"start":{"line":12,"column":18},"end":{"line":12,"column":35}},"9":{"start":{"line":13,"column":21},"end":{"line":13,"column":70}},"10":{"start":{"line":18,"column":23},"end":{"line":184,"column":1}},"11":{"start":{"line":19,"column":2},"end":{"line":24,"column":3}},"12":{"start":{"line":20,"column":4},"end":{"line":23,"column":6}},"13":{"start":{"line":26,"column":23},"end":{"line":26,"column":45}},"14":{"start":{"line":27,"column":18},"end":{"line":27,"column":62}},"15":{"start":{"line":29,"column":20},"end":{"line":29,"column":42}},"16":{"start":{"line":30,"column":19},"end":{"line":30,"column":40}},"17":{"start":{"line":31,"column":26},"end":{"line":31,"column":48}},"18":{"start":{"line":32,"column":19},"end":{"line":32,"column":41}},"19":{"start":{"line":33,"column":18},"end":{"line":33,"column":37}},"20":{"start":{"line":35,"column":2},"end":{"line":56,"column":3}},"21":{"start":{"line":37,"column":6},"end":{"line":40,"column":8}},"22":{"start":{"line":42,"column":6},"end":{"line":45,"column":8}},"23":{"start":{"line":47,"column":6},"end":{"line":50,"column":8}},"24":{"start":{"line":52,"column":6},"end":{"line":55,"column":8}},"25":{"start":{"line":58,"column":2},"end":{"line":183,"column":3}},"26":{"start":{"line":59,"column":20},"end":{"line":66,"column":6}},"27":{"start":{"line":68,"column":23},"end":{"line":68,"column":51}},"28":{"start":{"line":70,"column":4},"end":{"line":72,"column":5}},"29":{"start":{"line":71,"column":6},"end":{"line":71,"column":83}},"30":{"start":{"line":74,"column":19},"end":{"line":77,"column":6}},"31":{"start":{"line":79,"column":22},"end":{"line":79,"column":49}},"32":{"start":{"line":81,"column":4},"end":{"line":83,"column":5}},"33":{"start":{"line":82,"column":6},"end":{"line":82,"column":91}},"34":{"start":{"line":85,"column":25},"end":{"line":85,"column":60}},"35":{"start":{"line":87,"column":4},"end":{"line":89,"column":5}},"36":{"start":{"line":88,"column":6},"end":{"line":88,"column":115}},"37":{"start":{"line":91,"column":19},"end":{"line":93,"column":6}},"38":{"start":{"line":95,"column":4},"end":{"line":102,"column":5}},"39":{"start":{"line":96,"column":27},"end":{"line":96,"column":67}},"40":{"start":{"line":98,"column":6},"end":{"line":98,"column":46}},"41":{"start":{"line":99,"column":6},"end":{"line":99,"column":47}},"42":{"start":{"line":101,"column":6},"end":{"line":101,"column":153}},"43":{"start":{"line":101,"column":53},"end":{"line":101,"column":153}},"44":{"start":{"line":104,"column":21},"end":{"line":110,"column":6}},"45":{"start":{"line":112,"column":53},"end":{"line":112,"column":61}},"46":{"start":{"line":114,"column":4},"end":{"line":119,"column":5}},"47":{"start":{"line":115,"column":6},"end":{"line":118,"column":8}},"48":{"start":{"line":121,"column":27},"end":{"line":124,"column":6}},"49":{"start":{"line":126,"column":21},"end":{"line":126,"column":58}},"50":{"start":{"line":128,"column":4},"end":{"line":130,"column":5}},"51":{"start":{"line":129,"column":8},"end":{"line":129,"column":101}},"52":{"start":{"line":132,"column":25},"end":{"line":140,"column":5}},"53":{"start":{"line":133,"column":22},"end":{"line":136,"column":8}},"54":{"start":{"line":137,"column":24},"end":{"line":137,"column":53}},"55":{"start":{"line":138,"column":6},"end":{"line":138,"column":48}},"56":{"start":{"line":138,"column":36},"end":{"line":138,"column":48}},"57":{"start":{"line":139,"column":6},"end":{"line":139,"column":67}},"58":{"start":{"line":142,"column":33},"end":{"line":142,"column":64}},"59":{"start":{"line":143,"column":34},"end":{"line":143,"column":66}},"60":{"start":{"line":145,"column":4},"end":{"line":150,"column":5}},"61":{"start":{"line":146,"column":6},"end":{"line":149,"column":8}},"62":{"start":{"line":152,"column":22},"end":{"line":165,"column":6}},"63":{"start":{"line":167,"column":4},"end":{"line":167,"column":35}},"64":{"start":{"line":169,"column":4},"end":{"line":172,"column":6}},"65":{"start":{"line":176,"column":4},"end":{"line":182,"column":6}},"66":{"start":{"line":18,"column":13},"end":{"line":18,"column":23}}},"fnMap":{"0":{"name":"(anonymous_0)","decl":{"start":{"line":18,"column":23},"end":{"line":18,"column":28}},"loc":{"start":{"line":18,"column":93},"end":{"line":184,"column":1}}},"1":{"name":"(anonymous_1)","decl":{"start":{"line":132,"column":25},"end":{"line":132,"column":30}},"loc":{"start":{"line":132,"column":49},"end":{"line":140,"column":5}}}},"branchMap":{"0":{"loc":{"start":{"line":19,"column":2},"end":{"line":24,"column":3}},"type":"if","locations":[{"start":{"line":19,"column":2},"end":{"line":24,"column":3}}]},"1":{"loc":{"start":{"line":35,"column":2},"end":{"line":56,"column":3}},"type":"switch","locations":[{"start":{"line":36,"column":4},"end":{"line":40,"column":8}},{"start":{"line":41,"column":4},"end":{"line":45,"column":8}},{"start":{"line":46,"column":4},"end":{"line":50,"column":8}},{"start":{"line":51,"column":4},"end":{"line":55,"column":8}}]},"2":{"loc":{"start":{"line":36,"column":10},"end":{"line":36,"column":31}},"type":"binary-expr","locations":[{"start":{"line":36,"column":10},"end":{"line":36,"column":19}},{"start":{"line":36,"column":23},"end":{"line":36,"column":31}}]},"3":{"loc":{"start":{"line":46,"column":9},"end":{"line":46,"column":32}},"type":"binary-expr","locations":[{"start":{"line":46,"column":9},"end":{"line":46,"column":19}},{"start":{"line":46,"column":23},"end":{"line":46,"column":32}}]},"4":{"loc":{"start":{"line":70,"column":4},"end":{"line":72,"column":5}},"type":"if","locations":[{"start":{"line":70,"column":4},"end":{"line":72,"column":5}}]},"5":{"loc":{"start":{"line":70,"column":7},"end":{"line":70,"column":51}},"type":"binary-expr","locations":[{"start":{"line":70,"column":7},"end":{"line":70,"column":24}},{"start":{"line":70,"column":28},"end":{"line":70,"column":51}}]},"6":{"loc":{"start":{"line":81,"column":4},"end":{"line":83,"column":5}},"type":"if","locations":[{"start":{"line":81,"column":4},"end":{"line":83,"column":5}}]},"7":{"loc":{"start":{"line":87,"column":4},"end":{"line":89,"column":5}},"type":"if","locations":[{"start":{"line":87,"column":4},"end":{"line":89,"column":5}}]},"8":{"loc":{"start":{"line":92,"column":19},"end":{"line":92,"column":109}},"type":"cond-expr","locations":[{"start":{"line":92,"column":39},"end":{"line":92,"column":74}},{"start":{"line":92,"column":77},"end":{"line":92,"column":109}}]},"9":{"loc":{"start":{"line":95,"column":4},"end":{"line":102,"column":5}},"type":"if","locations":[{"start":{"line":95,"column":4},"end":{"line":102,"column":5}}]},"10":{"loc":{"start":{"line":95,"column":8},"end":{"line":95,"column":49}},"type":"binary-expr","locations":[{"start":{"line":95,"column":8},"end":{"line":95,"column":27}},{"start":{"line":95,"column":31},"end":{"line":95,"column":49}}]},"11":{"loc":{"start":{"line":101,"column":6},"end":{"line":101,"column":153}},"type":"if","locations":[{"start":{"line":101,"column":6},"end":{"line":101,"column":153}}]},"12":{"loc":{"start":{"line":101,"column":10},"end":{"line":101,"column":51}},"type":"binary-expr","locations":[{"start":{"line":101,"column":10},"end":{"line":101,"column":29}},{"start":{"line":101,"column":33},"end":{"line":101,"column":51}}]},"13":{"loc":{"start":{"line":114,"column":4},"end":{"line":119,"column":5}},"type":"if","locations":[{"start":{"line":114,"column":4},"end":{"line":119,"column":5}}]},"14":{"loc":{"start":{"line":114,"column":7},"end":{"line":114,"column":36}},"type":"binary-expr","locations":[{"start":{"line":114,"column":7},"end":{"line":114,"column":19}},{"start":{"line":114,"column":23},"end":{"line":114,"column":36}}]},"15":{"loc":{"start":{"line":122,"column":19},"end":{"line":122,"column":109}},"type":"cond-expr","locations":[{"start":{"line":122,"column":39},"end":{"line":122,"column":74}},{"start":{"line":122,"column":77},"end":{"line":122,"column":109}}]},"16":{"loc":{"start":{"line":128,"column":4},"end":{"line":130,"column":5}},"type":"if","locations":[{"start":{"line":128,"column":4},"end":{"line":130,"column":5}}]},"17":{"loc":{"start":{"line":138,"column":6},"end":{"line":138,"column":48}},"type":"if","locations":[{"start":{"line":138,"column":6},"end":{"line":138,"column":48}}]},"18":{"loc":{"start":{"line":145,"column":4},"end":{"line":150,"column":5}},"type":"if","locations":[{"start":{"line":145,"column":4},"end":{"line":150,"column":5}}]},"19":{"loc":{"start":{"line":145,"column":7},"end":{"line":145,"column":54}},"type":"binary-expr","locations":[{"start":{"line":145,"column":7},"end":{"line":145,"column":28}},{"start":{"line":145,"column":32},"end":{"line":145,"column":54}}]}},"s":{"0":1,"1":1,"2":1,"3":1,"4":1,"5":1,"6":1,"7":1,"8":1,"9":1,"10":1,"11":15,"12":1,"13":14,"14":14,"15":14,"16":14,"17":14,"18":14,"19":14,"20":14,"21":2,"22":1,"23":2,"24":1,"25":8,"26":8,"27":8,"28":8,"29":1,"30":7,"31":7,"32":7,"33":1,"34":6,"35":6,"36":1,"37":5,"38":5,"39":1,"40":1,"41":1,"42":1,"43":0,"44":5,"45":4,"46":4,"47":1,"48":3,"49":3,"50":3,"51":1,"52":2,"53":4,"54":4,"55":4,"56":2,"57":2,"58":2,"59":2,"60":2,"61":1,"62":1,"63":1,"64":1,"65":1,"66":1},"f":{"0":15,"1":4},"b":{"0":[1],"1":[2,1,2,1],"2":[14,12],"3":[11,10],"4":[1],"5":[8,7],"6":[1],"7":[1],"8":[0,5],"9":[1],"10":[5,4],"11":[0],"12":[1,1],"13":[1],"14":[4,3],"15":[0,3],"16":[1],"17":[2],"18":[1],"19":[2,1]}}
,"/Users/brian/myRewards/pipeline/lambda/organization/update/account.ts": {"path":"/Users/brian/myRewards/pipeline/lambda/organization/update/account.ts","statementMap":{"0":{"start":{"line":1,"column":0},"end":{"line":1,"column":58}},"1":{"start":{"line":2,"column":0},"end":{"line":2,"column":78}},"2":{"start":{"line":5,"column":21},"end":{"line":5,"column":43}},"3":{"start":{"line":6,"column":17},"end":{"line":6,"column":58}},"4":{"start":{"line":8,"column":23},"end":{"line":70,"column":1}},"5":{"start":{"line":9,"column":2},"end":{"line":69,"column":3}},"6":{"start":{"line":10,"column":20},"end":{"line":10,"column":64}},"7":{"start":{"line":11,"column":4},"end":{"line":16,"column":5}},"8":{"start":{"line":12,"column":6},"end":{"line":15,"column":8}},"9":{"start":{"line":18,"column":22},"end":{"line":18,"column":44}},"10":{"start":{"line":19,"column":4},"end":{"line":24,"column":5}},"11":{"start":{"line":20,"column":6},"end":{"line":23,"column":8}},"12":{"start":{"line":26,"column":4},"end":{"line":31,"column":5}},"13":{"start":{"line":27,"column":6},"end":{"line":30,"column":8}},"14":{"start":{"line":33,"column":28},"end":{"line":33,"column":50}},"15":{"start":{"line":34,"column":4},"end":{"line":39,"column":5}},"16":{"start":{"line":35,"column":6},"end":{"line":38,"column":8}},"17":{"start":{"line":41,"column":26},"end":{"line":49,"column":6}},"18":{"start":{"line":51,"column":19},"end":{"line":51,"column":53}},"19":{"start":{"line":53,"column":4},"end":{"line":59,"column":6}},"20":{"start":{"line":61,"column":4},"end":{"line":61,"column":52}},"21":{"start":{"line":62,"column":4},"end":{"line":68,"column":6}},"22":{"start":{"line":8,"column":13},"end":{"line":8,"column":23}}},"fnMap":{"0":{"name":"(anonymous_0)","decl":{"start":{"line":8,"column":23},"end":{"line":8,"column":28}},"loc":{"start":{"line":8,"column":93},"end":{"line":70,"column":1}}}},"branchMap":{"0":{"loc":{"start":{"line":11,"column":4},"end":{"line":16,"column":5}},"type":"if","locations":[{"start":{"line":11,"column":4},"end":{"line":16,"column":5}}]},"1":{"loc":{"start":{"line":19,"column":4},"end":{"line":24,"column":5}},"type":"if","locations":[{"start":{"line":19,"column":4},"end":{"line":24,"column":5}}]},"2":{"loc":{"start":{"line":26,"column":4},"end":{"line":31,"column":5}},"type":"if","locations":[{"start":{"line":26,"column":4},"end":{"line":31,"column":5}}]},"3":{"loc":{"start":{"line":34,"column":4},"end":{"line":39,"column":5}},"type":"if","locations":[{"start":{"line":34,"column":4},"end":{"line":39,"column":5}}]},"4":{"loc":{"start":{"line":34,"column":8},"end":{"line":34,"column":23}},"type":"binary-expr","locations":[{"start":{"line":34,"column":8},"end":{"line":34,"column":13}},{"start":{"line":34,"column":17},"end":{"line":34,"column":23}}]},"5":{"loc":{"start":{"line":66,"column":17},"end":{"line":66,"column":63}},"type":"cond-expr","locations":[{"start":{"line":66,"column":42},"end":{"line":66,"column":55}},{"start":{"line":66,"column":58},"end":{"line":66,"column":63}}]}},"s":{"0":1,"1":1,"2":1,"3":1,"4":1,"5":6,"6":6,"7":6,"8":1,"9":5,"10":5,"11":1,"12":4,"13":1,"14":3,"15":3,"16":1,"17":2,"18":2,"19":1,"20":1,"21":1,"22":1},"f":{"0":6},"b":{"0":[1],"1":[1],"2":[1],"3":[1],"4":[3,3],"5":[1,0]}}
,"/Users/brian/myRewards/pipeline/lambda/shop/getShopApp.ts": {"path":"/Users/brian/myRewards/pipeline/lambda/shop/getShopApp.ts","statementMap":{"0":{"start":{"line":1,"column":0},"end":{"line":1,"column":58}},"1":{"start":{"line":2,"column":0},"end":{"line":2,"column":75}},"2":{"start":{"line":5,"column":0},"end":{"line":5,"column":81}},"3":{"start":{"line":7,"column":15},"end":{"line":7,"column":37}},"4":{"start":{"line":8,"column":17},"end":{"line":8,"column":52}},"5":{"start":{"line":9,"column":18},"end":{"line":9,"column":39}},"6":{"start":{"line":11,"column":18},"end":{"line":11,"column":40}},"7":{"start":{"line":12,"column":17},"end":{"line":12,"column":38}},"8":{"start":{"line":13,"column":18},"end":{"line":13,"column":40}},"9":{"start":{"line":14,"column":20},"end":{"line":14,"column":43}},"10":{"start":{"line":15,"column":17},"end":{"line":15,"column":36}},"11":{"start":{"line":17,"column":23},"end":{"line":100,"column":1}},"12":{"start":{"line":20,"column":24},"end":{"line":20,"column":57}},"13":{"start":{"line":21,"column":20},"end":{"line":21,"column":64}},"14":{"start":{"line":23,"column":4},"end":{"line":30,"column":5}},"15":{"start":{"line":25,"column":12},"end":{"line":25,"column":94}},"16":{"start":{"line":27,"column":12},"end":{"line":27,"column":91}},"17":{"start":{"line":29,"column":12},"end":{"line":29,"column":103}},"18":{"start":{"line":32,"column":4},"end":{"line":99,"column":5}},"19":{"start":{"line":33,"column":27},"end":{"line":36,"column":10}},"20":{"start":{"line":38,"column":27},"end":{"line":38,"column":58}},"21":{"start":{"line":39,"column":21},"end":{"line":39,"column":36}},"22":{"start":{"line":41,"column":8},"end":{"line":46,"column":9}},"23":{"start":{"line":42,"column":12},"end":{"line":45,"column":14}},"24":{"start":{"line":48,"column":26},"end":{"line":53,"column":10}},"25":{"start":{"line":55,"column":26},"end":{"line":55,"column":56}},"26":{"start":{"line":56,"column":20},"end":{"line":56,"column":34}},"27":{"start":{"line":58,"column":8},"end":{"line":63,"column":9}},"28":{"start":{"line":59,"column":12},"end":{"line":62,"column":14}},"29":{"start":{"line":65,"column":24},"end":{"line":65,"column":62}},"30":{"start":{"line":66,"column":25},"end":{"line":66,"column":63}},"31":{"start":{"line":68,"column":36},"end":{"line":83,"column":10}},"32":{"start":{"line":85,"column":8},"end":{"line":91,"column":10}},"33":{"start":{"line":94,"column":8},"end":{"line":94,"column":null}},"34":{"start":{"line":95,"column":8},"end":{"line":98,"column":10}},"35":{"start":{"line":17,"column":13},"end":{"line":17,"column":23}},"36":{"start":{"line":103,"column":25},"end":{"line":120,"column":null}},"37":{"start":{"line":123,"column":4},"end":{"line":123,"column":null}}},"fnMap":{"0":{"name":"(anonymous_0)","decl":{"start":{"line":17,"column":23},"end":{"line":17,"column":28}},"loc":{"start":{"line":17,"column":61},"end":{"line":100,"column":1}}},"1":{"name":"auroraCall","decl":{"start":{"line":102,"column":15},"end":{"line":102,"column":25}},"loc":{"start":{"line":102,"column":57},"end":{"line":124,"column":1}}}},"branchMap":{"0":{"loc":{"start":{"line":20,"column":24},"end":{"line":20,"column":57}},"type":"binary-expr","locations":[{"start":{"line":20,"column":24},"end":{"line":20,"column":51}},{"start":{"line":20,"column":55},"end":{"line":20,"column":57}}]},"1":{"loc":{"start":{"line":23,"column":4},"end":{"line":30,"column":5}},"type":"switch","locations":[{"start":{"line":24,"column":8},"end":{"line":25,"column":94}},{"start":{"line":26,"column":8},"end":{"line":27,"column":91}},{"start":{"line":28,"column":8},"end":{"line":29,"column":103}}]},"2":{"loc":{"start":{"line":24,"column":14},"end":{"line":24,"column":80}},"type":"binary-expr","locations":[{"start":{"line":24,"column":14},"end":{"line":24,"column":24}},{"start":{"line":24,"column":28},"end":{"line":24,"column":37}},{"start":{"line":24,"column":41},"end":{"line":24,"column":51}},{"start":{"line":24,"column":55},"end":{"line":24,"column":67}},{"start":{"line":24,"column":71},"end":{"line":24,"column":80}}]},"3":{"loc":{"start":{"line":41,"column":8},"end":{"line":46,"column":9}},"type":"if","locations":[{"start":{"line":41,"column":8},"end":{"line":46,"column":9}}]},"4":{"loc":{"start":{"line":41,"column":12},"end":{"line":41,"column":82}},"type":"binary-expr","locations":[{"start":{"line":41,"column":12},"end":{"line":41,"column":17}},{"start":{"line":41,"column":21},"end":{"line":41,"column":29}},{"start":{"line":41,"column":33},"end":{"line":41,"column":45}},{"start":{"line":41,"column":49},"end":{"line":41,"column":63}},{"start":{"line":41,"column":67},"end":{"line":41,"column":82}}]},"5":{"loc":{"start":{"line":58,"column":8},"end":{"line":63,"column":9}},"type":"if","locations":[{"start":{"line":58,"column":8},"end":{"line":63,"column":9}}]},"6":{"loc":{"start":{"line":58,"column":12},"end":{"line":58,"column":27}},"type":"binary-expr","locations":[{"start":{"line":58,"column":12},"end":{"line":58,"column":16}},{"start":{"line":58,"column":20},"end":{"line":58,"column":27}}]},"7":{"loc":{"start":{"line":123,"column":11},"end":{"line":123,"column":37}},"type":"binary-expr","locations":[{"start":{"line":123,"column":11},"end":{"line":123,"column":31}},{"start":{"line":123,"column":35},"end":{"line":123,"column":37}}]}},"s":{"0":1,"1":1,"2":1,"3":1,"4":1,"5":1,"6":1,"7":1,"8":1,"9":1,"10":1,"11":1,"12":7,"13":7,"14":7,"15":7,"16":0,"17":0,"18":0,"19":0,"20":0,"21":0,"22":0,"23":0,"24":0,"25":0,"26":0,"27":0,"28":0,"29":0,"30":0,"31":0,"32":0,"33":0,"34":0,"35":1,"36":0,"37":0},"f":{"0":7,"1":0},"b":{"0":[7,0],"1":[7,0,0],"2":[7,0,0,0,0],"3":[0],"4":[0,0,0,0,0],"5":[0],"6":[0,0],"7":[0,0]}}
,"/Users/brian/myRewards/pipeline/lambda/shop/newShop.ts": {"path":"/Users/brian/myRewards/pipeline/lambda/shop/newShop.ts","statementMap":{"0":{"start":{"line":1,"column":0},"end":{"line":1,"column":58}},"1":{"start":{"line":2,"column":0},"end":{"line":2,"column":102}},"2":{"start":{"line":4,"column":0},"end":{"line":4,"column":36}},"3":{"start":{"line":5,"column":0},"end":{"line":5,"column":null}},"4":{"start":{"line":11,"column":15},"end":{"line":11,"column":37}},"5":{"start":{"line":12,"column":17},"end":{"line":12,"column":52}},"6":{"start":{"line":13,"column":18},"end":{"line":13,"column":39}},"7":{"start":{"line":15,"column":23},"end":{"line":156,"column":1}},"8":{"start":{"line":16,"column":4},"end":{"line":21,"column":5}},"9":{"start":{"line":17,"column":8},"end":{"line":20,"column":10}},"10":{"start":{"line":23,"column":22},"end":{"line":23,"column":44}},"11":{"start":{"line":24,"column":22},"end":{"line":24,"column":44}},"12":{"start":{"line":25,"column":21},"end":{"line":25,"column":42}},"13":{"start":{"line":27,"column":4},"end":{"line":34,"column":5}},"14":{"start":{"line":29,"column":12},"end":{"line":29,"column":99}},"15":{"start":{"line":31,"column":12},"end":{"line":31,"column":99}},"16":{"start":{"line":33,"column":12},"end":{"line":33,"column":107}},"17":{"start":{"line":36,"column":4},"end":{"line":155,"column":5}},"18":{"start":{"line":48,"column":12},"end":{"line":48,"column":34}},"19":{"start":{"line":50,"column":24},"end":{"line":50,"column":68}},"20":{"start":{"line":52,"column":8},"end":{"line":54,"column":9}},"21":{"start":{"line":53,"column":12},"end":{"line":53,"column":95}},"22":{"start":{"line":56,"column":8},"end":{"line":61,"column":9}},"23":{"start":{"line":57,"column":12},"end":{"line":60,"column":14}},"24":{"start":{"line":63,"column":24},"end":{"line":68,"column":10}},"25":{"start":{"line":69,"column":27},"end":{"line":69,"column":55}},"26":{"start":{"line":71,"column":8},"end":{"line":75,"column":9}},"27":{"start":{"line":72,"column":12},"end":{"line":72,"column":147}},"28":{"start":{"line":73,"column":15},"end":{"line":75,"column":9}},"29":{"start":{"line":74,"column":12},"end":{"line":74,"column":98}},"30":{"start":{"line":77,"column":23},"end":{"line":77,"column":45}},"31":{"start":{"line":80,"column":26},"end":{"line":83,"column":11}},"32":{"start":{"line":84,"column":8},"end":{"line":89,"column":9}},"33":{"start":{"line":85,"column":12},"end":{"line":88,"column":14}},"34":{"start":{"line":92,"column":27},"end":{"line":96,"column":11}},"35":{"start":{"line":97,"column":8},"end":{"line":102,"column":9}},"36":{"start":{"line":98,"column":12},"end":{"line":101,"column":14}},"37":{"start":{"line":104,"column":23},"end":{"line":104,"column":35}},"38":{"start":{"line":105,"column":8},"end":{"line":121,"column":10}},"39":{"start":{"line":123,"column":8},"end":{"line":142,"column":12}},"40":{"start":{"line":145,"column":8},"end":{"line":148,"column":10}},"41":{"start":{"line":150,"column":8},"end":{"line":150,"column":53}},"42":{"start":{"line":151,"column":8},"end":{"line":154,"column":10}},"43":{"start":{"line":15,"column":13},"end":{"line":15,"column":23}}},"fnMap":{"0":{"name":"(anonymous_0)","decl":{"start":{"line":15,"column":23},"end":{"line":15,"column":28}},"loc":{"start":{"line":15,"column":93},"end":{"line":156,"column":1}}}},"branchMap":{"0":{"loc":{"start":{"line":16,"column":4},"end":{"line":21,"column":5}},"type":"if","locations":[{"start":{"line":16,"column":4},"end":{"line":21,"column":5}}]},"1":{"loc":{"start":{"line":27,"column":4},"end":{"line":34,"column":5}},"type":"switch","locations":[{"start":{"line":28,"column":8},"end":{"line":29,"column":99}},{"start":{"line":30,"column":8},"end":{"line":31,"column":99}},{"start":{"line":32,"column":8},"end":{"line":33,"column":107}}]},"2":{"loc":{"start":{"line":52,"column":8},"end":{"line":54,"column":9}},"type":"if","locations":[{"start":{"line":52,"column":8},"end":{"line":54,"column":9}}]},"3":{"loc":{"start":{"line":56,"column":8},"end":{"line":61,"column":9}},"type":"if","locations":[{"start":{"line":56,"column":8},"end":{"line":61,"column":9}}]},"4":{"loc":{"start":{"line":56,"column":12},"end":{"line":56,"column":64}},"type":"binary-expr","locations":[{"start":{"line":56,"column":12},"end":{"line":56,"column":22}},{"start":{"line":56,"column":26},"end":{"line":56,"column":35}},{"start":{"line":56,"column":39},"end":{"line":56,"column":49}},{"start":{"line":56,"column":53},"end":{"line":56,"column":64}}]},"5":{"loc":{"start":{"line":71,"column":8},"end":{"line":75,"column":9}},"type":"if","locations":[{"start":{"line":71,"column":8},"end":{"line":75,"column":9}},{"start":{"line":73,"column":15},"end":{"line":75,"column":9}}]},"6":{"loc":{"start":{"line":73,"column":15},"end":{"line":75,"column":9}},"type":"if","locations":[{"start":{"line":73,"column":15},"end":{"line":75,"column":9}}]},"7":{"loc":{"start":{"line":84,"column":8},"end":{"line":89,"column":9}},"type":"if","locations":[{"start":{"line":84,"column":8},"end":{"line":89,"column":9}}]},"8":{"loc":{"start":{"line":97,"column":8},"end":{"line":102,"column":9}},"type":"if","locations":[{"start":{"line":97,"column":8},"end":{"line":102,"column":9}}]},"9":{"loc":{"start":{"line":97,"column":12},"end":{"line":97,"column":65}},"type":"binary-expr","locations":[{"start":{"line":97,"column":12},"end":{"line":97,"column":28}},{"start":{"line":97,"column":32},"end":{"line":97,"column":65}}]}},"s":{"0":1,"1":1,"2":1,"3":1,"4":1,"5":1,"6":1,"7":1,"8":16,"9":1,"10":15,"11":15,"12":15,"13":15,"14":1,"15":1,"16":1,"17":12,"18":12,"19":11,"20":11,"21":1,"22":10,"23":4,"24":6,"25":6,"26":5,"27":1,"28":4,"29":1,"30":3,"31":3,"32":3,"33":1,"34":2,"35":2,"36":1,"37":1,"38":1,"39":0,"40":0,"41":3,"42":3,"43":1},"f":{"0":16},"b":{"0":[1],"1":[1,1,1],"2":[1],"3":[4],"4":[10,9,8,7],"5":[1,4],"6":[1],"7":[1],"8":[1],"9":[2,2]}}
,"/Users/brian/myRewards/pipeline/lambda/user/createUser.ts": {"path":"/Users/brian/myRewards/pipeline/lambda/user/createUser.ts","statementMap":{"0":{"start":{"line":1,"column":0},"end":{"line":1,"column":58}},"1":{"start":{"line":2,"column":0},"end":{"line":2,"column":87}},"2":{"start":{"line":3,"column":0},"end":{"line":3,"column":66}},"3":{"start":{"line":6,"column":15},"end":{"line":6,"column":37}},"4":{"start":{"line":7,"column":17},"end":{"line":7,"column":52}},"5":{"start":{"line":8,"column":12},"end":{"line":8,"column":50}},"6":{"start":{"line":10,"column":23},"end":{"line":85,"column":1}},"7":{"start":{"line":11,"column":20},"end":{"line":11,"column":37}},"8":{"start":{"line":12,"column":22},"end":{"line":12,"column":46}},"9":{"start":{"line":13,"column":16},"end":{"line":13,"column":33}},"10":{"start":{"line":15,"column":4},"end":{"line":84,"column":5}},"11":{"start":{"line":16,"column":48},"end":{"line":16,"column":53}},"12":{"start":{"line":18,"column":30},"end":{"line":21,"column":10}},"13":{"start":{"line":22,"column":29},"end":{"line":22,"column":79}},"14":{"start":{"line":24,"column":8},"end":{"line":27,"column":9}},"15":{"start":{"line":25,"column":12},"end":{"line":25,"column":47}},"16":{"start":{"line":26,"column":12},"end":{"line":26,"column":25}},"17":{"start":{"line":29,"column":8},"end":{"line":32,"column":9}},"18":{"start":{"line":30,"column":12},"end":{"line":30,"column":57}},"19":{"start":{"line":31,"column":12},"end":{"line":31,"column":59}},"20":{"start":{"line":34,"column":25},"end":{"line":47,"column":10}},"21":{"start":{"line":49,"column":23},"end":{"line":53,"column":10}},"22":{"start":{"line":55,"column":8},"end":{"line":63,"column":9}},"23":{"start":{"line":56,"column":12},"end":{"line":56,"column":40}},"24":{"start":{"line":58,"column":12},"end":{"line":61,"column":13}},"25":{"start":{"line":59,"column":16},"end":{"line":59,"column":88}},"26":{"start":{"line":60,"column":16},"end":{"line":60,"column":29}},"27":{"start":{"line":62,"column":12},"end":{"line":62,"column":24}},"28":{"start":{"line":65,"column":28},"end":{"line":75,"column":10}},"29":{"start":{"line":77,"column":8},"end":{"line":77,"column":58}},"30":{"start":{"line":79,"column":8},"end":{"line":79,"column":21}},"31":{"start":{"line":82,"column":8},"end":{"line":82,"column":53}},"32":{"start":{"line":83,"column":8},"end":{"line":83,"column":20}},"33":{"start":{"line":10,"column":13},"end":{"line":10,"column":23}}},"fnMap":{"0":{"name":"(anonymous_0)","decl":{"start":{"line":10,"column":23},"end":{"line":10,"column":28}},"loc":{"start":{"line":10,"column":68},"end":{"line":85,"column":1}}}},"branchMap":{"0":{"loc":{"start":{"line":24,"column":8},"end":{"line":27,"column":9}},"type":"if","locations":[{"start":{"line":24,"column":8},"end":{"line":27,"column":9}}]},"1":{"loc":{"start":{"line":29,"column":8},"end":{"line":32,"column":9}},"type":"if","locations":[{"start":{"line":29,"column":8},"end":{"line":32,"column":9}}]},"2":{"loc":{"start":{"line":29,"column":12},"end":{"line":29,"column":131}},"type":"binary-expr","locations":[{"start":{"line":29,"column":12},"end":{"line":29,"column":33}},{"start":{"line":29,"column":37},"end":{"line":29,"column":63}},{"start":{"line":29,"column":67},"end":{"line":29,"column":94}},{"start":{"line":29,"column":98},"end":{"line":29,"column":117}},{"start":{"line":29,"column":121},"end":{"line":29,"column":131}}]},"3":{"loc":{"start":{"line":37,"column":23},"end":{"line":37,"column":105}},"type":"cond-expr","locations":[{"start":{"line":37,"column":50},"end":{"line":37,"column":98}},{"start":{"line":37,"column":101},"end":{"line":37,"column":105}}]},"4":{"loc":{"start":{"line":58,"column":12},"end":{"line":61,"column":13}},"type":"if","locations":[{"start":{"line":58,"column":12},"end":{"line":61,"column":13}}]}},"s":{"0":1,"1":1,"2":1,"3":1,"4":1,"5":1,"6":1,"7":7,"8":7,"9":7,"10":7,"11":7,"12":7,"13":7,"14":7,"15":1,"16":1,"17":6,"18":1,"19":1,"20":5,"21":5,"22":5,"23":5,"24":2,"25":1,"26":1,"27":1,"28":3,"29":3,"30":2,"31":3,"32":3,"33":1},"f":{"0":7},"b":{"0":[1],"1":[1],"2":[6,5,5,5,5],"3":[1,4],"4":[1]}}
,"/Users/brian/myRewards/pipeline/lambda/user/createUserBusiness.ts": {"path":"/Users/brian/myRewards/pipeline/lambda/user/createUserBusiness.ts","statementMap":{"0":{"start":{"line":1,"column":0},"end":{"line":1,"column":58}},"1":{"start":{"line":2,"column":0},"end":{"line":2,"column":75}},"2":{"start":{"line":4,"column":0},"end":{"line":4,"column":66}},"3":{"start":{"line":8,"column":15},"end":{"line":8,"column":37}},"4":{"start":{"line":9,"column":12},"end":{"line":9,"column":50}},"5":{"start":{"line":10,"column":17},"end":{"line":10,"column":52}},"6":{"start":{"line":12,"column":23},"end":{"line":73,"column":1}},"7":{"start":{"line":13,"column":20},"end":{"line":13,"column":37}},"8":{"start":{"line":14,"column":22},"end":{"line":14,"column":46}},"9":{"start":{"line":15,"column":16},"end":{"line":15,"column":33}},"10":{"start":{"line":17,"column":2},"end":{"line":72,"column":3}},"11":{"start":{"line":18,"column":44},"end":{"line":18,"column":49}},"12":{"start":{"line":20,"column":4},"end":{"line":23,"column":5}},"13":{"start":{"line":21,"column":6},"end":{"line":21,"column":51}},"14":{"start":{"line":22,"column":6},"end":{"line":22,"column":53}},"15":{"start":{"line":25,"column":21},"end":{"line":43,"column":6}},"16":{"start":{"line":45,"column":19},"end":{"line":49,"column":6}},"17":{"start":{"line":51,"column":4},"end":{"line":51,"column":32}},"18":{"start":{"line":53,"column":24},"end":{"line":63,"column":6}},"19":{"start":{"line":65,"column":4},"end":{"line":65,"column":54}},"20":{"start":{"line":67,"column":4},"end":{"line":67,"column":17}},"21":{"start":{"line":70,"column":4},"end":{"line":70,"column":49}},"22":{"start":{"line":71,"column":4},"end":{"line":71,"column":16}},"23":{"start":{"line":12,"column":13},"end":{"line":12,"column":23}}},"fnMap":{"0":{"name":"(anonymous_0)","decl":{"start":{"line":12,"column":23},"end":{"line":12,"column":28}},"loc":{"start":{"line":12,"column":69},"end":{"line":73,"column":1}}}},"branchMap":{"0":{"loc":{"start":{"line":20,"column":4},"end":{"line":23,"column":5}},"type":"if","locations":[{"start":{"line":20,"column":4},"end":{"line":23,"column":5}}]},"1":{"loc":{"start":{"line":20,"column":8},"end":{"line":20,"column":127}},"type":"binary-expr","locations":[{"start":{"line":20,"column":8},"end":{"line":20,"column":29}},{"start":{"line":20,"column":33},"end":{"line":20,"column":59}},{"start":{"line":20,"column":63},"end":{"line":20,"column":90}},{"start":{"line":20,"column":94},"end":{"line":20,"column":113}},{"start":{"line":20,"column":117},"end":{"line":20,"column":127}}]},"2":{"loc":{"start":{"line":28,"column":17},"end":{"line":28,"column":99}},"type":"cond-expr","locations":[{"start":{"line":28,"column":44},"end":{"line":28,"column":92}},{"start":{"line":28,"column":95},"end":{"line":28,"column":99}}]}},"s":{"0":1,"1":1,"2":1,"3":1,"4":1,"5":1,"6":1,"7":6,"8":6,"9":6,"10":6,"11":6,"12":6,"13":2,"14":2,"15":4,"16":4,"17":4,"18":3,"19":3,"20":2,"21":4,"22":4,"23":1},"f":{"0":6},"b":{"0":[2],"1":[6,6,5,5,5],"2":[3,1]}}
,"/Users/brian/myRewards/pipeline/lambda/user/Plans/getPlan.ts": {"path":"/Users/brian/myRewards/pipeline/lambda/user/Plans/getPlan.ts","statementMap":{"0":{"start":{"line":1,"column":0},"end":{"line":1,"column":58}},"1":{"start":{"line":2,"column":0},"end":{"line":2,"column":89}},"2":{"start":{"line":6,"column":15},"end":{"line":6,"column":37}},"3":{"start":{"line":7,"column":17},"end":{"line":7,"column":52}},"4":{"start":{"line":31,"column":19},"end":{"line":31,"column":42}},"5":{"start":{"line":32,"column":21},"end":{"line":32,"column":46}},"6":{"start":{"line":33,"column":17},"end":{"line":33,"column":38}},"7":{"start":{"line":35,"column":23},"end":{"line":107,"column":1}},"8":{"start":{"line":37,"column":23},"end":{"line":37,"column":56}},"9":{"start":{"line":38,"column":20},"end":{"line":38,"column":64}},"10":{"start":{"line":40,"column":2},"end":{"line":106,"column":3}},"11":{"start":{"line":42,"column":4},"end":{"line":42,"column":18}},"12":{"start":{"line":43,"column":4},"end":{"line":43,"column":33}},"13":{"start":{"line":45,"column":22},"end":{"line":52,"column":6}},"14":{"start":{"line":54,"column":22},"end":{"line":54,"column":52}},"15":{"start":{"line":55,"column":16},"end":{"line":55,"column":30}},"16":{"start":{"line":57,"column":4},"end":{"line":62,"column":5}},"17":{"start":{"line":58,"column":6},"end":{"line":61,"column":8}},"18":{"start":{"line":64,"column":22},"end":{"line":70,"column":6}},"19":{"start":{"line":72,"column":23},"end":{"line":72,"column":53}},"20":{"start":{"line":74,"column":23},"end":{"line":74,"column":42}},"21":{"start":{"line":76,"column":39},"end":{"line":76,"column":134}},"22":{"start":{"line":78,"column":30},"end":{"line":93,"column":6}},"23":{"start":{"line":95,"column":4},"end":{"line":98,"column":6}},"24":{"start":{"line":101,"column":4},"end":{"line":101,"column":35}},"25":{"start":{"line":102,"column":4},"end":{"line":105,"column":6}},"26":{"start":{"line":35,"column":13},"end":{"line":35,"column":23}},"27":{"start":{"line":110,"column":2},"end":{"line":112,"column":3}},"28":{"start":{"line":111,"column":4},"end":{"line":111,"column":44}},"29":{"start":{"line":116,"column":2},"end":{"line":121,"column":3}},"30":{"start":{"line":118,"column":6},"end":{"line":118,"column":41}},"31":{"start":{"line":120,"column":8},"end":{"line":120,"column":54}},"32":{"start":{"line":125,"column":57},"end":{"line":128,"column":4}},"33":{"start":{"line":130,"column":45},"end":{"line":130,"column":54}},"34":{"start":{"line":132,"column":2},"end":{"line":138,"column":3}},"35":{"start":{"line":133,"column":4},"end":{"line":133,"column":45}},"36":{"start":{"line":134,"column":4},"end":{"line":134,"column":54}},"37":{"start":{"line":135,"column":9},"end":{"line":138,"column":3}},"38":{"start":{"line":136,"column":4},"end":{"line":136,"column":47}},"39":{"start":{"line":137,"column":4},"end":{"line":137,"column":58}},"40":{"start":{"line":140,"column":24},"end":{"line":146,"column":4}},"41":{"start":{"line":148,"column":17},"end":{"line":148,"column":49}},"42":{"start":{"line":150,"column":2},"end":{"line":150,"column":null}},"43":{"start":{"line":150,"column":38},"end":{"line":150,"column":76}}},"fnMap":{"0":{"name":"(anonymous_0)","decl":{"start":{"line":35,"column":23},"end":{"line":35,"column":28}},"loc":{"start":{"line":35,"column":61},"end":{"line":107,"column":1}}},"1":{"name":"validateEnv","decl":{"start":{"line":109,"column":9},"end":{"line":109,"column":20}},"loc":{"start":{"line":109,"column":20},"end":{"line":113,"column":1}}},"2":{"name":"validateIds","decl":{"start":{"line":115,"column":9},"end":{"line":115,"column":20}},"loc":{"start":{"line":115,"column":72},"end":{"line":122,"column":1}}},"3":{"name":"getActiveRewards","decl":{"start":{"line":124,"column":15},"end":{"line":124,"column":31}},"loc":{"start":{"line":124,"column":84},"end":{"line":151,"column":1}}},"4":{"name":"(anonymous_4)","decl":{"start":{"line":150,"column":29},"end":{"line":150,"column":33}},"loc":{"start":{"line":150,"column":38},"end":{"line":150,"column":76}}}},"branchMap":{"0":{"loc":{"start":{"line":37,"column":23},"end":{"line":37,"column":56}},"type":"binary-expr","locations":[{"start":{"line":37,"column":23},"end":{"line":37,"column":50}},{"start":{"line":37,"column":54},"end":{"line":37,"column":56}}]},"1":{"loc":{"start":{"line":57,"column":4},"end":{"line":62,"column":5}},"type":"if","locations":[{"start":{"line":57,"column":4},"end":{"line":62,"column":5}}]},"2":{"loc":{"start":{"line":76,"column":39},"end":{"line":76,"column":134}},"type":"cond-expr","locations":[{"start":{"line":76,"column":57},"end":{"line":76,"column":129}},{"start":{"line":76,"column":132},"end":{"line":76,"column":134}}]},"3":{"loc":{"start":{"line":80,"column":25},"end":{"line":80,"column":72}},"type":"cond-expr","locations":[{"start":{"line":80,"column":41},"end":{"line":80,"column":60}},{"start":{"line":80,"column":63},"end":{"line":80,"column":72}}]},"4":{"loc":{"start":{"line":81,"column":27},"end":{"line":81,"column":76}},"type":"cond-expr","locations":[{"start":{"line":81,"column":43},"end":{"line":81,"column":64}},{"start":{"line":81,"column":67},"end":{"line":81,"column":76}}]},"5":{"loc":{"start":{"line":83,"column":14},"end":{"line":83,"column":42}},"type":"binary-expr","locations":[{"start":{"line":83,"column":14},"end":{"line":83,"column":37}},{"start":{"line":83,"column":41},"end":{"line":83,"column":42}}]},"6":{"loc":{"start":{"line":84,"column":14},"end":{"line":84,"column":42}},"type":"binary-expr","locations":[{"start":{"line":84,"column":14},"end":{"line":84,"column":37}},{"start":{"line":84,"column":41},"end":{"line":84,"column":42}}]},"7":{"loc":{"start":{"line":86,"column":17},"end":{"line":86,"column":39}},"type":"binary-expr","locations":[{"start":{"line":86,"column":17},"end":{"line":86,"column":30}},{"start":{"line":86,"column":34},"end":{"line":86,"column":39}}]},"8":{"loc":{"start":{"line":87,"column":17},"end":{"line":87,"column":39}},"type":"binary-expr","locations":[{"start":{"line":87,"column":17},"end":{"line":87,"column":30}},{"start":{"line":87,"column":34},"end":{"line":87,"column":39}}]},"9":{"loc":{"start":{"line":110,"column":2},"end":{"line":112,"column":3}},"type":"if","locations":[{"start":{"line":110,"column":2},"end":{"line":112,"column":3}}]},"10":{"loc":{"start":{"line":110,"column":6},"end":{"line":110,"column":47}},"type":"binary-expr","locations":[{"start":{"line":110,"column":6},"end":{"line":110,"column":17}},{"start":{"line":110,"column":21},"end":{"line":110,"column":34}},{"start":{"line":110,"column":38},"end":{"line":110,"column":47}}]},"11":{"loc":{"start":{"line":116,"column":2},"end":{"line":121,"column":3}},"type":"switch","locations":[{"start":{"line":117,"column":4},"end":{"line":118,"column":41}},{"start":{"line":119,"column":6},"end":{"line":120,"column":54}}]},"12":{"loc":{"start":{"line":132,"column":2},"end":{"line":138,"column":3}},"type":"if","locations":[{"start":{"line":132,"column":2},"end":{"line":138,"column":3}},{"start":{"line":135,"column":9},"end":{"line":138,"column":3}}]},"13":{"loc":{"start":{"line":132,"column":6},"end":{"line":132,"column":29}},"type":"binary-expr","locations":[{"start":{"line":132,"column":6},"end":{"line":132,"column":15}},{"start":{"line":132,"column":19},"end":{"line":132,"column":29}}]},"14":{"loc":{"start":{"line":135,"column":9},"end":{"line":138,"column":3}},"type":"if","locations":[{"start":{"line":135,"column":9},"end":{"line":138,"column":3}}]},"15":{"loc":{"start":{"line":135,"column":13},"end":{"line":135,"column":36}},"type":"binary-expr","locations":[{"start":{"line":135,"column":13},"end":{"line":135,"column":22}},{"start":{"line":135,"column":26},"end":{"line":135,"column":36}}]},"16":{"loc":{"start":{"line":145,"column":8},"end":{"line":145,"column":70}},"type":"cond-expr","locations":[{"start":{"line":145,"column":27},"end":{"line":145,"column":65}},{"start":{"line":145,"column":68},"end":{"line":145,"column":70}}]},"17":{"loc":{"start":{"line":150,"column":10},"end":{"line":150,"column":97}},"type":"binary-expr","locations":[{"start":{"line":150,"column":10},"end":{"line":150,"column":91}},{"start":{"line":150,"column":95},"end":{"line":150,"column":97}}]}},"s":{"0":1,"1":1,"2":1,"3":1,"4":1,"5":1,"6":1,"7":1,"8":9,"9":9,"10":9,"11":9,"12":0,"13":0,"14":0,"15":0,"16":0,"17":0,"18":0,"19":0,"20":0,"21":0,"22":0,"23":0,"24":9,"25":9,"26":1,"27":9,"28":9,"29":0,"30":0,"31":0,"32":0,"33":0,"34":0,"35":0,"36":0,"37":0,"38":0,"39":0,"40":0,"41":0,"42":0,"43":0},"f":{"0":9,"1":9,"2":0,"3":0,"4":0},"b":{"0":[9,0],"1":[0],"2":[0,0],"3":[0,0],"4":[0,0],"5":[0,0],"6":[0,0],"7":[0,0],"8":[0,0],"9":[9],"10":[9,0,0],"11":[0,0],"12":[0,0],"13":[0,0],"14":[0],"15":[0,0],"16":[0,0],"17":[0,0]}}
}
