{"/Users/brian/myRewards/pipeline/lambda/cloudWatch/squareTokenUpdater.ts": {"path":"/Users/brian/myRewards/pipeline/lambda/cloudWatch/squareTokenUpdater.ts","statementMap":{"0":{"start":{"line":1,"column":0},"end":{"line":1,"column":58}},"1":{"start":{"line":2,"column":0},"end":{"line":2,"column":129}},"2":{"start":{"line":3,"column":0},"end":{"line":3,"column":33}},"3":{"start":{"line":4,"column":0},"end":{"line":4,"column":56}},"4":{"start":{"line":6,"column":21},"end":{"line":6,"column":43}},"5":{"start":{"line":7,"column":17},"end":{"line":7,"column":58}},"6":{"start":{"line":16,"column":23},"end":{"line":105,"column":1}},"7":{"start":{"line":17,"column":4},"end":{"line":104,"column":5}},"8":{"start":{"line":18,"column":25},"end":{"line":18,"column":46}},"9":{"start":{"line":19,"column":32},"end":{"line":19,"column":54}},"10":{"start":{"line":20,"column":25},"end":{"line":20,"column":47}},"11":{"start":{"line":21,"column":24},"end":{"line":21,"column":43}},"12":{"start":{"line":23,"column":8},"end":{"line":34,"column":9}},"13":{"start":{"line":25,"column":12},"end":{"line":28,"column":14}},"14":{"start":{"line":30,"column":12},"end":{"line":33,"column":14}},"15":{"start":{"line":36,"column":20},"end":{"line":36,"column":30}},"16":{"start":{"line":37,"column":39},"end":{"line":37,"column":86}},"17":{"start":{"line":38,"column":27},"end":{"line":38,"column":63}},"18":{"start":{"line":40,"column":29},"end":{"line":40,"column":69}},"19":{"start":{"line":42,"column":27},"end":{"line":48,"column":10}},"20":{"start":{"line":50,"column":31},"end":{"line":50,"column":62}},"21":{"start":{"line":51,"column":30},"end":{"line":51,"column":59}},"22":{"start":{"line":53,"column":23},"end":{"line":55,"column":10}},"23":{"start":{"line":57,"column":31},"end":{"line":90,"column":10}},"24":{"start":{"line":58,"column":12},"end":{"line":58,"column":62}},"25":{"start":{"line":58,"column":55},"end":{"line":58,"column":62}},"26":{"start":{"line":60,"column":43},"end":{"line":60,"column":53}},"27":{"start":{"line":61,"column":12},"end":{"line":61,"column":84}},"28":{"start":{"line":63,"column":12},"end":{"line":89,"column":13}},"29":{"start":{"line":64,"column":33},"end":{"line":69,"column":18}},"30":{"start":{"line":71,"column":16},"end":{"line":86,"column":17}},"31":{"start":{"line":72,"column":46},"end":{"line":72,"column":86}},"32":{"start":{"line":74,"column":41},"end":{"line":83,"column":22}},"33":{"start":{"line":85,"column":20},"end":{"line":85,"column":54}},"34":{"start":{"line":88,"column":16},"end":{"line":88,"column":91}},"35":{"start":{"line":92,"column":8},"end":{"line":92,"column":42}},"36":{"start":{"line":94,"column":8},"end":{"line":97,"column":10}},"37":{"start":{"line":99,"column":8},"end":{"line":99,"column":63}},"38":{"start":{"line":100,"column":8},"end":{"line":103,"column":10}},"39":{"start":{"line":16,"column":13},"end":{"line":16,"column":23}}},"fnMap":{"0":{"name":"(anonymous_0)","decl":{"start":{"line":16,"column":23},"end":{"line":16,"column":28}},"loc":{"start":{"line":16,"column":34},"end":{"line":105,"column":1}}},"1":{"name":"(anonymous_1)","decl":{"start":{"line":57,"column":49},"end":{"line":57,"column":54}},"loc":{"start":{"line":57,"column":63},"end":{"line":90,"column":9}}}},"branchMap":{"0":{"loc":{"start":{"line":23,"column":8},"end":{"line":34,"column":9}},"type":"switch","locations":[{"start":{"line":24,"column":10},"end":{"line":28,"column":14}},{"start":{"line":29,"column":10},"end":{"line":33,"column":14}}]},"1":{"loc":{"start":{"line":24,"column":15},"end":{"line":24,"column":43}},"type":"binary-expr","locations":[{"start":{"line":24,"column":15},"end":{"line":24,"column":31}},{"start":{"line":24,"column":35},"end":{"line":24,"column":43}}]},"2":{"loc":{"start":{"line":50,"column":16},"end":{"line":50,"column":26}},"type":"default-arg","locations":[{"start":{"line":50,"column":24},"end":{"line":50,"column":26}}]},"3":{"loc":{"start":{"line":54,"column":25},"end":{"line":54,"column":115}},"type":"cond-expr","locations":[{"start":{"line":54,"column":45},"end":{"line":54,"column":80}},{"start":{"line":54,"column":83},"end":{"line":54,"column":115}}]},"4":{"loc":{"start":{"line":58,"column":12},"end":{"line":58,"column":62}},"type":"if","locations":[{"start":{"line":58,"column":12},"end":{"line":58,"column":62}}]},"5":{"loc":{"start":{"line":58,"column":16},"end":{"line":58,"column":53}},"type":"binary-expr","locations":[{"start":{"line":58,"column":16},"end":{"line":58,"column":31}},{"start":{"line":58,"column":35},"end":{"line":58,"column":53}}]},"6":{"loc":{"start":{"line":71,"column":16},"end":{"line":86,"column":17}},"type":"if","locations":[{"start":{"line":71,"column":16},"end":{"line":86,"column":17}}]},"7":{"loc":{"start":{"line":71,"column":20},"end":{"line":71,"column":99}},"type":"binary-expr","locations":[{"start":{"line":71,"column":20},"end":{"line":71,"column":40}},{"start":{"line":71,"column":44},"end":{"line":71,"column":74}},{"start":{"line":71,"column":78},"end":{"line":71,"column":99}}]}},"s":{"0":1,"1":1,"2":1,"3":1,"4":1,"5":1,"6":1,"7":7,"8":7,"9":7,"10":7,"11":7,"12":7,"13":1,"14":1,"15":5,"16":5,"17":5,"18":5,"19":5,"20":5,"21":5,"22":5,"23":5,"24":6,"25":2,"26":4,"27":4,"28":4,"29":4,"30":3,"31":3,"32":3,"33":3,"34":1,"35":5,"36":5,"37":0,"38":0,"39":1},"f":{"0":7,"1":6},"b":{"0":[1,1],"1":[7,6],"2":[0],"3":[1,4],"4":[2],"5":[6,5],"6":[3],"7":[3,3,3]}}
,"/Users/brian/myRewards/pipeline/lambda/constants/square.ts": {"path":"/Users/brian/myRewards/pipeline/lambda/constants/square.ts","statementMap":{"0":{"start":{"line":1,"column":0},"end":{"line":1,"column":92}},"1":{"start":{"line":2,"column":21},"end":{"line":2,"column":70}},"2":{"start":{"line":4,"column":33},"end":{"line":17,"column":1}},"3":{"start":{"line":5,"column":17},"end":{"line":5,"column":92}},"4":{"start":{"line":7,"column":4},"end":{"line":9,"column":5}},"5":{"start":{"line":8,"column":8},"end":{"line":8,"column":68}},"6":{"start":{"line":11,"column":19},"end":{"line":11,"column":48}},"7":{"start":{"line":13,"column":4},"end":{"line":16,"column":6}},"8":{"start":{"line":4,"column":13},"end":{"line":4,"column":33}}},"fnMap":{"0":{"name":"(anonymous_0)","decl":{"start":{"line":4,"column":33},"end":{"line":4,"column":38}},"loc":{"start":{"line":4,"column":101},"end":{"line":17,"column":1}}}},"branchMap":{"0":{"loc":{"start":{"line":7,"column":4},"end":{"line":9,"column":5}},"type":"if","locations":[{"start":{"line":7,"column":4},"end":{"line":9,"column":5}}]}},"s":{"0":2,"1":2,"2":2,"3":6,"4":5,"5":1,"6":4,"7":3,"8":2},"f":{"0":6},"b":{"0":[1]}}
,"/Users/brian/myRewards/pipeline/lambda/constants/validOrganization.ts": {"path":"/Users/brian/myRewards/pipeline/lambda/constants/validOrganization.ts","statementMap":{"0":{"start":{"line":1,"column":0},"end":{"line":1,"column":94}},"1":{"start":{"line":4,"column":21},"end":{"line":4,"column":70}},"2":{"start":{"line":6,"column":20},"end":{"line":21,"column":1}},"3":{"start":{"line":7,"column":29},"end":{"line":7,"column":72}},"4":{"start":{"line":8,"column":26},"end":{"line":12,"column":6}},"5":{"start":{"line":15,"column":4},"end":{"line":17,"column":70}},"6":{"start":{"line":19,"column":4},"end":{"line":19,"column":71}},"7":{"start":{"line":6,"column":13},"end":{"line":6,"column":20}},"8":{"start":{"line":23,"column":31},"end":{"line":32,"column":1}},"9":{"start":{"line":24,"column":17},"end":{"line":24,"column":92}},"10":{"start":{"line":26,"column":4},"end":{"line":28,"column":5}},"11":{"start":{"line":27,"column":8},"end":{"line":27,"column":68}},"12":{"start":{"line":30,"column":19},"end":{"line":30,"column":48}},"13":{"start":{"line":31,"column":4},"end":{"line":31,"column":28}},"14":{"start":{"line":23,"column":13},"end":{"line":23,"column":31}}},"fnMap":{"0":{"name":"(anonymous_0)","decl":{"start":{"line":6,"column":20},"end":{"line":6,"column":25}},"loc":{"start":{"line":6,"column":79},"end":{"line":21,"column":1}}},"1":{"name":"(anonymous_1)","decl":{"start":{"line":23,"column":31},"end":{"line":23,"column":36}},"loc":{"start":{"line":23,"column":82},"end":{"line":32,"column":1}}}},"branchMap":{"0":{"loc":{"start":{"line":15,"column":4},"end":{"line":17,"column":70}},"type":"binary-expr","locations":[{"start":{"line":15,"column":4},"end":{"line":15,"column":30}},{"start":{"line":16,"column":5},"end":{"line":16,"column":83}},{"start":{"line":17,"column":5},"end":{"line":17,"column":69}}]},"1":{"loc":{"start":{"line":19,"column":12},"end":{"line":19,"column":69}},"type":"binary-expr","locations":[{"start":{"line":19,"column":12},"end":{"line":19,"column":35}},{"start":{"line":19,"column":39},"end":{"line":19,"column":69}}]},"2":{"loc":{"start":{"line":26,"column":4},"end":{"line":28,"column":5}},"type":"if","locations":[{"start":{"line":26,"column":4},"end":{"line":28,"column":5}}]}},"s":{"0":2,"1":2,"2":2,"3":7,"4":6,"5":6,"6":6,"7":2,"8":2,"9":5,"10":4,"11":1,"12":3,"13":2,"14":2},"f":{"0":7,"1":5},"b":{"0":[6,5,2],"1":[6,4],"2":[1]}}
,"/Users/brian/myRewards/pipeline/lambda/likes/setLike.ts": {"path":"/Users/brian/myRewards/pipeline/lambda/likes/setLike.ts","statementMap":{"0":{"start":{"line":1,"column":0},"end":{"line":1,"column":58}},"1":{"start":{"line":2,"column":0},"end":{"line":2,"column":90}},"2":{"start":{"line":5,"column":15},"end":{"line":5,"column":37}},"3":{"start":{"line":6,"column":17},"end":{"line":6,"column":52}},"4":{"start":{"line":8,"column":23},"end":{"line":66,"column":1}},"5":{"start":{"line":9,"column":23},"end":{"line":9,"column":46}},"6":{"start":{"line":10,"column":19},"end":{"line":10,"column":62}},"7":{"start":{"line":11,"column":24},"end":{"line":11,"column":50}},"8":{"start":{"line":13,"column":4},"end":{"line":20,"column":5}},"9":{"start":{"line":15,"column":12},"end":{"line":15,"column":99}},"10":{"start":{"line":17,"column":12},"end":{"line":17,"column":91}},"11":{"start":{"line":19,"column":12},"end":{"line":19,"column":108}},"12":{"start":{"line":22,"column":4},"end":{"line":65,"column":5}},"13":{"start":{"line":23,"column":26},"end":{"line":29,"column":10}},"14":{"start":{"line":31,"column":25},"end":{"line":31,"column":55}},"15":{"start":{"line":33,"column":33},"end":{"line":33,"column":63}},"16":{"start":{"line":35,"column":29},"end":{"line":47,"column":10}},"17":{"start":{"line":49,"column":31},"end":{"line":49,"column":64}},"18":{"start":{"line":51,"column":8},"end":{"line":57,"column":10}},"19":{"start":{"line":60,"column":8},"end":{"line":60,"column":39}},"20":{"start":{"line":61,"column":8},"end":{"line":64,"column":10}},"21":{"start":{"line":8,"column":13},"end":{"line":8,"column":23}}},"fnMap":{"0":{"name":"(anonymous_0)","decl":{"start":{"line":8,"column":23},"end":{"line":8,"column":28}},"loc":{"start":{"line":8,"column":61},"end":{"line":66,"column":1}}}},"branchMap":{"0":{"loc":{"start":{"line":11,"column":24},"end":{"line":11,"column":50}},"type":"binary-expr","locations":[{"start":{"line":11,"column":24},"end":{"line":11,"column":44}},{"start":{"line":11,"column":48},"end":{"line":11,"column":50}}]},"1":{"loc":{"start":{"line":13,"column":4},"end":{"line":20,"column":5}},"type":"switch","locations":[{"start":{"line":14,"column":8},"end":{"line":15,"column":99}},{"start":{"line":16,"column":8},"end":{"line":17,"column":91}},{"start":{"line":18,"column":8},"end":{"line":19,"column":108}}]},"2":{"loc":{"start":{"line":33,"column":33},"end":{"line":33,"column":63}},"type":"cond-expr","locations":[{"start":{"line":33,"column":40},"end":{"line":33,"column":56}},{"start":{"line":33,"column":59},"end":{"line":33,"column":63}}]},"3":{"loc":{"start":{"line":54,"column":33},"end":{"line":54,"column":71}},"type":"cond-expr","locations":[{"start":{"line":54,"column":52},"end":{"line":54,"column":59}},{"start":{"line":54,"column":62},"end":{"line":54,"column":71}}]}},"s":{"0":1,"1":1,"2":1,"3":1,"4":1,"5":5,"6":5,"7":5,"8":5,"9":1,"10":1,"11":1,"12":2,"13":2,"14":2,"15":2,"16":2,"17":2,"18":2,"19":0,"20":0,"21":1},"f":{"0":5},"b":{"0":[5,1],"1":[1,1,1],"2":[1,1],"3":[1,1]}}
,"/Users/brian/myRewards/pipeline/lambda/organization/getAccount.ts": {"path":"/Users/brian/myRewards/pipeline/lambda/organization/getAccount.ts","statementMap":{"0":{"start":{"line":1,"column":0},"end":{"line":1,"column":null}},"1":{"start":{"line":6,"column":0},"end":{"line":6,"column":null}},"2":{"start":{"line":13,"column":21},"end":{"line":13,"column":43}},"3":{"start":{"line":14,"column":17},"end":{"line":14,"column":58}},"4":{"start":{"line":16,"column":23},"end":{"line":105,"column":1}},"5":{"start":{"line":19,"column":2},"end":{"line":104,"column":3}},"6":{"start":{"line":20,"column":20},"end":{"line":20,"column":64}},"7":{"start":{"line":21,"column":21},"end":{"line":21,"column":42}},"8":{"start":{"line":22,"column":22},"end":{"line":22,"column":44}},"9":{"start":{"line":24,"column":4},"end":{"line":29,"column":5}},"10":{"start":{"line":25,"column":6},"end":{"line":28,"column":8}},"11":{"start":{"line":31,"column":4},"end":{"line":36,"column":5}},"12":{"start":{"line":32,"column":6},"end":{"line":35,"column":8}},"13":{"start":{"line":38,"column":20},"end":{"line":41,"column":6}},"14":{"start":{"line":43,"column":17},"end":{"line":43,"column":45}},"15":{"start":{"line":45,"column":4},"end":{"line":50,"column":5}},"16":{"start":{"line":46,"column":6},"end":{"line":49,"column":8}},"17":{"start":{"line":52,"column":18},"end":{"line":52,"column":53}},"18":{"start":{"line":54,"column":4},"end":{"line":59,"column":5}},"19":{"start":{"line":55,"column":6},"end":{"line":58,"column":8}},"20":{"start":{"line":61,"column":19},"end":{"line":64,"column":6}},"21":{"start":{"line":66,"column":16},"end":{"line":66,"column":43}},"22":{"start":{"line":68,"column":4},"end":{"line":73,"column":5}},"23":{"start":{"line":69,"column":6},"end":{"line":72,"column":8}},"24":{"start":{"line":75,"column":4},"end":{"line":80,"column":5}},"25":{"start":{"line":76,"column":6},"end":{"line":79,"column":8}},"26":{"start":{"line":82,"column":18},"end":{"line":82,"column":47}},"27":{"start":{"line":84,"column":4},"end":{"line":100,"column":6}},"28":{"start":{"line":102,"column":4},"end":{"line":102,"column":57}},"29":{"start":{"line":103,"column":4},"end":{"line":103,"column":64}},"30":{"start":{"line":16,"column":13},"end":{"line":16,"column":23}}},"fnMap":{"0":{"name":"(anonymous_0)","decl":{"start":{"line":16,"column":23},"end":{"line":16,"column":28}},"loc":{"start":{"line":18,"column":36},"end":{"line":105,"column":1}}}},"branchMap":{"0":{"loc":{"start":{"line":24,"column":4},"end":{"line":29,"column":5}},"type":"if","locations":[{"start":{"line":24,"column":4},"end":{"line":29,"column":5}}]},"1":{"loc":{"start":{"line":24,"column":8},"end":{"line":24,"column":31}},"type":"binary-expr","locations":[{"start":{"line":24,"column":8},"end":{"line":24,"column":18}},{"start":{"line":24,"column":22},"end":{"line":24,"column":31}}]},"2":{"loc":{"start":{"line":31,"column":4},"end":{"line":36,"column":5}},"type":"if","locations":[{"start":{"line":31,"column":4},"end":{"line":36,"column":5}}]},"3":{"loc":{"start":{"line":45,"column":4},"end":{"line":50,"column":5}},"type":"if","locations":[{"start":{"line":45,"column":4},"end":{"line":50,"column":5}}]},"4":{"loc":{"start":{"line":52,"column":18},"end":{"line":52,"column":53}},"type":"cond-expr","locations":[{"start":{"line":52,"column":30},"end":{"line":52,"column":46}},{"start":{"line":52,"column":49},"end":{"line":52,"column":53}}]},"5":{"loc":{"start":{"line":54,"column":4},"end":{"line":59,"column":5}},"type":"if","locations":[{"start":{"line":54,"column":4},"end":{"line":59,"column":5}}]},"6":{"loc":{"start":{"line":68,"column":4},"end":{"line":73,"column":5}},"type":"if","locations":[{"start":{"line":68,"column":4},"end":{"line":73,"column":5}}]},"7":{"loc":{"start":{"line":75,"column":4},"end":{"line":80,"column":5}},"type":"if","locations":[{"start":{"line":75,"column":4},"end":{"line":80,"column":5}}]}},"s":{"0":1,"1":1,"2":1,"3":1,"4":1,"5":10,"6":10,"7":10,"8":10,"9":10,"10":2,"11":8,"12":1,"13":7,"14":7,"15":6,"16":1,"17":4,"18":4,"19":1,"20":3,"21":3,"22":3,"23":1,"24":2,"25":1,"26":1,"27":1,"28":2,"29":2,"30":1},"f":{"0":10},"b":{"0":[2],"1":[10,9],"2":[1],"3":[1],"4":[4,0],"5":[1],"6":[1],"7":[1]}}
,"/Users/brian/myRewards/pipeline/lambda/organization/getBilling.ts": {"path":"/Users/brian/myRewards/pipeline/lambda/organization/getBilling.ts","statementMap":{"0":{"start":{"line":1,"column":0},"end":{"line":1,"column":58}},"1":{"start":{"line":2,"column":0},"end":{"line":2,"column":75}},"2":{"start":{"line":4,"column":0},"end":{"line":4,"column":28}},"3":{"start":{"line":6,"column":0},"end":{"line":6,"column":65}},"4":{"start":{"line":7,"column":0},"end":{"line":7,"column":60}},"5":{"start":{"line":9,"column":21},"end":{"line":9,"column":43}},"6":{"start":{"line":10,"column":17},"end":{"line":10,"column":58}},"7":{"start":{"line":20,"column":18},"end":{"line":139,"column":1}},"8":{"start":{"line":21,"column":4},"end":{"line":138,"column":7}},"9":{"start":{"line":23,"column":31},"end":{"line":27,"column":null}},"10":{"start":{"line":30,"column":33},"end":{"line":30,"column":76}},"11":{"start":{"line":32,"column":30},"end":{"line":36,"column":10}},"12":{"start":{"line":39,"column":8},"end":{"line":59,"column":9}},"13":{"start":{"line":40,"column":12},"end":{"line":58,"column":null}},"14":{"start":{"line":61,"column":29},"end":{"line":61,"column":50}},"15":{"start":{"line":63,"column":32},"end":{"line":66,"column":10}},"16":{"start":{"line":69,"column":29},"end":{"line":73,"column":10}},"17":{"start":{"line":76,"column":42},"end":{"line":76,"column":44}},"18":{"start":{"line":78,"column":8},"end":{"line":89,"column":9}},"19":{"start":{"line":79,"column":12},"end":{"line":88,"column":15}},"20":{"start":{"line":91,"column":35},"end":{"line":93,"column":56}},"21":{"start":{"line":93,"column":28},"end":{"line":93,"column":49}},"22":{"start":{"line":96,"column":8},"end":{"line":108,"column":11}},"23":{"start":{"line":97,"column":12},"end":{"line":107,"column":15}},"24":{"start":{"line":110,"column":8},"end":{"line":110,"column":null}},"25":{"start":{"line":112,"column":8},"end":{"line":130,"column":10}},"26":{"start":{"line":133,"column":8},"end":{"line":133,"column":null}},"27":{"start":{"line":134,"column":8},"end":{"line":137,"column":null}},"28":{"start":{"line":141,"column":23},"end":{"line":224,"column":1}},"29":{"start":{"line":142,"column":4},"end":{"line":223,"column":5}},"30":{"start":{"line":143,"column":24},"end":{"line":143,"column":68}},"31":{"start":{"line":145,"column":25},"end":{"line":145,"column":46}},"32":{"start":{"line":146,"column":26},"end":{"line":146,"column":48}},"33":{"start":{"line":147,"column":26},"end":{"line":147,"column":48}},"34":{"start":{"line":149,"column":8},"end":{"line":153,"column":9}},"35":{"start":{"line":150,"column":44},"end":{"line":150,"column":125}},"36":{"start":{"line":151,"column":29},"end":{"line":151,"column":111}},"37":{"start":{"line":152,"column":31},"end":{"line":152,"column":113}},"38":{"start":{"line":155,"column":24},"end":{"line":162,"column":10}},"39":{"start":{"line":164,"column":27},"end":{"line":164,"column":55}},"40":{"start":{"line":166,"column":8},"end":{"line":168,"column":9}},"41":{"start":{"line":167,"column":12},"end":{"line":167,"column":97}},"42":{"start":{"line":170,"column":22},"end":{"line":170,"column":44}},"43":{"start":{"line":171,"column":28},"end":{"line":171,"column":55}},"44":{"start":{"line":173,"column":8},"end":{"line":175,"column":9}},"45":{"start":{"line":174,"column":12},"end":{"line":174,"column":89}},"46":{"start":{"line":177,"column":23},"end":{"line":184,"column":10}},"47":{"start":{"line":186,"column":20},"end":{"line":186,"column":47}},"48":{"start":{"line":188,"column":8},"end":{"line":190,"column":9}},"49":{"start":{"line":189,"column":12},"end":{"line":189,"column":97}},"50":{"start":{"line":192,"column":8},"end":{"line":194,"column":9}},"51":{"start":{"line":193,"column":12},"end":{"line":193,"column":98}},"52":{"start":{"line":197,"column":8},"end":{"line":200,"column":9}},"53":{"start":{"line":198,"column":12},"end":{"line":198,"column":63}},"54":{"start":{"line":199,"column":12},"end":{"line":199,"column":134}},"55":{"start":{"line":199,"column":34},"end":{"line":199,"column":134}},"56":{"start":{"line":202,"column":8},"end":{"line":205,"column":9}},"57":{"start":{"line":203,"column":12},"end":{"line":203,"column":85}},"58":{"start":{"line":204,"column":12},"end":{"line":204,"column":117}},"59":{"start":{"line":204,"column":25},"end":{"line":204,"column":117}},"60":{"start":{"line":207,"column":27},"end":{"line":207,"column":62}},"61":{"start":{"line":208,"column":8},"end":{"line":218,"column":12}},"62":{"start":{"line":221,"column":8},"end":{"line":221,"column":56}},"63":{"start":{"line":222,"column":8},"end":{"line":222,"column":93}},"64":{"start":{"line":141,"column":13},"end":{"line":141,"column":23}}},"fnMap":{"0":{"name":"(anonymous_0)","decl":{"start":{"line":20,"column":18},"end":{"line":20,"column":23}},"loc":{"start":{"line":20,"column":72},"end":{"line":139,"column":1}}},"1":{"name":"(anonymous_1)","decl":{"start":{"line":93,"column":18},"end":{"line":93,"column":19}},"loc":{"start":{"line":93,"column":28},"end":{"line":93,"column":49}}},"2":{"name":"(anonymous_2)","decl":{"start":{"line":96,"column":35},"end":{"line":96,"column":36}},"loc":{"start":{"line":96,"column":47},"end":{"line":108,"column":9}}},"3":{"name":"(anonymous_3)","decl":{"start":{"line":141,"column":23},"end":{"line":141,"column":28}},"loc":{"start":{"line":141,"column":93},"end":{"line":224,"column":1}}}},"branchMap":{"0":{"loc":{"start":{"line":39,"column":8},"end":{"line":59,"column":9}},"type":"if","locations":[{"start":{"line":39,"column":8},"end":{"line":59,"column":9}}]},"1":{"loc":{"start":{"line":39,"column":11},"end":{"line":39,"column":61}},"type":"binary-expr","locations":[{"start":{"line":39,"column":11},"end":{"line":39,"column":25}},{"start":{"line":39,"column":29},"end":{"line":39,"column":61}}]},"2":{"loc":{"start":{"line":45,"column":39},"end":{"line":49,"column":26}},"type":"cond-expr","locations":[{"start":{"line":46,"column":23},"end":{"line":48,"column":93}},{"start":{"line":49,"column":22},"end":{"line":49,"column":26}}]},"3":{"loc":{"start":{"line":45,"column":40},"end":{"line":45,"column":86}},"type":"binary-expr","locations":[{"start":{"line":45,"column":40},"end":{"line":45,"column":56}},{"start":{"line":45,"column":60},"end":{"line":45,"column":86}}]},"4":{"loc":{"start":{"line":46,"column":23},"end":{"line":48,"column":93}},"type":"cond-expr","locations":[{"start":{"line":47,"column":25},"end":{"line":47,"column":81}},{"start":{"line":48,"column":25},"end":{"line":48,"column":93}}]},"5":{"loc":{"start":{"line":48,"column":25},"end":{"line":48,"column":93}},"type":"binary-expr","locations":[{"start":{"line":48,"column":25},"end":{"line":48,"column":85}},{"start":{"line":48,"column":89},"end":{"line":48,"column":93}}]},"6":{"loc":{"start":{"line":56,"column":36},"end":{"line":56,"column":77}},"type":"cond-expr","locations":[{"start":{"line":56,"column":53},"end":{"line":56,"column":72}},{"start":{"line":56,"column":75},"end":{"line":56,"column":77}}]},"7":{"loc":{"start":{"line":78,"column":8},"end":{"line":89,"column":9}},"type":"if","locations":[{"start":{"line":78,"column":8},"end":{"line":89,"column":9}}]},"8":{"loc":{"start":{"line":91,"column":35},"end":{"line":93,"column":56}},"type":"binary-expr","locations":[{"start":{"line":91,"column":35},"end":{"line":93,"column":50}},{"start":{"line":93,"column":54},"end":{"line":93,"column":56}}]},"9":{"loc":{"start":{"line":105,"column":25},"end":{"line":105,"column":52}},"type":"binary-expr","locations":[{"start":{"line":105,"column":25},"end":{"line":105,"column":44}},{"start":{"line":105,"column":48},"end":{"line":105,"column":52}}]},"10":{"loc":{"start":{"line":115,"column":23},"end":{"line":115,"column":83}},"type":"cond-expr","locations":[{"start":{"line":115,"column":41},"end":{"line":115,"column":76}},{"start":{"line":115,"column":79},"end":{"line":115,"column":83}}]},"11":{"loc":{"start":{"line":116,"column":35},"end":{"line":120,"column":22}},"type":"cond-expr","locations":[{"start":{"line":117,"column":19},"end":{"line":119,"column":89}},{"start":{"line":120,"column":18},"end":{"line":120,"column":22}}]},"12":{"loc":{"start":{"line":116,"column":36},"end":{"line":116,"column":82}},"type":"binary-expr","locations":[{"start":{"line":116,"column":36},"end":{"line":116,"column":52}},{"start":{"line":116,"column":56},"end":{"line":116,"column":82}}]},"13":{"loc":{"start":{"line":117,"column":19},"end":{"line":119,"column":89}},"type":"cond-expr","locations":[{"start":{"line":118,"column":21},"end":{"line":118,"column":77}},{"start":{"line":119,"column":21},"end":{"line":119,"column":89}}]},"14":{"loc":{"start":{"line":119,"column":21},"end":{"line":119,"column":89}},"type":"binary-expr","locations":[{"start":{"line":119,"column":21},"end":{"line":119,"column":81}},{"start":{"line":119,"column":85},"end":{"line":119,"column":89}}]},"15":{"loc":{"start":{"line":121,"column":21},"end":{"line":121,"column":70}},"type":"binary-expr","locations":[{"start":{"line":121,"column":21},"end":{"line":121,"column":62}},{"start":{"line":121,"column":66},"end":{"line":121,"column":70}}]},"16":{"loc":{"start":{"line":128,"column":32},"end":{"line":128,"column":73}},"type":"cond-expr","locations":[{"start":{"line":128,"column":49},"end":{"line":128,"column":68}},{"start":{"line":128,"column":71},"end":{"line":128,"column":73}}]},"17":{"loc":{"start":{"line":149,"column":8},"end":{"line":153,"column":9}},"type":"switch","locations":[{"start":{"line":150,"column":12},"end":{"line":150,"column":125}},{"start":{"line":151,"column":12},"end":{"line":151,"column":111}},{"start":{"line":152,"column":12},"end":{"line":152,"column":113}}]},"18":{"loc":{"start":{"line":150,"column":18},"end":{"line":150,"column":41}},"type":"binary-expr","locations":[{"start":{"line":150,"column":18},"end":{"line":150,"column":27}},{"start":{"line":150,"column":31},"end":{"line":150,"column":41}}]},"19":{"loc":{"start":{"line":166,"column":8},"end":{"line":168,"column":9}},"type":"if","locations":[{"start":{"line":166,"column":8},"end":{"line":168,"column":9}}]},"20":{"loc":{"start":{"line":173,"column":8},"end":{"line":175,"column":9}},"type":"if","locations":[{"start":{"line":173,"column":8},"end":{"line":175,"column":9}}]},"21":{"loc":{"start":{"line":188,"column":8},"end":{"line":190,"column":9}},"type":"if","locations":[{"start":{"line":188,"column":8},"end":{"line":190,"column":9}}]},"22":{"loc":{"start":{"line":192,"column":8},"end":{"line":194,"column":9}},"type":"if","locations":[{"start":{"line":192,"column":8},"end":{"line":194,"column":9}}]},"23":{"loc":{"start":{"line":197,"column":8},"end":{"line":200,"column":9}},"type":"if","locations":[{"start":{"line":197,"column":8},"end":{"line":200,"column":9}}]},"24":{"loc":{"start":{"line":199,"column":12},"end":{"line":199,"column":134}},"type":"if","locations":[{"start":{"line":199,"column":12},"end":{"line":199,"column":134}}]},"25":{"loc":{"start":{"line":202,"column":8},"end":{"line":205,"column":9}},"type":"if","locations":[{"start":{"line":202,"column":8},"end":{"line":205,"column":9}}]},"26":{"loc":{"start":{"line":204,"column":12},"end":{"line":204,"column":117}},"type":"if","locations":[{"start":{"line":204,"column":12},"end":{"line":204,"column":117}}]}},"s":{"0":1,"1":1,"2":1,"3":1,"4":1,"5":1,"6":1,"7":1,"8":3,"9":3,"10":2,"11":2,"12":2,"13":1,"14":1,"15":1,"16":1,"17":1,"18":1,"19":1,"20":1,"21":0,"22":1,"23":1,"24":1,"25":1,"26":1,"27":1,"28":1,"29":10,"30":10,"31":10,"32":10,"33":10,"34":10,"35":1,"36":1,"37":0,"38":8,"39":8,"40":8,"41":1,"42":7,"43":7,"44":7,"45":0,"46":7,"47":7,"48":6,"49":1,"50":5,"51":1,"52":4,"53":2,"54":2,"55":1,"56":3,"57":1,"58":1,"59":0,"60":3,"61":3,"62":1,"63":1,"64":1},"f":{"0":3,"1":0,"2":1,"3":10},"b":{"0":[1],"1":[2,2],"2":[1,0],"3":[1,1],"4":[1,0],"5":[0,0],"6":[1,0],"7":[1],"8":[1,0],"9":[1,0],"10":[1,0],"11":[1,0],"12":[1,1],"13":[1,0],"14":[0,0],"15":[1,1],"16":[1,0],"17":[1,1,0],"18":[10,9],"19":[1],"20":[0],"21":[1],"22":[1],"23":[2],"24":[1],"25":[1],"26":[0]}}
,"/Users/brian/myRewards/pipeline/lambda/organization/getOrg.ts": {"path":"/Users/brian/myRewards/pipeline/lambda/organization/getOrg.ts","statementMap":{"0":{"start":{"line":1,"column":0},"end":{"line":1,"column":57}},"1":{"start":{"line":2,"column":0},"end":{"line":2,"column":89}},"2":{"start":{"line":6,"column":21},"end":{"line":6,"column":62}},"3":{"start":{"line":7,"column":17},"end":{"line":7,"column":58}},"4":{"start":{"line":9,"column":23},"end":{"line":107,"column":1}},"5":{"start":{"line":10,"column":20},"end":{"line":10,"column":64}},"6":{"start":{"line":12,"column":4},"end":{"line":106,"column":5}},"7":{"start":{"line":13,"column":25},"end":{"line":13,"column":46}},"8":{"start":{"line":14,"column":26},"end":{"line":14,"column":48}},"9":{"start":{"line":15,"column":26},"end":{"line":15,"column":48}},"10":{"start":{"line":17,"column":8},"end":{"line":20,"column":9}},"11":{"start":{"line":18,"column":44},"end":{"line":18,"column":125}},"12":{"start":{"line":19,"column":29},"end":{"line":19,"column":111}},"13":{"start":{"line":22,"column":24},"end":{"line":29,"column":12}},"14":{"start":{"line":31,"column":27},"end":{"line":31,"column":55}},"15":{"start":{"line":33,"column":8},"end":{"line":35,"column":9}},"16":{"start":{"line":34,"column":12},"end":{"line":34,"column":97}},"17":{"start":{"line":37,"column":22},"end":{"line":37,"column":44}},"18":{"start":{"line":38,"column":28},"end":{"line":38,"column":55}},"19":{"start":{"line":40,"column":23},"end":{"line":43,"column":12}},"20":{"start":{"line":45,"column":26},"end":{"line":45,"column":53}},"21":{"start":{"line":47,"column":8},"end":{"line":49,"column":9}},"22":{"start":{"line":48,"column":12},"end":{"line":48,"column":97}},"23":{"start":{"line":51,"column":29},"end":{"line":51,"column":64}},"24":{"start":{"line":53,"column":8},"end":{"line":58,"column":9}},"25":{"start":{"line":54,"column":12},"end":{"line":57,"column":14}},"26":{"start":{"line":60,"column":27},"end":{"line":67,"column":12}},"27":{"start":{"line":69,"column":28},"end":{"line":69,"column":59}},"28":{"start":{"line":71,"column":8},"end":{"line":73,"column":9}},"29":{"start":{"line":72,"column":12},"end":{"line":72,"column":95}},"30":{"start":{"line":75,"column":22},"end":{"line":75,"column":54}},"31":{"start":{"line":77,"column":8},"end":{"line":101,"column":10}},"32":{"start":{"line":104,"column":8},"end":{"line":104,"column":61}},"33":{"start":{"line":105,"column":8},"end":{"line":105,"column":97}},"34":{"start":{"line":9,"column":13},"end":{"line":9,"column":23}}},"fnMap":{"0":{"name":"(anonymous_0)","decl":{"start":{"line":9,"column":23},"end":{"line":9,"column":28}},"loc":{"start":{"line":9,"column":93},"end":{"line":107,"column":1}}}},"branchMap":{"0":{"loc":{"start":{"line":17,"column":8},"end":{"line":20,"column":9}},"type":"switch","locations":[{"start":{"line":18,"column":12},"end":{"line":18,"column":125}},{"start":{"line":19,"column":12},"end":{"line":19,"column":111}}]},"1":{"loc":{"start":{"line":18,"column":18},"end":{"line":18,"column":41}},"type":"binary-expr","locations":[{"start":{"line":18,"column":18},"end":{"line":18,"column":27}},{"start":{"line":18,"column":31},"end":{"line":18,"column":41}}]},"2":{"loc":{"start":{"line":33,"column":8},"end":{"line":35,"column":9}},"type":"if","locations":[{"start":{"line":33,"column":8},"end":{"line":35,"column":9}}]},"3":{"loc":{"start":{"line":47,"column":8},"end":{"line":49,"column":9}},"type":"if","locations":[{"start":{"line":47,"column":8},"end":{"line":49,"column":9}}]},"4":{"loc":{"start":{"line":53,"column":8},"end":{"line":58,"column":9}},"type":"if","locations":[{"start":{"line":53,"column":8},"end":{"line":58,"column":9}}]},"5":{"loc":{"start":{"line":71,"column":8},"end":{"line":73,"column":9}},"type":"if","locations":[{"start":{"line":71,"column":8},"end":{"line":73,"column":9}}]}},"s":{"0":1,"1":1,"2":1,"3":1,"4":1,"5":9,"6":9,"7":9,"8":9,"9":9,"10":9,"11":2,"12":1,"13":6,"14":6,"15":5,"16":1,"17":4,"18":4,"19":4,"20":4,"21":4,"22":1,"23":3,"24":3,"25":1,"26":2,"27":2,"28":2,"29":1,"30":1,"31":1,"32":1,"33":1,"34":1},"f":{"0":9},"b":{"0":[2,1],"1":[9,8],"2":[1],"3":[1],"4":[1],"5":[1]}}
,"/Users/brian/myRewards/pipeline/lambda/organization/newOrganization.ts": {"path":"/Users/brian/myRewards/pipeline/lambda/organization/newOrganization.ts","statementMap":{"0":{"start":{"line":2,"column":0},"end":{"line":2,"column":36}},"1":{"start":{"line":3,"column":0},"end":{"line":3,"column":102}},"2":{"start":{"line":4,"column":0},"end":{"line":4,"column":58}},"3":{"start":{"line":5,"column":0},"end":{"line":5,"column":28}},"4":{"start":{"line":6,"column":0},"end":{"line":6,"column":64}},"5":{"start":{"line":7,"column":0},"end":{"line":7,"column":61}},"6":{"start":{"line":9,"column":0},"end":{"line":9,"column":65}},"7":{"start":{"line":10,"column":0},"end":{"line":10,"column":60}},"8":{"start":{"line":11,"column":0},"end":{"line":11,"column":82}},"9":{"start":{"line":13,"column":11},"end":{"line":13,"column":48}},"10":{"start":{"line":14,"column":21},"end":{"line":14,"column":43}},"11":{"start":{"line":15,"column":17},"end":{"line":15,"column":58}},"12":{"start":{"line":16,"column":18},"end":{"line":16,"column":60}},"13":{"start":{"line":21,"column":33},"end":{"line":40,"column":1}},"14":{"start":{"line":22,"column":4},"end":{"line":39,"column":5}},"15":{"start":{"line":23,"column":23},"end":{"line":27,"column":10}},"16":{"start":{"line":29,"column":25},"end":{"line":29,"column":52}},"17":{"start":{"line":31,"column":8},"end":{"line":33,"column":9}},"18":{"start":{"line":32,"column":12},"end":{"line":32,"column":24}},"19":{"start":{"line":35,"column":8},"end":{"line":35,"column":35}},"20":{"start":{"line":38,"column":8},"end":{"line":38,"column":20}},"21":{"start":{"line":42,"column":25},"end":{"line":57,"column":1}},"22":{"start":{"line":43,"column":4},"end":{"line":56,"column":6}},"23":{"start":{"line":45,"column":28},"end":{"line":49,"column":14}},"24":{"start":{"line":50,"column":12},"end":{"line":54,"column":14}},"25":{"start":{"line":59,"column":23},"end":{"line":246,"column":1}},"26":{"start":{"line":60,"column":4},"end":{"line":65,"column":5}},"27":{"start":{"line":61,"column":8},"end":{"line":64,"column":10}},"28":{"start":{"line":67,"column":21},"end":{"line":67,"column":42}},"29":{"start":{"line":68,"column":22},"end":{"line":68,"column":44}},"30":{"start":{"line":69,"column":23},"end":{"line":69,"column":46}},"31":{"start":{"line":70,"column":24},"end":{"line":70,"column":48}},"32":{"start":{"line":71,"column":22},"end":{"line":71,"column":44}},"33":{"start":{"line":72,"column":29},"end":{"line":72,"column":59}},"34":{"start":{"line":73,"column":23},"end":{"line":73,"column":46}},"35":{"start":{"line":74,"column":19},"end":{"line":74,"column":38}},"36":{"start":{"line":76,"column":4},"end":{"line":84,"column":5}},"37":{"start":{"line":77,"column":38},"end":{"line":77,"column":92}},"38":{"start":{"line":78,"column":25},"end":{"line":78,"column":79}},"39":{"start":{"line":79,"column":27},"end":{"line":79,"column":83}},"40":{"start":{"line":80,"column":26},"end":{"line":80,"column":87}},"41":{"start":{"line":81,"column":32},"end":{"line":81,"column":93}},"42":{"start":{"line":82,"column":26},"end":{"line":82,"column":80}},"43":{"start":{"line":83,"column":22},"end":{"line":83,"column":73}},"44":{"start":{"line":86,"column":4},"end":{"line":245,"column":5}},"45":{"start":{"line":95,"column":12},"end":{"line":95,"column":34}},"46":{"start":{"line":97,"column":24},"end":{"line":97,"column":68}},"47":{"start":{"line":99,"column":32},"end":{"line":99,"column":44}},"48":{"start":{"line":101,"column":8},"end":{"line":103,"column":9}},"49":{"start":{"line":102,"column":12},"end":{"line":102,"column":95}},"50":{"start":{"line":105,"column":8},"end":{"line":107,"column":9}},"51":{"start":{"line":106,"column":12},"end":{"line":106,"column":91}},"52":{"start":{"line":109,"column":8},"end":{"line":112,"column":9}},"53":{"start":{"line":110,"column":12},"end":{"line":110,"column":63}},"54":{"start":{"line":111,"column":12},"end":{"line":111,"column":134}},"55":{"start":{"line":111,"column":34},"end":{"line":111,"column":134}},"56":{"start":{"line":114,"column":8},"end":{"line":117,"column":9}},"57":{"start":{"line":115,"column":12},"end":{"line":115,"column":85}},"58":{"start":{"line":116,"column":12},"end":{"line":116,"column":117}},"59":{"start":{"line":116,"column":25},"end":{"line":116,"column":117}},"60":{"start":{"line":119,"column":26},"end":{"line":119,"column":76}},"61":{"start":{"line":121,"column":8},"end":{"line":123,"column":9}},"62":{"start":{"line":122,"column":12},"end":{"line":122,"column":147}},"63":{"start":{"line":125,"column":31},"end":{"line":130,"column":10}},"64":{"start":{"line":132,"column":8},"end":{"line":134,"column":9}},"65":{"start":{"line":133,"column":12},"end":{"line":133,"column":108}},"66":{"start":{"line":136,"column":25},"end":{"line":136,"column":111}},"67":{"start":{"line":137,"column":22},"end":{"line":137,"column":51}},"68":{"start":{"line":138,"column":27},"end":{"line":138,"column":102}},"69":{"start":{"line":138,"column":53},"end":{"line":138,"column":101}},"70":{"start":{"line":139,"column":24},"end":{"line":139,"column":34}},"71":{"start":{"line":141,"column":29},"end":{"line":178,"column":10}},"72":{"start":{"line":181,"column":27},"end":{"line":189,"column":10}},"73":{"start":{"line":191,"column":30},"end":{"line":191,"column":81}},"74":{"start":{"line":193,"column":29},"end":{"line":207,"column":null}},"75":{"start":{"line":210,"column":8},"end":{"line":218,"column":9}},"76":{"start":{"line":211,"column":12},"end":{"line":217,"column":14}},"77":{"start":{"line":220,"column":23},"end":{"line":220,"column":56}},"78":{"start":{"line":221,"column":8},"end":{"line":221,"column":40}},"79":{"start":{"line":223,"column":8},"end":{"line":231,"column":9}},"80":{"start":{"line":224,"column":12},"end":{"line":230,"column":14}},"81":{"start":{"line":233,"column":8},"end":{"line":239,"column":10}},"82":{"start":{"line":241,"column":8},"end":{"line":244,"column":10}},"83":{"start":{"line":59,"column":13},"end":{"line":59,"column":23}}},"fnMap":{"0":{"name":"(anonymous_0)","decl":{"start":{"line":21,"column":33},"end":{"line":21,"column":38}},"loc":{"start":{"line":21,"column":100},"end":{"line":40,"column":1}}},"1":{"name":"(anonymous_1)","decl":{"start":{"line":42,"column":25},"end":{"line":42,"column":30}},"loc":{"start":{"line":42,"column":89},"end":{"line":57,"column":1}}},"2":{"name":"(anonymous_2)","decl":{"start":{"line":44,"column":21},"end":{"line":44,"column":26}},"loc":{"start":{"line":44,"column":46},"end":{"line":55,"column":9}}},"3":{"name":"(anonymous_3)","decl":{"start":{"line":59,"column":23},"end":{"line":59,"column":28}},"loc":{"start":{"line":59,"column":93},"end":{"line":246,"column":1}}},"4":{"name":"(anonymous_4)","decl":{"start":{"line":138,"column":40},"end":{"line":138,"column":41}},"loc":{"start":{"line":138,"column":53},"end":{"line":138,"column":101}}}},"branchMap":{"0":{"loc":{"start":{"line":31,"column":8},"end":{"line":33,"column":9}},"type":"if","locations":[{"start":{"line":31,"column":8},"end":{"line":33,"column":9}}]},"1":{"loc":{"start":{"line":31,"column":12},"end":{"line":31,"column":63}},"type":"binary-expr","locations":[{"start":{"line":31,"column":12},"end":{"line":31,"column":21}},{"start":{"line":31,"column":25},"end":{"line":31,"column":39}},{"start":{"line":31,"column":43},"end":{"line":31,"column":63}}]},"2":{"loc":{"start":{"line":60,"column":4},"end":{"line":65,"column":5}},"type":"if","locations":[{"start":{"line":60,"column":4},"end":{"line":65,"column":5}}]},"3":{"loc":{"start":{"line":76,"column":4},"end":{"line":84,"column":5}},"type":"switch","locations":[{"start":{"line":77,"column":8},"end":{"line":77,"column":92}},{"start":{"line":78,"column":8},"end":{"line":78,"column":79}},{"start":{"line":79,"column":8},"end":{"line":79,"column":83}},{"start":{"line":80,"column":8},"end":{"line":80,"column":87}},{"start":{"line":81,"column":8},"end":{"line":81,"column":93}},{"start":{"line":82,"column":8},"end":{"line":82,"column":80}},{"start":{"line":83,"column":8},"end":{"line":83,"column":73}}]},"4":{"loc":{"start":{"line":77,"column":13},"end":{"line":77,"column":36}},"type":"binary-expr","locations":[{"start":{"line":77,"column":13},"end":{"line":77,"column":22}},{"start":{"line":77,"column":26},"end":{"line":77,"column":36}}]},"5":{"loc":{"start":{"line":101,"column":8},"end":{"line":103,"column":9}},"type":"if","locations":[{"start":{"line":101,"column":8},"end":{"line":103,"column":9}}]},"6":{"loc":{"start":{"line":105,"column":8},"end":{"line":107,"column":9}},"type":"if","locations":[{"start":{"line":105,"column":8},"end":{"line":107,"column":9}}]},"7":{"loc":{"start":{"line":105,"column":11},"end":{"line":105,"column":36}},"type":"binary-expr","locations":[{"start":{"line":105,"column":11},"end":{"line":105,"column":20}},{"start":{"line":105,"column":24},"end":{"line":105,"column":36}}]},"8":{"loc":{"start":{"line":109,"column":8},"end":{"line":112,"column":9}},"type":"if","locations":[{"start":{"line":109,"column":8},"end":{"line":112,"column":9}}]},"9":{"loc":{"start":{"line":111,"column":12},"end":{"line":111,"column":134}},"type":"if","locations":[{"start":{"line":111,"column":12},"end":{"line":111,"column":134}}]},"10":{"loc":{"start":{"line":114,"column":8},"end":{"line":117,"column":9}},"type":"if","locations":[{"start":{"line":114,"column":8},"end":{"line":117,"column":9}}]},"11":{"loc":{"start":{"line":116,"column":12},"end":{"line":116,"column":117}},"type":"if","locations":[{"start":{"line":116,"column":12},"end":{"line":116,"column":117}}]},"12":{"loc":{"start":{"line":121,"column":8},"end":{"line":123,"column":9}},"type":"if","locations":[{"start":{"line":121,"column":8},"end":{"line":123,"column":9}}]},"13":{"loc":{"start":{"line":132,"column":8},"end":{"line":134,"column":9}},"type":"if","locations":[{"start":{"line":132,"column":8},"end":{"line":134,"column":9}}]},"14":{"loc":{"start":{"line":210,"column":8},"end":{"line":218,"column":9}},"type":"if","locations":[{"start":{"line":210,"column":8},"end":{"line":218,"column":9}}]},"15":{"loc":{"start":{"line":223,"column":8},"end":{"line":231,"column":9}},"type":"if","locations":[{"start":{"line":223,"column":8},"end":{"line":231,"column":9}}]},"16":{"loc":{"start":{"line":243,"column":61},"end":{"line":243,"column":107}},"type":"cond-expr","locations":[{"start":{"line":243,"column":86},"end":{"line":243,"column":99}},{"start":{"line":243,"column":102},"end":{"line":243,"column":107}}]}},"s":{"0":1,"1":1,"2":1,"3":1,"4":1,"5":1,"6":1,"7":1,"8":1,"9":1,"10":1,"11":1,"12":1,"13":1,"14":7,"15":7,"16":7,"17":6,"18":1,"19":5,"20":1,"21":1,"22":4,"23":12,"24":12,"25":1,"26":19,"27":1,"28":18,"29":18,"30":18,"31":18,"32":18,"33":18,"34":18,"35":18,"36":18,"37":2,"38":1,"39":1,"40":1,"41":1,"42":1,"43":1,"44":10,"45":10,"46":10,"47":10,"48":10,"49":1,"50":9,"51":1,"52":8,"53":2,"54":2,"55":1,"56":7,"57":1,"58":1,"59":0,"60":7,"61":7,"62":2,"63":5,"64":5,"65":1,"66":4,"67":4,"68":4,"69":12,"70":4,"71":4,"72":4,"73":4,"74":4,"75":3,"76":2,"77":1,"78":1,"79":1,"80":0,"81":1,"82":1,"83":1},"f":{"0":7,"1":4,"2":12,"3":19,"4":12},"b":{"0":[1],"1":[6,6,6],"2":[1],"3":[2,1,1,1,1,1,1],"4":[18,17],"5":[1],"6":[1],"7":[9,8],"8":[2],"9":[1],"10":[1],"11":[0],"12":[2],"13":[1],"14":[2],"15":[0],"16":[1,0]}}
,"/Users/brian/myRewards/pipeline/lambda/organization/square/link.ts": {"path":"/Users/brian/myRewards/pipeline/lambda/organization/square/link.ts","statementMap":{"0":{"start":{"line":1,"column":0},"end":{"line":1,"column":33}},"1":{"start":{"line":2,"column":0},"end":{"line":2,"column":58}},"2":{"start":{"line":3,"column":0},"end":{"line":3,"column":91}},"3":{"start":{"line":4,"column":0},"end":{"line":4,"column":64}},"4":{"start":{"line":6,"column":0},"end":{"line":6,"column":92}},"5":{"start":{"line":8,"column":0},"end":{"line":8,"column":59}},"6":{"start":{"line":10,"column":21},"end":{"line":10,"column":63}},"7":{"start":{"line":11,"column":17},"end":{"line":11,"column":58}},"8":{"start":{"line":12,"column":18},"end":{"line":12,"column":35}},"9":{"start":{"line":13,"column":21},"end":{"line":13,"column":70}},"10":{"start":{"line":18,"column":23},"end":{"line":184,"column":1}},"11":{"start":{"line":19,"column":2},"end":{"line":24,"column":3}},"12":{"start":{"line":20,"column":4},"end":{"line":23,"column":6}},"13":{"start":{"line":26,"column":23},"end":{"line":26,"column":45}},"14":{"start":{"line":27,"column":18},"end":{"line":27,"column":62}},"15":{"start":{"line":29,"column":20},"end":{"line":29,"column":42}},"16":{"start":{"line":30,"column":19},"end":{"line":30,"column":40}},"17":{"start":{"line":31,"column":26},"end":{"line":31,"column":48}},"18":{"start":{"line":32,"column":19},"end":{"line":32,"column":41}},"19":{"start":{"line":33,"column":18},"end":{"line":33,"column":37}},"20":{"start":{"line":35,"column":2},"end":{"line":56,"column":3}},"21":{"start":{"line":37,"column":6},"end":{"line":40,"column":8}},"22":{"start":{"line":42,"column":6},"end":{"line":45,"column":8}},"23":{"start":{"line":47,"column":6},"end":{"line":50,"column":8}},"24":{"start":{"line":52,"column":6},"end":{"line":55,"column":8}},"25":{"start":{"line":58,"column":2},"end":{"line":183,"column":3}},"26":{"start":{"line":59,"column":20},"end":{"line":66,"column":6}},"27":{"start":{"line":68,"column":23},"end":{"line":68,"column":51}},"28":{"start":{"line":70,"column":4},"end":{"line":72,"column":5}},"29":{"start":{"line":71,"column":6},"end":{"line":71,"column":83}},"30":{"start":{"line":74,"column":19},"end":{"line":77,"column":6}},"31":{"start":{"line":79,"column":22},"end":{"line":79,"column":49}},"32":{"start":{"line":81,"column":4},"end":{"line":83,"column":5}},"33":{"start":{"line":82,"column":6},"end":{"line":82,"column":91}},"34":{"start":{"line":85,"column":25},"end":{"line":85,"column":60}},"35":{"start":{"line":87,"column":4},"end":{"line":89,"column":5}},"36":{"start":{"line":88,"column":6},"end":{"line":88,"column":115}},"37":{"start":{"line":91,"column":19},"end":{"line":93,"column":6}},"38":{"start":{"line":95,"column":4},"end":{"line":102,"column":5}},"39":{"start":{"line":96,"column":27},"end":{"line":96,"column":67}},"40":{"start":{"line":98,"column":6},"end":{"line":98,"column":46}},"41":{"start":{"line":99,"column":6},"end":{"line":99,"column":47}},"42":{"start":{"line":101,"column":6},"end":{"line":101,"column":153}},"43":{"start":{"line":101,"column":53},"end":{"line":101,"column":153}},"44":{"start":{"line":104,"column":21},"end":{"line":110,"column":6}},"45":{"start":{"line":112,"column":53},"end":{"line":112,"column":61}},"46":{"start":{"line":114,"column":4},"end":{"line":119,"column":5}},"47":{"start":{"line":115,"column":6},"end":{"line":118,"column":8}},"48":{"start":{"line":121,"column":27},"end":{"line":124,"column":6}},"49":{"start":{"line":126,"column":21},"end":{"line":126,"column":58}},"50":{"start":{"line":128,"column":4},"end":{"line":130,"column":5}},"51":{"start":{"line":129,"column":8},"end":{"line":129,"column":101}},"52":{"start":{"line":132,"column":25},"end":{"line":140,"column":5}},"53":{"start":{"line":133,"column":22},"end":{"line":136,"column":8}},"54":{"start":{"line":137,"column":24},"end":{"line":137,"column":53}},"55":{"start":{"line":138,"column":6},"end":{"line":138,"column":48}},"56":{"start":{"line":138,"column":36},"end":{"line":138,"column":48}},"57":{"start":{"line":139,"column":6},"end":{"line":139,"column":67}},"58":{"start":{"line":142,"column":33},"end":{"line":142,"column":64}},"59":{"start":{"line":143,"column":34},"end":{"line":143,"column":66}},"60":{"start":{"line":145,"column":4},"end":{"line":150,"column":5}},"61":{"start":{"line":146,"column":6},"end":{"line":149,"column":8}},"62":{"start":{"line":152,"column":22},"end":{"line":165,"column":6}},"63":{"start":{"line":167,"column":4},"end":{"line":167,"column":35}},"64":{"start":{"line":169,"column":4},"end":{"line":172,"column":6}},"65":{"start":{"line":176,"column":4},"end":{"line":182,"column":6}},"66":{"start":{"line":18,"column":13},"end":{"line":18,"column":23}}},"fnMap":{"0":{"name":"(anonymous_0)","decl":{"start":{"line":18,"column":23},"end":{"line":18,"column":28}},"loc":{"start":{"line":18,"column":93},"end":{"line":184,"column":1}}},"1":{"name":"(anonymous_1)","decl":{"start":{"line":132,"column":25},"end":{"line":132,"column":30}},"loc":{"start":{"line":132,"column":49},"end":{"line":140,"column":5}}}},"branchMap":{"0":{"loc":{"start":{"line":19,"column":2},"end":{"line":24,"column":3}},"type":"if","locations":[{"start":{"line":19,"column":2},"end":{"line":24,"column":3}}]},"1":{"loc":{"start":{"line":35,"column":2},"end":{"line":56,"column":3}},"type":"switch","locations":[{"start":{"line":36,"column":4},"end":{"line":40,"column":8}},{"start":{"line":41,"column":4},"end":{"line":45,"column":8}},{"start":{"line":46,"column":4},"end":{"line":50,"column":8}},{"start":{"line":51,"column":4},"end":{"line":55,"column":8}}]},"2":{"loc":{"start":{"line":36,"column":10},"end":{"line":36,"column":31}},"type":"binary-expr","locations":[{"start":{"line":36,"column":10},"end":{"line":36,"column":19}},{"start":{"line":36,"column":23},"end":{"line":36,"column":31}}]},"3":{"loc":{"start":{"line":46,"column":9},"end":{"line":46,"column":32}},"type":"binary-expr","locations":[{"start":{"line":46,"column":9},"end":{"line":46,"column":19}},{"start":{"line":46,"column":23},"end":{"line":46,"column":32}}]},"4":{"loc":{"start":{"line":70,"column":4},"end":{"line":72,"column":5}},"type":"if","locations":[{"start":{"line":70,"column":4},"end":{"line":72,"column":5}}]},"5":{"loc":{"start":{"line":70,"column":7},"end":{"line":70,"column":51}},"type":"binary-expr","locations":[{"start":{"line":70,"column":7},"end":{"line":70,"column":24}},{"start":{"line":70,"column":28},"end":{"line":70,"column":51}}]},"6":{"loc":{"start":{"line":81,"column":4},"end":{"line":83,"column":5}},"type":"if","locations":[{"start":{"line":81,"column":4},"end":{"line":83,"column":5}}]},"7":{"loc":{"start":{"line":87,"column":4},"end":{"line":89,"column":5}},"type":"if","locations":[{"start":{"line":87,"column":4},"end":{"line":89,"column":5}}]},"8":{"loc":{"start":{"line":92,"column":19},"end":{"line":92,"column":109}},"type":"cond-expr","locations":[{"start":{"line":92,"column":39},"end":{"line":92,"column":74}},{"start":{"line":92,"column":77},"end":{"line":92,"column":109}}]},"9":{"loc":{"start":{"line":95,"column":4},"end":{"line":102,"column":5}},"type":"if","locations":[{"start":{"line":95,"column":4},"end":{"line":102,"column":5}}]},"10":{"loc":{"start":{"line":95,"column":8},"end":{"line":95,"column":49}},"type":"binary-expr","locations":[{"start":{"line":95,"column":8},"end":{"line":95,"column":27}},{"start":{"line":95,"column":31},"end":{"line":95,"column":49}}]},"11":{"loc":{"start":{"line":101,"column":6},"end":{"line":101,"column":153}},"type":"if","locations":[{"start":{"line":101,"column":6},"end":{"line":101,"column":153}}]},"12":{"loc":{"start":{"line":101,"column":10},"end":{"line":101,"column":51}},"type":"binary-expr","locations":[{"start":{"line":101,"column":10},"end":{"line":101,"column":29}},{"start":{"line":101,"column":33},"end":{"line":101,"column":51}}]},"13":{"loc":{"start":{"line":114,"column":4},"end":{"line":119,"column":5}},"type":"if","locations":[{"start":{"line":114,"column":4},"end":{"line":119,"column":5}}]},"14":{"loc":{"start":{"line":114,"column":7},"end":{"line":114,"column":36}},"type":"binary-expr","locations":[{"start":{"line":114,"column":7},"end":{"line":114,"column":19}},{"start":{"line":114,"column":23},"end":{"line":114,"column":36}}]},"15":{"loc":{"start":{"line":122,"column":19},"end":{"line":122,"column":109}},"type":"cond-expr","locations":[{"start":{"line":122,"column":39},"end":{"line":122,"column":74}},{"start":{"line":122,"column":77},"end":{"line":122,"column":109}}]},"16":{"loc":{"start":{"line":128,"column":4},"end":{"line":130,"column":5}},"type":"if","locations":[{"start":{"line":128,"column":4},"end":{"line":130,"column":5}}]},"17":{"loc":{"start":{"line":138,"column":6},"end":{"line":138,"column":48}},"type":"if","locations":[{"start":{"line":138,"column":6},"end":{"line":138,"column":48}}]},"18":{"loc":{"start":{"line":145,"column":4},"end":{"line":150,"column":5}},"type":"if","locations":[{"start":{"line":145,"column":4},"end":{"line":150,"column":5}}]},"19":{"loc":{"start":{"line":145,"column":7},"end":{"line":145,"column":54}},"type":"binary-expr","locations":[{"start":{"line":145,"column":7},"end":{"line":145,"column":28}},{"start":{"line":145,"column":32},"end":{"line":145,"column":54}}]}},"s":{"0":1,"1":1,"2":1,"3":1,"4":1,"5":1,"6":1,"7":1,"8":1,"9":1,"10":1,"11":15,"12":1,"13":14,"14":14,"15":14,"16":14,"17":14,"18":14,"19":14,"20":14,"21":2,"22":1,"23":2,"24":1,"25":8,"26":8,"27":8,"28":8,"29":1,"30":7,"31":7,"32":7,"33":1,"34":6,"35":6,"36":1,"37":5,"38":5,"39":1,"40":1,"41":1,"42":1,"43":0,"44":5,"45":4,"46":4,"47":1,"48":3,"49":3,"50":3,"51":1,"52":2,"53":4,"54":4,"55":4,"56":2,"57":2,"58":2,"59":2,"60":2,"61":1,"62":1,"63":1,"64":1,"65":1,"66":1},"f":{"0":15,"1":4},"b":{"0":[1],"1":[2,1,2,1],"2":[14,12],"3":[11,10],"4":[1],"5":[8,7],"6":[1],"7":[1],"8":[0,5],"9":[1],"10":[5,4],"11":[0],"12":[1,1],"13":[1],"14":[4,3],"15":[0,3],"16":[1],"17":[2],"18":[1],"19":[2,1]}}
,"/Users/brian/myRewards/pipeline/lambda/organization/update/account.ts": {"path":"/Users/brian/myRewards/pipeline/lambda/organization/update/account.ts","statementMap":{"0":{"start":{"line":1,"column":0},"end":{"line":1,"column":58}},"1":{"start":{"line":2,"column":0},"end":{"line":2,"column":78}},"2":{"start":{"line":5,"column":21},"end":{"line":5,"column":43}},"3":{"start":{"line":6,"column":17},"end":{"line":6,"column":58}},"4":{"start":{"line":8,"column":23},"end":{"line":70,"column":1}},"5":{"start":{"line":9,"column":2},"end":{"line":69,"column":3}},"6":{"start":{"line":10,"column":20},"end":{"line":10,"column":64}},"7":{"start":{"line":11,"column":4},"end":{"line":16,"column":5}},"8":{"start":{"line":12,"column":6},"end":{"line":15,"column":8}},"9":{"start":{"line":18,"column":22},"end":{"line":18,"column":44}},"10":{"start":{"line":19,"column":4},"end":{"line":24,"column":5}},"11":{"start":{"line":20,"column":6},"end":{"line":23,"column":8}},"12":{"start":{"line":26,"column":4},"end":{"line":31,"column":5}},"13":{"start":{"line":27,"column":6},"end":{"line":30,"column":8}},"14":{"start":{"line":33,"column":28},"end":{"line":33,"column":50}},"15":{"start":{"line":34,"column":4},"end":{"line":39,"column":5}},"16":{"start":{"line":35,"column":6},"end":{"line":38,"column":8}},"17":{"start":{"line":41,"column":26},"end":{"line":49,"column":6}},"18":{"start":{"line":51,"column":19},"end":{"line":51,"column":53}},"19":{"start":{"line":53,"column":4},"end":{"line":59,"column":6}},"20":{"start":{"line":61,"column":4},"end":{"line":61,"column":52}},"21":{"start":{"line":62,"column":4},"end":{"line":68,"column":6}},"22":{"start":{"line":8,"column":13},"end":{"line":8,"column":23}}},"fnMap":{"0":{"name":"(anonymous_0)","decl":{"start":{"line":8,"column":23},"end":{"line":8,"column":28}},"loc":{"start":{"line":8,"column":93},"end":{"line":70,"column":1}}}},"branchMap":{"0":{"loc":{"start":{"line":11,"column":4},"end":{"line":16,"column":5}},"type":"if","locations":[{"start":{"line":11,"column":4},"end":{"line":16,"column":5}}]},"1":{"loc":{"start":{"line":19,"column":4},"end":{"line":24,"column":5}},"type":"if","locations":[{"start":{"line":19,"column":4},"end":{"line":24,"column":5}}]},"2":{"loc":{"start":{"line":26,"column":4},"end":{"line":31,"column":5}},"type":"if","locations":[{"start":{"line":26,"column":4},"end":{"line":31,"column":5}}]},"3":{"loc":{"start":{"line":34,"column":4},"end":{"line":39,"column":5}},"type":"if","locations":[{"start":{"line":34,"column":4},"end":{"line":39,"column":5}}]},"4":{"loc":{"start":{"line":34,"column":8},"end":{"line":34,"column":23}},"type":"binary-expr","locations":[{"start":{"line":34,"column":8},"end":{"line":34,"column":13}},{"start":{"line":34,"column":17},"end":{"line":34,"column":23}}]},"5":{"loc":{"start":{"line":66,"column":17},"end":{"line":66,"column":63}},"type":"cond-expr","locations":[{"start":{"line":66,"column":42},"end":{"line":66,"column":55}},{"start":{"line":66,"column":58},"end":{"line":66,"column":63}}]}},"s":{"0":1,"1":1,"2":1,"3":1,"4":1,"5":6,"6":6,"7":6,"8":1,"9":5,"10":5,"11":1,"12":4,"13":1,"14":3,"15":3,"16":1,"17":2,"18":2,"19":1,"20":1,"21":1,"22":1},"f":{"0":6},"b":{"0":[1],"1":[1],"2":[1],"3":[1],"4":[3,3],"5":[1,0]}}
,"/Users/brian/myRewards/pipeline/lambda/shop/getShopApp.ts": {"path":"/Users/brian/myRewards/pipeline/lambda/shop/getShopApp.ts","statementMap":{"0":{"start":{"line":1,"column":0},"end":{"line":1,"column":58}},"1":{"start":{"line":2,"column":0},"end":{"line":2,"column":75}},"2":{"start":{"line":6,"column":15},"end":{"line":6,"column":37}},"3":{"start":{"line":7,"column":17},"end":{"line":7,"column":52}},"4":{"start":{"line":9,"column":23},"end":{"line":106,"column":1}},"5":{"start":{"line":11,"column":22},"end":{"line":11,"column":44}},"6":{"start":{"line":12,"column":21},"end":{"line":12,"column":42}},"7":{"start":{"line":13,"column":23},"end":{"line":13,"column":46}},"8":{"start":{"line":15,"column":24},"end":{"line":15,"column":57}},"9":{"start":{"line":16,"column":20},"end":{"line":16,"column":64}},"10":{"start":{"line":18,"column":4},"end":{"line":25,"column":5}},"11":{"start":{"line":20,"column":12},"end":{"line":20,"column":94}},"12":{"start":{"line":22,"column":12},"end":{"line":22,"column":91}},"13":{"start":{"line":24,"column":12},"end":{"line":24,"column":103}},"14":{"start":{"line":27,"column":4},"end":{"line":105,"column":5}},"15":{"start":{"line":28,"column":27},"end":{"line":31,"column":10}},"16":{"start":{"line":33,"column":27},"end":{"line":33,"column":58}},"17":{"start":{"line":34,"column":21},"end":{"line":34,"column":36}},"18":{"start":{"line":36,"column":8},"end":{"line":41,"column":9}},"19":{"start":{"line":37,"column":12},"end":{"line":40,"column":14}},"20":{"start":{"line":43,"column":26},"end":{"line":48,"column":10}},"21":{"start":{"line":50,"column":26},"end":{"line":50,"column":56}},"22":{"start":{"line":51,"column":20},"end":{"line":51,"column":34}},"23":{"start":{"line":53,"column":8},"end":{"line":58,"column":9}},"24":{"start":{"line":54,"column":12},"end":{"line":57,"column":14}},"25":{"start":{"line":75,"column":36},"end":{"line":89,"column":10}},"26":{"start":{"line":91,"column":8},"end":{"line":97,"column":10}},"27":{"start":{"line":100,"column":8},"end":{"line":100,"column":null}},"28":{"start":{"line":101,"column":8},"end":{"line":104,"column":10}},"29":{"start":{"line":9,"column":13},"end":{"line":9,"column":23}}},"fnMap":{"0":{"name":"(anonymous_0)","decl":{"start":{"line":9,"column":23},"end":{"line":9,"column":28}},"loc":{"start":{"line":9,"column":61},"end":{"line":106,"column":1}}}},"branchMap":{"0":{"loc":{"start":{"line":15,"column":24},"end":{"line":15,"column":57}},"type":"binary-expr","locations":[{"start":{"line":15,"column":24},"end":{"line":15,"column":51}},{"start":{"line":15,"column":55},"end":{"line":15,"column":57}}]},"1":{"loc":{"start":{"line":18,"column":4},"end":{"line":25,"column":5}},"type":"switch","locations":[{"start":{"line":19,"column":8},"end":{"line":20,"column":94}},{"start":{"line":21,"column":8},"end":{"line":22,"column":91}},{"start":{"line":23,"column":8},"end":{"line":24,"column":103}}]},"2":{"loc":{"start":{"line":19,"column":14},"end":{"line":19,"column":52}},"type":"binary-expr","locations":[{"start":{"line":19,"column":14},"end":{"line":19,"column":24}},{"start":{"line":19,"column":28},"end":{"line":19,"column":37}},{"start":{"line":19,"column":41},"end":{"line":19,"column":52}}]},"3":{"loc":{"start":{"line":36,"column":8},"end":{"line":41,"column":9}},"type":"if","locations":[{"start":{"line":36,"column":8},"end":{"line":41,"column":9}}]},"4":{"loc":{"start":{"line":36,"column":12},"end":{"line":36,"column":82}},"type":"binary-expr","locations":[{"start":{"line":36,"column":12},"end":{"line":36,"column":17}},{"start":{"line":36,"column":21},"end":{"line":36,"column":29}},{"start":{"line":36,"column":33},"end":{"line":36,"column":45}},{"start":{"line":36,"column":49},"end":{"line":36,"column":63}},{"start":{"line":36,"column":67},"end":{"line":36,"column":82}}]},"5":{"loc":{"start":{"line":53,"column":8},"end":{"line":58,"column":9}},"type":"if","locations":[{"start":{"line":53,"column":8},"end":{"line":58,"column":9}}]},"6":{"loc":{"start":{"line":53,"column":12},"end":{"line":53,"column":27}},"type":"binary-expr","locations":[{"start":{"line":53,"column":12},"end":{"line":53,"column":16}},{"start":{"line":53,"column":20},"end":{"line":53,"column":27}}]}},"s":{"0":1,"1":1,"2":1,"3":1,"4":1,"5":7,"6":7,"7":7,"8":7,"9":7,"10":7,"11":1,"12":1,"13":1,"14":4,"15":4,"16":4,"17":4,"18":4,"19":1,"20":3,"21":3,"22":3,"23":3,"24":1,"25":2,"26":2,"27":0,"28":0,"29":1},"f":{"0":7},"b":{"0":[7,0],"1":[1,1,1],"2":[7,6,6],"3":[1],"4":[4,3,3,3,3],"5":[1],"6":[3,2]}}
,"/Users/brian/myRewards/pipeline/lambda/shop/newShop.ts": {"path":"/Users/brian/myRewards/pipeline/lambda/shop/newShop.ts","statementMap":{"0":{"start":{"line":1,"column":0},"end":{"line":1,"column":58}},"1":{"start":{"line":2,"column":0},"end":{"line":2,"column":102}},"2":{"start":{"line":4,"column":0},"end":{"line":4,"column":36}},"3":{"start":{"line":6,"column":15},"end":{"line":6,"column":37}},"4":{"start":{"line":7,"column":17},"end":{"line":7,"column":52}},"5":{"start":{"line":9,"column":23},"end":{"line":122,"column":1}},"6":{"start":{"line":10,"column":4},"end":{"line":15,"column":5}},"7":{"start":{"line":11,"column":8},"end":{"line":14,"column":10}},"8":{"start":{"line":17,"column":22},"end":{"line":17,"column":44}},"9":{"start":{"line":18,"column":22},"end":{"line":18,"column":44}},"10":{"start":{"line":19,"column":21},"end":{"line":19,"column":42}},"11":{"start":{"line":21,"column":4},"end":{"line":28,"column":5}},"12":{"start":{"line":23,"column":12},"end":{"line":23,"column":99}},"13":{"start":{"line":25,"column":12},"end":{"line":25,"column":99}},"14":{"start":{"line":27,"column":12},"end":{"line":27,"column":107}},"15":{"start":{"line":30,"column":4},"end":{"line":121,"column":5}},"16":{"start":{"line":31,"column":63},"end":{"line":31,"column":85}},"17":{"start":{"line":32,"column":24},"end":{"line":32,"column":68}},"18":{"start":{"line":34,"column":8},"end":{"line":36,"column":9}},"19":{"start":{"line":35,"column":12},"end":{"line":35,"column":95}},"20":{"start":{"line":38,"column":8},"end":{"line":43,"column":9}},"21":{"start":{"line":39,"column":12},"end":{"line":42,"column":14}},"22":{"start":{"line":45,"column":24},"end":{"line":50,"column":10}},"23":{"start":{"line":51,"column":27},"end":{"line":51,"column":55}},"24":{"start":{"line":53,"column":8},"end":{"line":57,"column":9}},"25":{"start":{"line":54,"column":12},"end":{"line":54,"column":147}},"26":{"start":{"line":55,"column":15},"end":{"line":57,"column":9}},"27":{"start":{"line":56,"column":12},"end":{"line":56,"column":98}},"28":{"start":{"line":59,"column":22},"end":{"line":59,"column":44}},"29":{"start":{"line":62,"column":26},"end":{"line":65,"column":11}},"30":{"start":{"line":66,"column":8},"end":{"line":71,"column":9}},"31":{"start":{"line":67,"column":12},"end":{"line":70,"column":14}},"32":{"start":{"line":74,"column":27},"end":{"line":78,"column":11}},"33":{"start":{"line":79,"column":8},"end":{"line":84,"column":9}},"34":{"start":{"line":80,"column":12},"end":{"line":83,"column":14}},"35":{"start":{"line":86,"column":23},"end":{"line":86,"column":35}},"36":{"start":{"line":88,"column":8},"end":{"line":101,"column":12}},"37":{"start":{"line":104,"column":8},"end":{"line":109,"column":12}},"38":{"start":{"line":111,"column":8},"end":{"line":114,"column":10}},"39":{"start":{"line":116,"column":8},"end":{"line":116,"column":53}},"40":{"start":{"line":117,"column":8},"end":{"line":120,"column":10}},"41":{"start":{"line":9,"column":13},"end":{"line":9,"column":23}}},"fnMap":{"0":{"name":"(anonymous_0)","decl":{"start":{"line":9,"column":23},"end":{"line":9,"column":28}},"loc":{"start":{"line":9,"column":93},"end":{"line":122,"column":1}}}},"branchMap":{"0":{"loc":{"start":{"line":10,"column":4},"end":{"line":15,"column":5}},"type":"if","locations":[{"start":{"line":10,"column":4},"end":{"line":15,"column":5}}]},"1":{"loc":{"start":{"line":21,"column":4},"end":{"line":28,"column":5}},"type":"switch","locations":[{"start":{"line":22,"column":8},"end":{"line":23,"column":99}},{"start":{"line":24,"column":8},"end":{"line":25,"column":99}},{"start":{"line":26,"column":8},"end":{"line":27,"column":107}}]},"2":{"loc":{"start":{"line":34,"column":8},"end":{"line":36,"column":9}},"type":"if","locations":[{"start":{"line":34,"column":8},"end":{"line":36,"column":9}}]},"3":{"loc":{"start":{"line":38,"column":8},"end":{"line":43,"column":9}},"type":"if","locations":[{"start":{"line":38,"column":8},"end":{"line":43,"column":9}}]},"4":{"loc":{"start":{"line":38,"column":12},"end":{"line":38,"column":64}},"type":"binary-expr","locations":[{"start":{"line":38,"column":12},"end":{"line":38,"column":22}},{"start":{"line":38,"column":26},"end":{"line":38,"column":35}},{"start":{"line":38,"column":39},"end":{"line":38,"column":49}},{"start":{"line":38,"column":53},"end":{"line":38,"column":64}}]},"5":{"loc":{"start":{"line":53,"column":8},"end":{"line":57,"column":9}},"type":"if","locations":[{"start":{"line":53,"column":8},"end":{"line":57,"column":9}},{"start":{"line":55,"column":15},"end":{"line":57,"column":9}}]},"6":{"loc":{"start":{"line":55,"column":15},"end":{"line":57,"column":9}},"type":"if","locations":[{"start":{"line":55,"column":15},"end":{"line":57,"column":9}}]},"7":{"loc":{"start":{"line":66,"column":8},"end":{"line":71,"column":9}},"type":"if","locations":[{"start":{"line":66,"column":8},"end":{"line":71,"column":9}}]},"8":{"loc":{"start":{"line":79,"column":8},"end":{"line":84,"column":9}},"type":"if","locations":[{"start":{"line":79,"column":8},"end":{"line":84,"column":9}}]},"9":{"loc":{"start":{"line":79,"column":12},"end":{"line":79,"column":64}},"type":"binary-expr","locations":[{"start":{"line":79,"column":12},"end":{"line":79,"column":28}},{"start":{"line":79,"column":32},"end":{"line":79,"column":64}}]}},"s":{"0":1,"1":1,"2":1,"3":1,"4":1,"5":1,"6":16,"7":1,"8":15,"9":15,"10":15,"11":15,"12":1,"13":1,"14":1,"15":12,"16":12,"17":11,"18":11,"19":1,"20":10,"21":4,"22":6,"23":6,"24":5,"25":1,"26":4,"27":1,"28":3,"29":3,"30":3,"31":1,"32":2,"33":2,"34":1,"35":1,"36":1,"37":1,"38":1,"39":2,"40":2,"41":1},"f":{"0":16},"b":{"0":[1],"1":[1,1,1],"2":[1],"3":[4],"4":[10,9,8,7],"5":[1,4],"6":[1],"7":[1],"8":[1],"9":[2,2]}}
,"/Users/brian/myRewards/pipeline/lambda/user/createUser.ts": {"path":"/Users/brian/myRewards/pipeline/lambda/user/createUser.ts","statementMap":{"0":{"start":{"line":1,"column":0},"end":{"line":1,"column":58}},"1":{"start":{"line":2,"column":0},"end":{"line":2,"column":87}},"2":{"start":{"line":3,"column":0},"end":{"line":3,"column":66}},"3":{"start":{"line":6,"column":15},"end":{"line":6,"column":37}},"4":{"start":{"line":7,"column":17},"end":{"line":7,"column":52}},"5":{"start":{"line":8,"column":12},"end":{"line":8,"column":50}},"6":{"start":{"line":10,"column":23},"end":{"line":85,"column":1}},"7":{"start":{"line":11,"column":20},"end":{"line":11,"column":37}},"8":{"start":{"line":12,"column":22},"end":{"line":12,"column":46}},"9":{"start":{"line":13,"column":16},"end":{"line":13,"column":33}},"10":{"start":{"line":15,"column":4},"end":{"line":84,"column":5}},"11":{"start":{"line":16,"column":48},"end":{"line":16,"column":53}},"12":{"start":{"line":18,"column":30},"end":{"line":21,"column":10}},"13":{"start":{"line":22,"column":29},"end":{"line":22,"column":79}},"14":{"start":{"line":24,"column":8},"end":{"line":27,"column":9}},"15":{"start":{"line":25,"column":12},"end":{"line":25,"column":47}},"16":{"start":{"line":26,"column":12},"end":{"line":26,"column":25}},"17":{"start":{"line":29,"column":8},"end":{"line":32,"column":9}},"18":{"start":{"line":30,"column":12},"end":{"line":30,"column":57}},"19":{"start":{"line":31,"column":12},"end":{"line":31,"column":59}},"20":{"start":{"line":34,"column":25},"end":{"line":47,"column":10}},"21":{"start":{"line":49,"column":23},"end":{"line":53,"column":10}},"22":{"start":{"line":55,"column":8},"end":{"line":63,"column":9}},"23":{"start":{"line":56,"column":12},"end":{"line":56,"column":40}},"24":{"start":{"line":58,"column":12},"end":{"line":61,"column":13}},"25":{"start":{"line":59,"column":16},"end":{"line":59,"column":88}},"26":{"start":{"line":60,"column":16},"end":{"line":60,"column":29}},"27":{"start":{"line":62,"column":12},"end":{"line":62,"column":24}},"28":{"start":{"line":65,"column":28},"end":{"line":75,"column":10}},"29":{"start":{"line":77,"column":8},"end":{"line":77,"column":58}},"30":{"start":{"line":79,"column":8},"end":{"line":79,"column":21}},"31":{"start":{"line":82,"column":8},"end":{"line":82,"column":53}},"32":{"start":{"line":83,"column":8},"end":{"line":83,"column":20}},"33":{"start":{"line":10,"column":13},"end":{"line":10,"column":23}}},"fnMap":{"0":{"name":"(anonymous_0)","decl":{"start":{"line":10,"column":23},"end":{"line":10,"column":28}},"loc":{"start":{"line":10,"column":68},"end":{"line":85,"column":1}}}},"branchMap":{"0":{"loc":{"start":{"line":24,"column":8},"end":{"line":27,"column":9}},"type":"if","locations":[{"start":{"line":24,"column":8},"end":{"line":27,"column":9}}]},"1":{"loc":{"start":{"line":29,"column":8},"end":{"line":32,"column":9}},"type":"if","locations":[{"start":{"line":29,"column":8},"end":{"line":32,"column":9}}]},"2":{"loc":{"start":{"line":29,"column":12},"end":{"line":29,"column":131}},"type":"binary-expr","locations":[{"start":{"line":29,"column":12},"end":{"line":29,"column":33}},{"start":{"line":29,"column":37},"end":{"line":29,"column":63}},{"start":{"line":29,"column":67},"end":{"line":29,"column":94}},{"start":{"line":29,"column":98},"end":{"line":29,"column":117}},{"start":{"line":29,"column":121},"end":{"line":29,"column":131}}]},"3":{"loc":{"start":{"line":37,"column":23},"end":{"line":37,"column":105}},"type":"cond-expr","locations":[{"start":{"line":37,"column":50},"end":{"line":37,"column":98}},{"start":{"line":37,"column":101},"end":{"line":37,"column":105}}]},"4":{"loc":{"start":{"line":58,"column":12},"end":{"line":61,"column":13}},"type":"if","locations":[{"start":{"line":58,"column":12},"end":{"line":61,"column":13}}]}},"s":{"0":1,"1":1,"2":1,"3":1,"4":1,"5":1,"6":1,"7":7,"8":7,"9":7,"10":7,"11":7,"12":7,"13":7,"14":7,"15":1,"16":1,"17":6,"18":1,"19":1,"20":5,"21":5,"22":5,"23":5,"24":2,"25":1,"26":1,"27":1,"28":3,"29":3,"30":2,"31":3,"32":3,"33":1},"f":{"0":7},"b":{"0":[1],"1":[1],"2":[6,5,5,5,5],"3":[1,4],"4":[1]}}
,"/Users/brian/myRewards/pipeline/lambda/user/createUserBusiness.ts": {"path":"/Users/brian/myRewards/pipeline/lambda/user/createUserBusiness.ts","statementMap":{"0":{"start":{"line":1,"column":0},"end":{"line":1,"column":58}},"1":{"start":{"line":2,"column":0},"end":{"line":2,"column":75}},"2":{"start":{"line":4,"column":0},"end":{"line":4,"column":66}},"3":{"start":{"line":8,"column":15},"end":{"line":8,"column":37}},"4":{"start":{"line":9,"column":12},"end":{"line":9,"column":50}},"5":{"start":{"line":10,"column":17},"end":{"line":10,"column":52}},"6":{"start":{"line":12,"column":23},"end":{"line":73,"column":1}},"7":{"start":{"line":13,"column":20},"end":{"line":13,"column":37}},"8":{"start":{"line":14,"column":22},"end":{"line":14,"column":46}},"9":{"start":{"line":15,"column":16},"end":{"line":15,"column":33}},"10":{"start":{"line":17,"column":2},"end":{"line":72,"column":3}},"11":{"start":{"line":18,"column":44},"end":{"line":18,"column":49}},"12":{"start":{"line":20,"column":4},"end":{"line":23,"column":5}},"13":{"start":{"line":21,"column":6},"end":{"line":21,"column":51}},"14":{"start":{"line":22,"column":6},"end":{"line":22,"column":53}},"15":{"start":{"line":25,"column":21},"end":{"line":43,"column":6}},"16":{"start":{"line":45,"column":19},"end":{"line":49,"column":6}},"17":{"start":{"line":51,"column":4},"end":{"line":51,"column":32}},"18":{"start":{"line":53,"column":24},"end":{"line":63,"column":6}},"19":{"start":{"line":65,"column":4},"end":{"line":65,"column":54}},"20":{"start":{"line":67,"column":4},"end":{"line":67,"column":17}},"21":{"start":{"line":70,"column":4},"end":{"line":70,"column":49}},"22":{"start":{"line":71,"column":4},"end":{"line":71,"column":16}},"23":{"start":{"line":12,"column":13},"end":{"line":12,"column":23}}},"fnMap":{"0":{"name":"(anonymous_0)","decl":{"start":{"line":12,"column":23},"end":{"line":12,"column":28}},"loc":{"start":{"line":12,"column":69},"end":{"line":73,"column":1}}}},"branchMap":{"0":{"loc":{"start":{"line":20,"column":4},"end":{"line":23,"column":5}},"type":"if","locations":[{"start":{"line":20,"column":4},"end":{"line":23,"column":5}}]},"1":{"loc":{"start":{"line":20,"column":8},"end":{"line":20,"column":127}},"type":"binary-expr","locations":[{"start":{"line":20,"column":8},"end":{"line":20,"column":29}},{"start":{"line":20,"column":33},"end":{"line":20,"column":59}},{"start":{"line":20,"column":63},"end":{"line":20,"column":90}},{"start":{"line":20,"column":94},"end":{"line":20,"column":113}},{"start":{"line":20,"column":117},"end":{"line":20,"column":127}}]},"2":{"loc":{"start":{"line":28,"column":17},"end":{"line":28,"column":99}},"type":"cond-expr","locations":[{"start":{"line":28,"column":44},"end":{"line":28,"column":92}},{"start":{"line":28,"column":95},"end":{"line":28,"column":99}}]}},"s":{"0":1,"1":1,"2":1,"3":1,"4":1,"5":1,"6":1,"7":6,"8":6,"9":6,"10":6,"11":6,"12":6,"13":2,"14":2,"15":4,"16":4,"17":4,"18":3,"19":3,"20":2,"21":4,"22":4,"23":1},"f":{"0":6},"b":{"0":[2],"1":[6,6,5,5,5],"2":[3,1]}}
,"/Users/brian/myRewards/pipeline/lambda/user/Plans/getPlan.ts": {"path":"/Users/brian/myRewards/pipeline/lambda/user/Plans/getPlan.ts","statementMap":{"0":{"start":{"line":1,"column":0},"end":{"line":1,"column":58}},"1":{"start":{"line":2,"column":0},"end":{"line":2,"column":75}},"2":{"start":{"line":6,"column":15},"end":{"line":6,"column":37}},"3":{"start":{"line":7,"column":17},"end":{"line":7,"column":52}},"4":{"start":{"line":26,"column":23},"end":{"line":108,"column":1}},"5":{"start":{"line":27,"column":23},"end":{"line":27,"column":46}},"6":{"start":{"line":28,"column":21},"end":{"line":28,"column":42}},"7":{"start":{"line":30,"column":23},"end":{"line":30,"column":56}},"8":{"start":{"line":31,"column":20},"end":{"line":31,"column":64}},"9":{"start":{"line":33,"column":4},"end":{"line":40,"column":5}},"10":{"start":{"line":35,"column":8},"end":{"line":35,"column":90}},"11":{"start":{"line":37,"column":8},"end":{"line":37,"column":87}},"12":{"start":{"line":39,"column":8},"end":{"line":39,"column":98}},"13":{"start":{"line":42,"column":2},"end":{"line":107,"column":3}},"14":{"start":{"line":44,"column":22},"end":{"line":51,"column":6}},"15":{"start":{"line":53,"column":22},"end":{"line":53,"column":52}},"16":{"start":{"line":54,"column":16},"end":{"line":54,"column":30}},"17":{"start":{"line":56,"column":4},"end":{"line":61,"column":5}},"18":{"start":{"line":57,"column":6},"end":{"line":60,"column":8}},"19":{"start":{"line":63,"column":22},"end":{"line":69,"column":6}},"20":{"start":{"line":71,"column":23},"end":{"line":71,"column":53}},"21":{"start":{"line":73,"column":21},"end":{"line":73,"column":26}},"22":{"start":{"line":75,"column":4},"end":{"line":77,"column":5}},"23":{"start":{"line":76,"column":6},"end":{"line":76,"column":22}},"24":{"start":{"line":79,"column":21},"end":{"line":94,"column":6}},"25":{"start":{"line":96,"column":4},"end":{"line":99,"column":6}},"26":{"start":{"line":102,"column":4},"end":{"line":102,"column":35}},"27":{"start":{"line":103,"column":4},"end":{"line":106,"column":6}},"28":{"start":{"line":26,"column":13},"end":{"line":26,"column":23}}},"fnMap":{"0":{"name":"(anonymous_0)","decl":{"start":{"line":26,"column":23},"end":{"line":26,"column":28}},"loc":{"start":{"line":26,"column":61},"end":{"line":108,"column":1}}}},"branchMap":{"0":{"loc":{"start":{"line":30,"column":23},"end":{"line":30,"column":56}},"type":"binary-expr","locations":[{"start":{"line":30,"column":23},"end":{"line":30,"column":50}},{"start":{"line":30,"column":54},"end":{"line":30,"column":56}}]},"1":{"loc":{"start":{"line":33,"column":4},"end":{"line":40,"column":5}},"type":"switch","locations":[{"start":{"line":34,"column":6},"end":{"line":35,"column":90}},{"start":{"line":36,"column":6},"end":{"line":37,"column":87}},{"start":{"line":38,"column":6},"end":{"line":39,"column":98}}]},"2":{"loc":{"start":{"line":34,"column":12},"end":{"line":34,"column":36}},"type":"binary-expr","locations":[{"start":{"line":34,"column":12},"end":{"line":34,"column":23}},{"start":{"line":34,"column":27},"end":{"line":34,"column":36}}]},"3":{"loc":{"start":{"line":56,"column":4},"end":{"line":61,"column":5}},"type":"if","locations":[{"start":{"line":56,"column":4},"end":{"line":61,"column":5}}]},"4":{"loc":{"start":{"line":75,"column":4},"end":{"line":77,"column":5}},"type":"if","locations":[{"start":{"line":75,"column":4},"end":{"line":77,"column":5}}]},"5":{"loc":{"start":{"line":81,"column":25},"end":{"line":81,"column":72}},"type":"cond-expr","locations":[{"start":{"line":81,"column":41},"end":{"line":81,"column":60}},{"start":{"line":81,"column":63},"end":{"line":81,"column":72}}]},"6":{"loc":{"start":{"line":82,"column":27},"end":{"line":82,"column":76}},"type":"cond-expr","locations":[{"start":{"line":82,"column":43},"end":{"line":82,"column":64}},{"start":{"line":82,"column":67},"end":{"line":82,"column":76}}]},"7":{"loc":{"start":{"line":84,"column":14},"end":{"line":84,"column":42}},"type":"binary-expr","locations":[{"start":{"line":84,"column":14},"end":{"line":84,"column":37}},{"start":{"line":84,"column":41},"end":{"line":84,"column":42}}]},"8":{"loc":{"start":{"line":85,"column":14},"end":{"line":85,"column":42}},"type":"binary-expr","locations":[{"start":{"line":85,"column":14},"end":{"line":85,"column":37}},{"start":{"line":85,"column":41},"end":{"line":85,"column":42}}]},"9":{"loc":{"start":{"line":87,"column":17},"end":{"line":87,"column":39}},"type":"binary-expr","locations":[{"start":{"line":87,"column":17},"end":{"line":87,"column":30}},{"start":{"line":87,"column":34},"end":{"line":87,"column":39}}]},"10":{"loc":{"start":{"line":88,"column":17},"end":{"line":88,"column":39}},"type":"binary-expr","locations":[{"start":{"line":88,"column":17},"end":{"line":88,"column":30}},{"start":{"line":88,"column":34},"end":{"line":88,"column":39}}]}},"s":{"0":1,"1":1,"2":1,"3":1,"4":1,"5":9,"6":9,"7":9,"8":9,"9":9,"10":1,"11":1,"12":1,"13":6,"14":6,"15":6,"16":5,"17":5,"18":1,"19":4,"20":4,"21":4,"22":4,"23":2,"24":4,"25":4,"26":1,"27":1,"28":1},"f":{"0":9},"b":{"0":[9,0],"1":[1,1,1],"2":[9,8],"3":[1],"4":[2],"5":[3,1],"6":[1,3],"7":[4,3],"8":[4,3],"9":[4,1],"10":[4,3]}}
}
