TN:
SF:lambda/cloudWatch/squareTokenUpdater.ts
FN:16,(anonymous_0)
FN:57,(anonymous_1)
FNF:2
FNH:2
FNDA:7,(anonymous_0)
FNDA:6,(anonymous_1)
DA:1,1
DA:2,1
DA:3,1
DA:4,1
DA:6,1
DA:7,1
DA:16,1
DA:17,7
DA:18,7
DA:19,7
DA:20,7
DA:21,7
DA:23,7
DA:25,1
DA:30,1
DA:36,5
DA:37,5
DA:38,5
DA:40,5
DA:42,5
DA:50,5
DA:51,5
DA:53,5
DA:57,5
DA:58,6
DA:60,4
DA:61,4
DA:63,4
DA:64,4
DA:71,3
DA:72,3
DA:74,3
DA:85,3
DA:88,1
DA:92,5
DA:94,5
DA:99,0
DA:100,0
LF:38
LH:36
BRDA:23,0,0,1
BRDA:23,0,1,1
BRDA:24,1,0,7
BRDA:24,1,1,6
BRDA:50,2,0,0
BRDA:54,3,0,1
BRDA:54,3,1,4
BRDA:58,4,0,2
BRDA:58,5,0,6
BRDA:58,5,1,5
BRDA:71,6,0,3
BRDA:71,7,0,3
BRDA:71,7,1,3
BRDA:71,7,2,3
BRF:14
BRH:13
end_of_record
TN:
SF:lambda/constants/square.ts
FN:4,(anonymous_0)
FNF:1
FNH:1
FNDA:6,(anonymous_0)
DA:1,2
DA:2,2
DA:4,2
DA:5,6
DA:7,5
DA:8,1
DA:11,4
DA:13,3
LF:8
LH:8
BRDA:7,0,0,1
BRF:1
BRH:1
end_of_record
TN:
SF:lambda/constants/validOrganization.ts
FN:6,(anonymous_0)
FN:23,(anonymous_1)
FNF:2
FNH:2
FNDA:7,(anonymous_0)
FNDA:5,(anonymous_1)
DA:1,2
DA:4,2
DA:6,2
DA:7,7
DA:8,6
DA:15,6
DA:19,6
DA:23,2
DA:24,5
DA:26,4
DA:27,1
DA:30,3
DA:31,2
LF:13
LH:13
BRDA:15,0,0,6
BRDA:15,0,1,5
BRDA:15,0,2,2
BRDA:19,1,0,6
BRDA:19,1,1,4
BRDA:26,2,0,1
BRF:6
BRH:6
end_of_record
TN:
SF:lambda/likes/setLike.ts
FN:8,(anonymous_0)
FNF:1
FNH:1
FNDA:5,(anonymous_0)
DA:1,1
DA:2,1
DA:5,1
DA:6,1
DA:8,1
DA:9,5
DA:10,5
DA:11,5
DA:13,5
DA:15,1
DA:17,1
DA:19,1
DA:22,2
DA:23,2
DA:31,2
DA:33,2
DA:35,2
DA:49,2
DA:51,2
DA:60,0
DA:61,0
LF:21
LH:19
BRDA:11,0,0,5
BRDA:11,0,1,1
BRDA:13,1,0,1
BRDA:13,1,1,1
BRDA:13,1,2,1
BRDA:33,2,0,1
BRDA:33,2,1,1
BRDA:54,3,0,1
BRDA:54,3,1,1
BRF:9
BRH:9
end_of_record
TN:
SF:lambda/organization/getAccount.ts
FN:16,(anonymous_0)
FNF:1
FNH:1
FNDA:10,(anonymous_0)
DA:1,1
DA:6,1
DA:13,1
DA:14,1
DA:16,1
DA:19,10
DA:20,10
DA:21,10
DA:22,10
DA:24,10
DA:25,2
DA:31,8
DA:32,1
DA:38,7
DA:43,7
DA:45,6
DA:46,1
DA:52,4
DA:54,4
DA:55,1
DA:61,3
DA:66,3
DA:68,3
DA:69,1
DA:75,2
DA:76,1
DA:82,1
DA:84,1
DA:102,2
DA:103,2
LF:30
LH:30
BRDA:24,0,0,2
BRDA:24,1,0,10
BRDA:24,1,1,9
BRDA:31,2,0,1
BRDA:45,3,0,1
BRDA:52,4,0,4
BRDA:52,4,1,0
BRDA:54,5,0,1
BRDA:68,6,0,1
BRDA:75,7,0,1
BRF:10
BRH:9
end_of_record
TN:
SF:lambda/organization/getBilling.ts
FN:20,(anonymous_0)
FN:93,(anonymous_1)
FN:96,(anonymous_2)
FN:139,(anonymous_3)
FNF:4
FNH:3
FNDA:3,(anonymous_0)
FNDA:0,(anonymous_1)
FNDA:1,(anonymous_2)
FNDA:10,(anonymous_3)
DA:1,1
DA:2,1
DA:4,1
DA:6,1
DA:7,1
DA:9,1
DA:10,1
DA:20,1
DA:21,3
DA:23,3
DA:30,2
DA:32,2
DA:39,2
DA:40,1
DA:61,1
DA:63,1
DA:69,1
DA:76,1
DA:78,1
DA:79,1
DA:91,1
DA:93,0
DA:96,1
DA:97,1
DA:110,1
DA:131,1
DA:132,1
DA:139,1
DA:140,10
DA:141,10
DA:143,10
DA:144,10
DA:145,10
DA:147,10
DA:148,1
DA:149,1
DA:150,0
DA:153,8
DA:162,8
DA:164,8
DA:165,1
DA:168,7
DA:169,7
DA:171,7
DA:172,0
DA:175,7
DA:184,7
DA:186,6
DA:187,1
DA:190,5
DA:191,1
DA:195,4
DA:196,2
DA:197,2
DA:200,3
DA:201,1
DA:202,1
DA:205,3
DA:206,3
DA:219,1
DA:220,1
LF:61
LH:58
BRDA:39,0,0,1
BRDA:39,1,0,2
BRDA:39,1,1,2
BRDA:45,2,0,1
BRDA:45,2,1,0
BRDA:45,3,0,1
BRDA:45,3,1,1
BRDA:46,4,0,1
BRDA:46,4,1,0
BRDA:48,5,0,0
BRDA:48,5,1,0
BRDA:56,6,0,1
BRDA:56,6,1,0
BRDA:78,7,0,1
BRDA:91,8,0,1
BRDA:91,8,1,0
BRDA:105,9,0,1
BRDA:105,9,1,0
BRDA:113,10,0,1
BRDA:113,10,1,0
BRDA:114,11,0,1
BRDA:114,11,1,0
BRDA:114,12,0,1
BRDA:114,12,1,1
BRDA:115,13,0,1
BRDA:115,13,1,0
BRDA:117,14,0,0
BRDA:117,14,1,0
BRDA:119,15,0,1
BRDA:119,15,1,1
BRDA:126,16,0,1
BRDA:126,16,1,0
BRDA:147,17,0,1
BRDA:147,17,1,1
BRDA:147,17,2,0
BRDA:148,18,0,10
BRDA:148,18,1,9
BRDA:164,19,0,1
BRDA:171,20,0,0
BRDA:186,21,0,1
BRDA:190,22,0,1
BRDA:195,23,0,2
BRDA:197,24,0,1
BRDA:200,25,0,1
BRDA:202,26,0,0
BRF:45
BRH:29
end_of_record
TN:
SF:lambda/organization/getOrg.ts
FN:9,(anonymous_0)
FNF:1
FNH:1
FNDA:9,(anonymous_0)
DA:1,1
DA:2,1
DA:6,1
DA:7,1
DA:9,1
DA:10,9
DA:12,9
DA:13,9
DA:14,9
DA:15,9
DA:17,9
DA:18,2
DA:19,1
DA:22,6
DA:31,6
DA:33,5
DA:34,1
DA:37,4
DA:38,4
DA:40,4
DA:45,4
DA:47,4
DA:48,1
DA:51,3
DA:53,3
DA:54,1
DA:60,2
DA:69,2
DA:71,2
DA:72,1
DA:75,1
DA:77,1
DA:104,1
DA:105,1
LF:34
LH:34
BRDA:17,0,0,2
BRDA:17,0,1,1
BRDA:18,1,0,9
BRDA:18,1,1,8
BRDA:33,2,0,1
BRDA:47,3,0,1
BRDA:53,4,0,1
BRDA:71,5,0,1
BRF:8
BRH:8
end_of_record
TN:
SF:lambda/organization/newOrganization.ts
FN:21,(anonymous_0)
FN:42,(anonymous_1)
FN:44,(anonymous_2)
FN:59,(anonymous_3)
FN:138,(anonymous_4)
FNF:5
FNH:5
FNDA:7,(anonymous_0)
FNDA:4,(anonymous_1)
FNDA:12,(anonymous_2)
FNDA:19,(anonymous_3)
FNDA:12,(anonymous_4)
DA:2,1
DA:3,1
DA:4,1
DA:5,1
DA:6,1
DA:7,1
DA:9,1
DA:10,1
DA:11,1
DA:13,1
DA:14,1
DA:15,1
DA:16,1
DA:21,1
DA:22,7
DA:23,7
DA:29,7
DA:31,6
DA:32,1
DA:35,5
DA:38,1
DA:42,1
DA:43,4
DA:45,12
DA:50,12
DA:59,1
DA:60,19
DA:61,1
DA:67,18
DA:68,18
DA:69,18
DA:70,18
DA:71,18
DA:72,18
DA:73,18
DA:74,18
DA:76,18
DA:77,2
DA:78,1
DA:79,1
DA:80,1
DA:81,1
DA:82,1
DA:83,1
DA:86,10
DA:95,10
DA:97,10
DA:99,10
DA:101,10
DA:102,1
DA:105,9
DA:106,1
DA:109,8
DA:110,2
DA:111,2
DA:114,7
DA:115,1
DA:116,1
DA:119,7
DA:121,7
DA:122,2
DA:125,5
DA:132,5
DA:133,1
DA:136,4
DA:137,4
DA:138,12
DA:139,4
DA:141,4
DA:181,4
DA:191,4
DA:193,4
DA:211,3
DA:212,2
DA:221,1
DA:222,1
DA:224,1
DA:225,0
DA:234,1
DA:242,1
LF:80
LH:79
BRDA:31,0,0,1
BRDA:31,1,0,6
BRDA:31,1,1,6
BRDA:31,1,2,6
BRDA:60,2,0,1
BRDA:76,3,0,2
BRDA:76,3,1,1
BRDA:76,3,2,1
BRDA:76,3,3,1
BRDA:76,3,4,1
BRDA:76,3,5,1
BRDA:76,3,6,1
BRDA:77,4,0,18
BRDA:77,4,1,17
BRDA:101,5,0,1
BRDA:105,6,0,1
BRDA:105,7,0,9
BRDA:105,7,1,8
BRDA:109,8,0,2
BRDA:111,9,0,1
BRDA:114,10,0,1
BRDA:116,11,0,0
BRDA:121,12,0,2
BRDA:132,13,0,1
BRDA:211,14,0,2
BRDA:224,15,0,0
BRDA:244,16,0,1
BRDA:244,16,1,0
BRF:28
BRH:25
end_of_record
TN:
SF:lambda/organization/square/link.ts
FN:18,(anonymous_0)
FN:132,(anonymous_1)
FNF:2
FNH:2
FNDA:15,(anonymous_0)
FNDA:4,(anonymous_1)
DA:1,1
DA:2,1
DA:3,1
DA:4,1
DA:6,1
DA:8,1
DA:10,1
DA:11,1
DA:12,1
DA:13,1
DA:18,1
DA:19,15
DA:20,1
DA:26,14
DA:27,14
DA:29,14
DA:30,14
DA:31,14
DA:32,14
DA:33,14
DA:35,14
DA:37,2
DA:42,1
DA:47,2
DA:52,1
DA:58,8
DA:59,8
DA:68,8
DA:70,8
DA:71,1
DA:74,7
DA:79,7
DA:81,7
DA:82,1
DA:85,6
DA:87,6
DA:88,1
DA:91,5
DA:95,5
DA:96,1
DA:98,1
DA:99,1
DA:101,1
DA:104,5
DA:112,4
DA:114,4
DA:115,1
DA:121,3
DA:126,3
DA:128,3
DA:129,1
DA:132,2
DA:133,4
DA:137,4
DA:138,4
DA:139,2
DA:142,2
DA:143,2
DA:145,2
DA:146,1
DA:152,1
DA:167,1
DA:169,1
DA:176,1
LF:64
LH:64
BRDA:19,0,0,1
BRDA:35,1,0,2
BRDA:35,1,1,1
BRDA:35,1,2,2
BRDA:35,1,3,1
BRDA:36,2,0,14
BRDA:36,2,1,12
BRDA:46,3,0,11
BRDA:46,3,1,10
BRDA:70,4,0,1
BRDA:70,5,0,8
BRDA:70,5,1,7
BRDA:81,6,0,1
BRDA:87,7,0,1
BRDA:92,8,0,0
BRDA:92,8,1,5
BRDA:95,9,0,1
BRDA:95,10,0,5
BRDA:95,10,1,4
BRDA:101,11,0,0
BRDA:101,12,0,1
BRDA:101,12,1,1
BRDA:114,13,0,1
BRDA:114,14,0,4
BRDA:114,14,1,3
BRDA:122,15,0,0
BRDA:122,15,1,3
BRDA:128,16,0,1
BRDA:138,17,0,2
BRDA:145,18,0,1
BRDA:145,19,0,2
BRDA:145,19,1,1
BRF:32
BRH:29
end_of_record
TN:
SF:lambda/organization/update/account.ts
FN:8,(anonymous_0)
FNF:1
FNH:1
FNDA:6,(anonymous_0)
DA:1,1
DA:2,1
DA:5,1
DA:6,1
DA:8,1
DA:9,6
DA:10,6
DA:11,6
DA:12,1
DA:18,5
DA:19,5
DA:20,1
DA:26,4
DA:27,1
DA:33,3
DA:34,3
DA:35,1
DA:41,2
DA:51,2
DA:53,1
DA:61,1
DA:62,1
LF:22
LH:22
BRDA:11,0,0,1
BRDA:19,1,0,1
BRDA:26,2,0,1
BRDA:34,3,0,1
BRDA:34,4,0,3
BRDA:34,4,1,3
BRDA:66,5,0,1
BRDA:66,5,1,0
BRF:8
BRH:7
end_of_record
TN:
SF:lambda/shop/getShopApp.ts
FN:17,(anonymous_0)
FN:101,auroraCall
FNF:2
FNH:1
FNDA:7,(anonymous_0)
FNDA:0,auroraCall
DA:1,1
DA:2,1
DA:5,1
DA:7,1
DA:8,1
DA:9,1
DA:11,1
DA:12,1
DA:13,1
DA:14,1
DA:15,1
DA:17,1
DA:20,7
DA:21,7
DA:23,7
DA:25,7
DA:27,0
DA:29,0
DA:32,0
DA:33,0
DA:38,0
DA:39,0
DA:41,0
DA:42,0
DA:48,0
DA:55,0
DA:56,0
DA:58,0
DA:59,0
DA:65,0
DA:66,0
DA:68,0
DA:84,0
DA:93,0
DA:94,0
DA:102,0
DA:122,0
LF:37
LH:16
BRDA:20,0,0,7
BRDA:20,0,1,0
BRDA:23,1,0,7
BRDA:23,1,1,0
BRDA:23,1,2,0
BRDA:24,2,0,7
BRDA:24,2,1,0
BRDA:24,2,2,0
BRDA:24,2,3,0
BRDA:24,2,4,0
BRDA:41,3,0,0
BRDA:41,4,0,0
BRDA:41,4,1,0
BRDA:41,4,2,0
BRDA:41,4,3,0
BRDA:41,4,4,0
BRDA:58,5,0,0
BRDA:58,6,0,0
BRDA:58,6,1,0
BRDA:122,7,0,0
BRDA:122,7,1,0
BRF:21
BRH:3
end_of_record
TN:
SF:lambda/shop/newShop.ts
FN:9,(anonymous_0)
FNF:1
FNH:1
FNDA:16,(anonymous_0)
DA:1,1
DA:2,1
DA:4,1
DA:6,1
DA:7,1
DA:9,1
DA:10,16
DA:11,1
DA:17,15
DA:18,15
DA:19,15
DA:21,15
DA:23,1
DA:25,1
DA:27,1
DA:30,12
DA:31,12
DA:32,11
DA:34,11
DA:35,1
DA:38,10
DA:39,4
DA:45,6
DA:51,6
DA:53,5
DA:54,1
DA:55,4
DA:56,1
DA:59,3
DA:62,3
DA:66,3
DA:67,1
DA:74,2
DA:79,2
DA:80,1
DA:86,1
DA:88,1
DA:104,1
DA:111,1
DA:116,2
DA:117,2
LF:41
LH:41
BRDA:10,0,0,1
BRDA:21,1,0,1
BRDA:21,1,1,1
BRDA:21,1,2,1
BRDA:34,2,0,1
BRDA:38,3,0,4
BRDA:38,4,0,10
BRDA:38,4,1,9
BRDA:38,4,2,8
BRDA:38,4,3,7
BRDA:53,5,0,1
BRDA:53,5,1,4
BRDA:55,6,0,1
BRDA:66,7,0,1
BRDA:79,8,0,1
BRDA:79,9,0,2
BRDA:79,9,1,2
BRF:17
BRH:17
end_of_record
TN:
SF:lambda/user/createUser.ts
FN:10,(anonymous_0)
FNF:1
FNH:1
FNDA:7,(anonymous_0)
DA:1,1
DA:2,1
DA:3,1
DA:6,1
DA:7,1
DA:8,1
DA:10,1
DA:11,7
DA:12,7
DA:13,7
DA:15,7
DA:16,7
DA:18,7
DA:22,7
DA:24,7
DA:25,1
DA:26,1
DA:29,6
DA:30,1
DA:31,1
DA:34,5
DA:49,5
DA:55,5
DA:56,5
DA:58,2
DA:59,1
DA:60,1
DA:62,1
DA:65,3
DA:77,3
DA:79,2
DA:82,3
DA:83,3
LF:33
LH:33
BRDA:24,0,0,1
BRDA:29,1,0,1
BRDA:29,2,0,6
BRDA:29,2,1,5
BRDA:29,2,2,5
BRDA:29,2,3,5
BRDA:29,2,4,5
BRDA:37,3,0,1
BRDA:37,3,1,4
BRDA:58,4,0,1
BRF:10
BRH:10
end_of_record
TN:
SF:lambda/user/createUserBusiness.ts
FN:12,(anonymous_0)
FNF:1
FNH:1
FNDA:6,(anonymous_0)
DA:1,1
DA:2,1
DA:4,1
DA:8,1
DA:9,1
DA:10,1
DA:12,1
DA:13,6
DA:14,6
DA:15,6
DA:17,6
DA:18,6
DA:20,6
DA:21,2
DA:22,2
DA:25,4
DA:45,4
DA:51,4
DA:53,3
DA:65,3
DA:67,2
DA:70,4
DA:71,4
LF:23
LH:23
BRDA:20,0,0,2
BRDA:20,1,0,6
BRDA:20,1,1,6
BRDA:20,1,2,5
BRDA:20,1,3,5
BRDA:20,1,4,5
BRDA:28,2,0,3
BRDA:28,2,1,1
BRF:8
BRH:8
end_of_record
TN:
SF:lambda/user/Plans/getPlan.ts
FN:30,(anonymous_0)
FN:104,validateEnv
FN:110,validateIds
FN:119,getActiveRewards
FN:144,(anonymous_4)
FNF:5
FNH:2
FNDA:9,(anonymous_0)
FNDA:9,validateEnv
FNDA:0,validateIds
FNDA:0,getActiveRewards
FNDA:0,(anonymous_4)
DA:1,1
DA:2,1
DA:6,1
DA:7,1
DA:26,1
DA:27,1
DA:28,1
DA:30,1
DA:32,9
DA:33,9
DA:35,9
DA:37,9
DA:38,0
DA:40,0
DA:49,0
DA:50,0
DA:52,0
DA:53,0
DA:59,0
DA:67,0
DA:69,0
DA:71,0
DA:73,0
DA:90,0
DA:96,9
DA:97,9
DA:105,9
DA:106,9
DA:111,0
DA:113,0
DA:115,0
DA:120,0
DA:121,0
DA:126,0
DA:127,0
DA:128,0
DA:129,0
DA:130,0
DA:131,0
DA:134,0
DA:142,0
DA:144,0
LF:42
LH:16
BRDA:32,0,0,9
BRDA:32,0,1,0
BRDA:52,1,0,0
BRDA:71,2,0,0
BRDA:71,2,1,0
BRDA:75,3,0,0
BRDA:75,3,1,0
BRDA:76,4,0,0
BRDA:76,4,1,0
BRDA:78,5,0,0
BRDA:78,5,1,0
BRDA:79,6,0,0
BRDA:79,6,1,0
BRDA:81,7,0,0
BRDA:81,7,1,0
BRDA:82,8,0,0
BRDA:82,8,1,0
BRDA:105,9,0,9
BRDA:105,10,0,9
BRDA:105,10,1,0
BRDA:105,10,2,0
BRDA:111,11,0,0
BRDA:111,11,1,0
BRDA:126,12,0,0
BRDA:126,12,1,0
BRDA:126,13,0,0
BRDA:126,13,1,0
BRDA:129,14,0,0
BRDA:129,15,0,0
BRDA:129,15,1,0
BRDA:144,16,0,0
BRDA:144,16,1,0
BRF:32
BRH:3
end_of_record
