TN:
SF:lambda/cloudWatch/squareTokenUpdater.ts
FN:16,(anonymous_0)
FN:55,(anonymous_1)
FNF:2
FNH:1
FNDA:8,(anonymous_0)
FNDA:0,(anonymous_1)
DA:1,1
DA:2,1
DA:3,1
DA:4,1
DA:6,1
DA:7,1
DA:16,1
DA:17,8
DA:18,8
DA:19,8
DA:20,8
DA:21,8
DA:23,8
DA:25,2
DA:30,1
DA:36,5
DA:37,5
DA:39,5
DA:41,0
DA:48,0
DA:49,0
DA:51,0
DA:55,0
DA:56,0
DA:58,0
DA:59,0
DA:60,0
DA:62,0
DA:63,0
DA:64,0
DA:71,0
DA:72,0
DA:74,0
DA:85,0
DA:88,0
DA:93,0
DA:95,0
DA:100,5
DA:101,5
LF:39
LH:20
BRDA:23,0,0,2
BRDA:23,0,1,1
BRDA:24,1,0,8
BRDA:24,1,1,7
BRDA:48,2,0,0
BRDA:52,3,0,0
BRDA:52,3,1,0
BRDA:56,4,0,0
BRDA:56,5,0,0
BRDA:56,5,1,0
BRDA:62,6,0,0
BRDA:71,7,0,0
BRDA:71,8,0,0
BRDA:71,8,1,0
BRF:14
BRH:4
end_of_record
TN:
SF:lambda/constants/square.ts
FN:4,(anonymous_0)
FNF:1
FNH:1
FNDA:6,(anonymous_0)
DA:1,2
DA:2,2
DA:4,2
DA:5,6
DA:7,1
DA:8,0
DA:11,1
DA:13,1
LF:8
LH:7
BRDA:7,0,0,0
BRF:1
BRH:0
end_of_record
TN:
SF:lambda/constants/validOrganization.ts
FN:6,(anonymous_0)
FN:23,(anonymous_1)
FNF:2
FNH:2
FNDA:7,(anonymous_0)
FNDA:5,(anonymous_1)
DA:1,2
DA:4,2
DA:6,2
DA:7,7
DA:8,6
DA:15,6
DA:19,6
DA:23,2
DA:24,5
DA:26,4
DA:27,1
DA:30,3
DA:31,2
LF:13
LH:13
BRDA:15,0,0,6
BRDA:15,0,1,5
BRDA:15,0,2,2
BRDA:19,1,0,6
BRDA:19,1,1,4
BRDA:26,2,0,1
BRF:6
BRH:6
end_of_record
TN:
SF:lambda/likes/setLike.ts
FN:8,(anonymous_0)
FNF:1
FNH:1
FNDA:5,(anonymous_0)
DA:1,1
DA:2,1
DA:5,1
DA:6,1
DA:8,1
DA:9,5
DA:10,5
DA:11,5
DA:13,5
DA:15,1
DA:17,1
DA:19,1
DA:22,2
DA:23,2
DA:31,2
DA:33,2
DA:35,2
DA:49,2
DA:51,2
DA:60,0
DA:61,0
LF:21
LH:19
BRDA:11,0,0,5
BRDA:11,0,1,1
BRDA:13,1,0,1
BRDA:13,1,1,1
BRDA:13,1,2,1
BRDA:33,2,0,1
BRDA:33,2,1,1
BRDA:54,3,0,1
BRDA:54,3,1,1
BRF:9
BRH:9
end_of_record
TN:
SF:lambda/organization/getAccount.ts
FN:8,(anonymous_0)
FNF:1
FNH:1
FNDA:10,(anonymous_0)
DA:1,1
DA:2,1
DA:5,1
DA:6,1
DA:8,1
DA:9,10
DA:10,10
DA:11,10
DA:12,10
DA:13,10
DA:15,10
DA:16,3
DA:19,7
DA:20,1
DA:23,6
DA:28,6
DA:30,5
DA:31,1
DA:34,4
DA:36,4
DA:37,1
DA:40,3
DA:45,3
DA:47,3
DA:48,1
DA:51,2
DA:52,1
DA:55,1
DA:57,1
DA:76,1
DA:77,1
LF:31
LH:31
BRDA:15,0,0,3
BRDA:15,1,0,10
BRDA:15,1,1,9
BRDA:15,1,2,8
BRDA:19,2,0,1
BRDA:30,3,0,1
BRDA:34,4,0,4
BRDA:34,4,1,0
BRDA:36,5,0,1
BRDA:47,6,0,1
BRDA:51,7,0,1
BRF:11
BRH:10
end_of_record
TN:
SF:lambda/organization/getBilling.ts
FN:20,(anonymous_0)
FN:90,(anonymous_1)
FN:92,(anonymous_2)
FN:135,(anonymous_3)
FNF:4
FNH:3
FNDA:3,(anonymous_0)
FNDA:0,(anonymous_1)
FNDA:1,(anonymous_2)
FNDA:10,(anonymous_3)
DA:1,1
DA:2,1
DA:4,1
DA:6,1
DA:7,1
DA:9,1
DA:10,1
DA:20,1
DA:21,3
DA:23,3
DA:30,2
DA:32,2
DA:38,2
DA:39,1
DA:60,1
DA:62,1
DA:67,1
DA:73,1
DA:75,1
DA:76,1
DA:88,1
DA:90,0
DA:92,1
DA:93,1
DA:106,1
DA:127,1
DA:128,1
DA:135,1
DA:136,10
DA:137,10
DA:139,10
DA:140,10
DA:141,10
DA:143,10
DA:144,1
DA:145,1
DA:146,0
DA:149,8
DA:158,8
DA:160,8
DA:161,1
DA:164,7
DA:165,7
DA:167,7
DA:168,0
DA:171,7
DA:180,7
DA:182,6
DA:183,1
DA:186,5
DA:187,1
DA:191,4
DA:192,2
DA:193,2
DA:194,2
DA:197,3
DA:198,1
DA:199,1
DA:202,3
DA:204,3
DA:217,1
DA:218,1
LF:62
LH:59
BRDA:38,0,0,1
BRDA:38,1,0,2
BRDA:38,1,1,2
BRDA:44,2,0,1
BRDA:44,2,1,0
BRDA:44,3,0,1
BRDA:44,3,1,1
BRDA:45,4,0,1
BRDA:45,4,1,0
BRDA:47,5,0,0
BRDA:47,5,1,0
BRDA:55,6,0,1
BRDA:55,6,1,0
BRDA:75,7,0,1
BRDA:88,8,0,1
BRDA:88,8,1,0
BRDA:101,9,0,1
BRDA:101,9,1,0
BRDA:109,10,0,1
BRDA:109,10,1,0
BRDA:110,11,0,1
BRDA:110,11,1,0
BRDA:110,12,0,1
BRDA:110,12,1,1
BRDA:111,13,0,1
BRDA:111,13,1,0
BRDA:113,14,0,0
BRDA:113,14,1,0
BRDA:115,15,0,1
BRDA:115,15,1,0
BRDA:122,16,0,1
BRDA:122,16,1,0
BRDA:143,17,0,1
BRDA:143,17,1,1
BRDA:143,17,2,0
BRDA:144,18,0,10
BRDA:144,18,1,9
BRDA:160,19,0,1
BRDA:167,20,0,0
BRDA:182,21,0,1
BRDA:186,22,0,1
BRDA:191,23,0,2
BRDA:194,24,0,1
BRDA:197,25,0,1
BRDA:199,26,0,0
BRF:45
BRH:28
end_of_record
TN:
SF:lambda/organization/getOrg.ts
FN:9,(anonymous_0)
FNF:1
FNH:1
FNDA:9,(anonymous_0)
DA:1,1
DA:2,1
DA:6,1
DA:7,1
DA:9,1
DA:10,9
DA:12,9
DA:13,9
DA:14,9
DA:15,9
DA:17,9
DA:18,2
DA:19,1
DA:22,6
DA:31,6
DA:33,5
DA:34,1
DA:37,4
DA:38,4
DA:40,4
DA:45,4
DA:47,4
DA:48,1
DA:51,3
DA:53,3
DA:54,1
DA:60,2
DA:69,2
DA:71,2
DA:72,1
DA:75,1
DA:77,1
DA:104,1
DA:105,1
LF:34
LH:34
BRDA:17,0,0,2
BRDA:17,0,1,1
BRDA:18,1,0,9
BRDA:18,1,1,8
BRDA:33,2,0,1
BRDA:47,3,0,1
BRDA:53,4,0,1
BRDA:71,5,0,1
BRF:8
BRH:8
end_of_record
TN:
SF:lambda/organization/newOrganization.ts
FN:21,(anonymous_0)
FN:42,(anonymous_1)
FN:44,(anonymous_2)
FN:59,(anonymous_3)
FN:138,(anonymous_4)
FNF:5
FNH:5
FNDA:7,(anonymous_0)
FNDA:2,(anonymous_1)
FNDA:6,(anonymous_2)
FNDA:19,(anonymous_3)
FNDA:12,(anonymous_4)
DA:2,1
DA:3,1
DA:4,1
DA:5,1
DA:6,1
DA:7,1
DA:9,1
DA:10,1
DA:11,1
DA:13,1
DA:14,1
DA:15,1
DA:16,1
DA:21,1
DA:22,7
DA:23,7
DA:29,7
DA:31,6
DA:32,1
DA:35,5
DA:38,1
DA:42,1
DA:43,2
DA:45,6
DA:50,6
DA:59,1
DA:60,19
DA:61,1
DA:67,18
DA:68,18
DA:69,18
DA:70,18
DA:71,18
DA:72,18
DA:73,18
DA:74,18
DA:76,18
DA:77,2
DA:78,1
DA:79,1
DA:80,1
DA:81,1
DA:82,1
DA:83,1
DA:86,10
DA:95,10
DA:97,10
DA:99,10
DA:101,10
DA:102,1
DA:105,9
DA:106,1
DA:109,8
DA:110,2
DA:111,2
DA:114,7
DA:115,1
DA:116,1
DA:119,7
DA:121,7
DA:122,2
DA:125,5
DA:132,5
DA:133,1
DA:136,4
DA:137,4
DA:138,12
DA:139,4
DA:141,4
DA:180,4
DA:182,4
DA:192,4
DA:194,4
DA:195,2
DA:204,2
DA:206,2
DA:225,2
DA:226,1
DA:235,1
DA:243,0
LF:80
LH:79
BRDA:31,0,0,1
BRDA:31,1,0,6
BRDA:31,1,1,6
BRDA:31,1,2,6
BRDA:60,2,0,1
BRDA:76,3,0,2
BRDA:76,3,1,1
BRDA:76,3,2,1
BRDA:76,3,3,1
BRDA:76,3,4,1
BRDA:76,3,5,1
BRDA:76,3,6,1
BRDA:77,4,0,18
BRDA:77,4,1,17
BRDA:101,5,0,1
BRDA:105,6,0,1
BRDA:105,7,0,9
BRDA:105,7,1,8
BRDA:109,8,0,2
BRDA:111,9,0,1
BRDA:114,10,0,1
BRDA:116,11,0,0
BRDA:121,12,0,2
BRDA:132,13,0,1
BRDA:194,14,0,2
BRDA:225,15,0,1
BRDA:245,16,0,0
BRDA:245,16,1,0
BRF:28
BRH:25
end_of_record
TN:
SF:lambda/organization/square/link.ts
FN:18,(anonymous_0)
FN:132,(anonymous_1)
FNF:2
FNH:2
FNDA:15,(anonymous_0)
FNDA:4,(anonymous_1)
DA:1,1
DA:2,1
DA:3,1
DA:4,1
DA:6,1
DA:8,1
DA:10,1
DA:11,1
DA:12,1
DA:13,1
DA:18,1
DA:19,15
DA:20,1
DA:26,14
DA:27,14
DA:29,14
DA:30,14
DA:31,14
DA:32,14
DA:33,14
DA:35,14
DA:37,2
DA:42,1
DA:47,2
DA:52,1
DA:58,8
DA:59,8
DA:68,8
DA:70,8
DA:71,1
DA:74,7
DA:79,7
DA:81,7
DA:82,1
DA:85,6
DA:87,6
DA:88,1
DA:91,5
DA:95,5
DA:96,1
DA:98,1
DA:99,1
DA:101,1
DA:104,5
DA:112,4
DA:114,4
DA:115,1
DA:121,3
DA:126,3
DA:128,3
DA:129,1
DA:132,2
DA:133,4
DA:137,4
DA:138,4
DA:139,2
DA:142,2
DA:143,2
DA:145,2
DA:146,1
DA:152,1
DA:167,1
DA:169,1
DA:176,1
LF:64
LH:64
BRDA:19,0,0,1
BRDA:35,1,0,2
BRDA:35,1,1,1
BRDA:35,1,2,2
BRDA:35,1,3,1
BRDA:36,2,0,14
BRDA:36,2,1,12
BRDA:46,3,0,11
BRDA:46,3,1,10
BRDA:70,4,0,1
BRDA:70,5,0,8
BRDA:70,5,1,7
BRDA:81,6,0,1
BRDA:87,7,0,1
BRDA:92,8,0,0
BRDA:92,8,1,5
BRDA:95,9,0,1
BRDA:95,10,0,5
BRDA:95,10,1,4
BRDA:101,11,0,0
BRDA:101,12,0,1
BRDA:101,12,1,1
BRDA:114,13,0,1
BRDA:114,14,0,4
BRDA:114,14,1,3
BRDA:122,15,0,0
BRDA:122,15,1,3
BRDA:128,16,0,1
BRDA:138,17,0,2
BRDA:145,18,0,1
BRDA:145,19,0,2
BRDA:145,19,1,1
BRF:32
BRH:29
end_of_record
TN:
SF:lambda/organization/update/account.ts
FN:8,(anonymous_0)
FNF:1
FNH:1
FNDA:6,(anonymous_0)
DA:1,1
DA:2,1
DA:5,1
DA:6,1
DA:8,1
DA:9,6
DA:10,6
DA:11,6
DA:12,1
DA:18,5
DA:19,5
DA:20,1
DA:26,4
DA:27,1
DA:33,3
DA:34,3
DA:35,1
DA:41,2
DA:51,2
DA:53,1
DA:61,1
DA:62,1
LF:22
LH:22
BRDA:11,0,0,1
BRDA:19,1,0,1
BRDA:26,2,0,1
BRDA:34,3,0,1
BRDA:34,4,0,3
BRDA:34,4,1,3
BRDA:66,5,0,1
BRDA:66,5,1,0
BRF:8
BRH:7
end_of_record
TN:
SF:lambda/shop/getShopApp.ts
FN:9,(anonymous_0)
FNF:1
FNH:1
FNDA:7,(anonymous_0)
DA:1,1
DA:2,1
DA:6,1
DA:7,1
DA:9,1
DA:11,7
DA:12,7
DA:13,7
DA:15,7
DA:16,7
DA:18,7
DA:20,1
DA:22,1
DA:24,1
DA:27,4
DA:28,4
DA:34,4
DA:35,4
DA:37,4
DA:38,1
DA:44,3
DA:51,3
DA:52,3
DA:54,3
DA:55,1
DA:61,2
DA:69,2
DA:70,2
DA:72,2
DA:73,1
DA:76,2
DA:92,2
DA:101,0
DA:102,0
LF:34
LH:32
BRDA:15,0,0,7
BRDA:15,0,1,0
BRDA:18,1,0,1
BRDA:18,1,1,1
BRDA:18,1,2,1
BRDA:19,2,0,7
BRDA:19,2,1,6
BRDA:19,2,2,6
BRDA:37,3,0,1
BRDA:37,4,0,4
BRDA:37,4,1,3
BRDA:37,4,2,3
BRDA:37,4,3,3
BRDA:37,4,4,3
BRDA:54,5,0,1
BRDA:54,6,0,3
BRDA:54,6,1,2
BRDA:72,7,0,1
BRF:18
BRH:17
end_of_record
TN:
SF:lambda/shop/newShop.ts
FN:9,(anonymous_0)
FNF:1
FNH:1
FNDA:16,(anonymous_0)
DA:1,1
DA:2,1
DA:4,1
DA:6,1
DA:7,1
DA:9,1
DA:10,16
DA:11,1
DA:17,15
DA:18,15
DA:19,15
DA:21,15
DA:23,1
DA:25,1
DA:27,1
DA:30,12
DA:31,12
DA:32,11
DA:34,11
DA:35,1
DA:38,10
DA:39,4
DA:45,6
DA:51,6
DA:53,5
DA:54,1
DA:55,4
DA:56,1
DA:59,3
DA:62,3
DA:66,3
DA:67,1
DA:74,2
DA:79,2
DA:80,1
DA:86,1
DA:88,1
DA:104,1
DA:111,1
DA:116,2
DA:117,2
LF:41
LH:41
BRDA:10,0,0,1
BRDA:21,1,0,1
BRDA:21,1,1,1
BRDA:21,1,2,1
BRDA:34,2,0,1
BRDA:38,3,0,4
BRDA:38,4,0,10
BRDA:38,4,1,9
BRDA:38,4,2,8
BRDA:38,4,3,7
BRDA:53,5,0,1
BRDA:53,5,1,4
BRDA:55,6,0,1
BRDA:66,7,0,1
BRDA:79,8,0,1
BRDA:79,9,0,2
BRDA:79,9,1,2
BRF:17
BRH:17
end_of_record
TN:
SF:lambda/user/createUser.ts
FN:10,(anonymous_0)
FNF:1
FNH:1
FNDA:7,(anonymous_0)
DA:1,1
DA:2,1
DA:3,1
DA:6,1
DA:7,1
DA:8,1
DA:10,1
DA:11,7
DA:12,7
DA:13,7
DA:15,7
DA:16,7
DA:18,7
DA:22,7
DA:24,7
DA:25,1
DA:26,1
DA:29,6
DA:30,1
DA:31,1
DA:34,5
DA:49,5
DA:55,5
DA:56,5
DA:58,2
DA:59,1
DA:60,1
DA:62,1
DA:65,3
DA:77,3
DA:79,2
DA:82,3
DA:83,3
LF:33
LH:33
BRDA:24,0,0,1
BRDA:29,1,0,1
BRDA:29,2,0,6
BRDA:29,2,1,5
BRDA:29,2,2,5
BRDA:29,2,3,5
BRDA:29,2,4,5
BRDA:37,3,0,1
BRDA:37,3,1,4
BRDA:58,4,0,1
BRF:10
BRH:10
end_of_record
TN:
SF:lambda/user/createUserBusiness.ts
FN:12,(anonymous_0)
FNF:1
FNH:1
FNDA:6,(anonymous_0)
DA:1,1
DA:2,1
DA:4,1
DA:8,1
DA:9,1
DA:10,1
DA:12,1
DA:13,6
DA:14,6
DA:15,6
DA:17,6
DA:18,6
DA:20,6
DA:21,2
DA:22,2
DA:25,4
DA:45,4
DA:51,4
DA:53,3
DA:65,3
DA:67,2
DA:70,4
DA:71,4
LF:23
LH:23
BRDA:20,0,0,2
BRDA:20,1,0,6
BRDA:20,1,1,6
BRDA:20,1,2,5
BRDA:20,1,3,5
BRDA:20,1,4,5
BRDA:28,2,0,3
BRDA:28,2,1,1
BRF:8
BRH:8
end_of_record
TN:
SF:lambda/user/Plans/getPlan.ts
FN:26,(anonymous_0)
FNF:1
FNH:1
FNDA:9,(anonymous_0)
DA:1,1
DA:2,1
DA:6,1
DA:7,1
DA:26,1
DA:27,9
DA:28,9
DA:29,9
DA:31,9
DA:32,9
DA:34,9
DA:36,1
DA:38,1
DA:40,1
DA:43,6
DA:45,6
DA:51,6
DA:52,5
DA:54,5
DA:55,1
DA:61,4
DA:69,4
DA:70,4
DA:71,4
DA:73,4
DA:74,2
DA:82,2
DA:85,4
DA:103,4
DA:109,1
DA:110,1
LF:31
LH:31
BRDA:31,0,0,9
BRDA:31,0,1,0
BRDA:34,1,0,1
BRDA:34,1,1,1
BRDA:34,1,2,1
BRDA:35,2,0,9
BRDA:35,2,1,8
BRDA:35,2,2,8
BRDA:54,3,0,1
BRDA:73,4,0,2
BRDA:73,4,1,2
BRDA:87,5,0,3
BRDA:87,5,1,1
BRDA:88,6,0,1
BRDA:88,6,1,3
BRDA:90,7,0,4
BRDA:90,7,1,3
BRDA:91,8,0,4
BRDA:91,8,1,3
BRDA:92,9,0,4
BRDA:92,9,1,1
BRDA:93,10,0,4
BRDA:93,10,1,1
BRDA:94,11,0,4
BRDA:94,11,1,3
BRDA:98,12,0,4
BRDA:98,12,1,2
BRF:27
BRH:26
end_of_record
